[5.237s] Invoking command in '/shared/students/turtlebot3_ws/build/turtlebot3_example': DEBUGINFOD_URLS=https://debuginfod.ubuntu.com PYTHONPATH=/shared/students/turtlebot3_ws/build/turtlebot3_example/prefix_override:/usr/lib/python3/dist-packages/colcon_core/task/python/colcon_distutils_commands:/shared/students/turtlebot3_ws/install/turtlebot3_example/lib/python3.12/site-packages:${PYTHONPATH} /usr/bin/python3 -W ignore:setup.py install is deprecated -W ignore:easy_install command is deprecated setup.py develop --editable --build-directory /shared/students/turtlebot3_ws/build/turtlebot3_example/build --no-deps symlink_data
[7.317s] running develop
[8.740s] running egg_info
[8.868s] writing turtlebot3_example.egg-info/PKG-INFO
[8.869s] writing dependency_links to turtlebot3_example.egg-info/dependency_links.txt
[8.875s] writing entry points to turtlebot3_example.egg-info/entry_points.txt
[8.876s] writing requirements to turtlebot3_example.egg-info/requires.txt
[8.877s] writing top-level names to turtlebot3_example.egg-info/top_level.txt
[9.142s] reading manifest file 'turtlebot3_example.egg-info/SOURCES.txt'
[9.148s] writing manifest file 'turtlebot3_example.egg-info/SOURCES.txt'
[9.294s] running build_ext
[9.296s] Creating /shared/students/turtlebot3_ws/install/turtlebot3_example/lib/python3.12/site-packages/turtlebot3-example.egg-link (link to .)
[9.300s] Installing turtlebot3_obstacle_detection script to /shared/students/turtlebot3_ws/install/turtlebot3_example/lib/turtlebot3_example
[9.301s] Installing turtlebot3_patrol_client script to /shared/students/turtlebot3_ws/install/turtlebot3_example/lib/turtlebot3_example
[9.303s] Installing turtlebot3_patrol_server script to /shared/students/turtlebot3_ws/install/turtlebot3_example/lib/turtlebot3_example
[9.304s] Installing turtlebot3_position_control script to /shared/students/turtlebot3_ws/install/turtlebot3_example/lib/turtlebot3_example
[9.307s] 
[9.308s] Installed /shared/students/turtlebot3_ws/build/turtlebot3_example
[9.310s] running symlink_data
[9.522s] Invoked command in '/shared/students/turtlebot3_ws/build/turtlebot3_example' returned '0': DEBUGINFOD_URLS=https://debuginfod.ubuntu.com PYTHONPATH=/shared/students/turtlebot3_ws/build/turtlebot3_example/prefix_override:/usr/lib/python3/dist-packages/colcon_core/task/python/colcon_distutils_commands:/shared/students/turtlebot3_ws/install/turtlebot3_example/lib/python3.12/site-packages:${PYTHONPATH} /usr/bin/python3 -W ignore:setup.py install is deprecated -W ignore:easy_install command is deprecated setup.py develop --editable --build-directory /shared/students/turtlebot3_ws/build/turtlebot3_example/build --no-deps symlink_data
