[5.773s] Invoking command in '/shared/students/turtlebot3_ws/src/ultrasonic_sensor': DEBUGINFOD_URLS=https://debuginfod.ubuntu.com PYTHONPATH=/shared/students/turtlebot3_ws/build/ultrasonic_sensor/prefix_override:/usr/lib/python3/dist-packages/colcon_core/task/python/colcon_distutils_commands:/shared/students/turtlebot3_ws/install/ultrasonic_sensor/lib/python3.12/site-packages:${PYTHONPATH} /usr/bin/python3 -W ignore:setup.py install is deprecated -W ignore:easy_install command is deprecated setup.py egg_info --egg-base ../../build/ultrasonic_sensor build --build-base /shared/students/turtlebot3_ws/build/ultrasonic_sensor/build install --record /shared/students/turtlebot3_ws/build/ultrasonic_sensor/install.log --single-version-externally-managed install_data
[7.379s] running egg_info
[7.381s] creating ../../build/ultrasonic_sensor/ultrasonic_sensor.egg-info
[7.502s] writing ../../build/ultrasonic_sensor/ultrasonic_sensor.egg-info/PKG-INFO
[7.503s] writing dependency_links to ../../build/ultrasonic_sensor/ultrasonic_sensor.egg-info/dependency_links.txt
[7.503s] writing requirements to ../../build/ultrasonic_sensor/ultrasonic_sensor.egg-info/requires.txt
[7.504s] writing top-level names to ../../build/ultrasonic_sensor/ultrasonic_sensor.egg-info/top_level.txt
[7.505s] writing manifest file '../../build/ultrasonic_sensor/ultrasonic_sensor.egg-info/SOURCES.txt'
[7.739s] reading manifest file '../../build/ultrasonic_sensor/ultrasonic_sensor.egg-info/SOURCES.txt'
[7.743s] writing manifest file '../../build/ultrasonic_sensor/ultrasonic_sensor.egg-info/SOURCES.txt'
[7.744s] running build
[7.745s] running build_py
[7.747s] creating /shared/students/turtlebot3_ws/build/ultrasonic_sensor/build
[7.749s] creating /shared/students/turtlebot3_ws/build/ultrasonic_sensor/build/lib
[7.751s] creating /shared/students/turtlebot3_ws/build/ultrasonic_sensor/build/lib/ultrasonic_sensor
[7.752s] copying ultrasonic_sensor/__init__.py -> /shared/students/turtlebot3_ws/build/ultrasonic_sensor/build/lib/ultrasonic_sensor
[7.753s] running install
[7.782s] running install_lib
[7.904s] creating /shared/students/turtlebot3_ws/install/ultrasonic_sensor/lib/python3.12/site-packages/ultrasonic_sensor
[7.905s] copying /shared/students/turtlebot3_ws/build/ultrasonic_sensor/build/lib/ultrasonic_sensor/__init__.py -> /shared/students/turtlebot3_ws/install/ultrasonic_sensor/lib/python3.12/site-packages/ultrasonic_sensor
[7.908s] byte-compiling /shared/students/turtlebot3_ws/install/ultrasonic_sensor/lib/python3.12/site-packages/ultrasonic_sensor/__init__.py to __init__.cpython-312.pyc
[7.910s] running install_data
[7.911s] creating /shared/students/turtlebot3_ws/install/ultrasonic_sensor/share/ament_index
[7.912s] creating /shared/students/turtlebot3_ws/install/ultrasonic_sensor/share/ament_index/resource_index
[7.913s] creating /shared/students/turtlebot3_ws/install/ultrasonic_sensor/share/ament_index/resource_index/packages
[7.913s] copying resource/ultrasonic_sensor -> /shared/students/turtlebot3_ws/install/ultrasonic_sensor/share/ament_index/resource_index/packages
[7.914s] copying package.xml -> /shared/students/turtlebot3_ws/install/ultrasonic_sensor/share/ultrasonic_sensor
[7.915s] running install_egg_info
[8.046s] Copying ../../build/ultrasonic_sensor/ultrasonic_sensor.egg-info to /shared/students/turtlebot3_ws/install/ultrasonic_sensor/lib/python3.12/site-packages/ultrasonic_sensor-0.0.0-py3.12.egg-info
[8.053s] running install_scripts
[8.923s] writing list of installed files to '/shared/students/turtlebot3_ws/build/ultrasonic_sensor/install.log'
[9.088s] Invoked command in '/shared/students/turtlebot3_ws/src/ultrasonic_sensor' returned '0': DEBUGINFOD_URLS=https://debuginfod.ubuntu.com PYTHONPATH=/shared/students/turtlebot3_ws/build/ultrasonic_sensor/prefix_override:/usr/lib/python3/dist-packages/colcon_core/task/python/colcon_distutils_commands:/shared/students/turtlebot3_ws/install/ultrasonic_sensor/lib/python3.12/site-packages:${PYTHONPATH} /usr/bin/python3 -W ignore:setup.py install is deprecated -W ignore:easy_install command is deprecated setup.py egg_info --egg-base ../../build/ultrasonic_sensor build --build-base /shared/students/turtlebot3_ws/build/ultrasonic_sensor/build install --record /shared/students/turtlebot3_ws/build/ultrasonic_sensor/install.log --single-version-externally-managed install_data
