-- Found ament_cmake: 2.5.3 (/opt/ros/jazzy/share/ament_cmake/cmake)
[31mCMake Error at /opt/ros/jazzy/share/ament_cmake_core/cmake/core/stamp.cmake:24 (configure_file):
  Operation not permitted
Call Stack (most recent call first):
  /opt/ros/jazzy/share/ament_cmake_core/cmake/ament_cmake_package_templates-extras.cmake:24 (stamp)
  /opt/ros/jazzy/share/ament_cmake_core/cmake/ament_cmake_coreConfig.cmake:41 (include)
  /opt/ros/jazzy/share/ament_cmake/cmake/ament_cmake_export_dependencies-extras.cmake:15 (find_package)
  /opt/ros/jazzy/share/ament_cmake/cmake/ament_cmakeConfig.cmake:41 (include)
  CMakeLists.txt:18 (find_package)

[0m
-- Override CMake install command with custom implementation using symlinks instead of copying resources
[31mCMake Error at /opt/ros/jazzy/share/ament_cmake_core/cmake/ament_cmake_symlink_install-extras.cmake:53 (configure_file):
  Operation not permitted
Call Stack (most recent call first):
  /opt/ros/jazzy/share/ament_cmake_core/cmake/ament_cmake_coreConfig.cmake:41 (include)
  /opt/ros/jazzy/share/ament_cmake/cmake/ament_cmake_export_dependencies-extras.cmake:15 (find_package)
  /opt/ros/jazzy/share/ament_cmake/cmake/ament_cmakeConfig.cmake:41 (include)
  CMakeLists.txt:18 (find_package)

[0m
[31mCMake Error at /opt/ros/jazzy/share/ament_cmake_test/cmake/ament_cmake_test-extras.cmake:34 (configure_file):
  Operation not permitted
Call Stack (most recent call first):
  /opt/ros/jazzy/share/ament_cmake_test/cmake/ament_cmake_testConfig.cmake:41 (include)
  /opt/ros/jazzy/share/ament_cmake/cmake/ament_cmake_export_dependencies-extras.cmake:21 (find_package)
  /opt/ros/jazzy/share/ament_cmake/cmake/ament_cmakeConfig.cmake:41 (include)
  CMakeLists.txt:18 (find_package)

[0m
-- Found dynamixel_sdk: 3.7.40 (/opt/ros/jazzy/share/dynamixel_sdk/cmake)
-- Found geometry_msgs: 5.3.5 (/opt/ros/jazzy/share/geometry_msgs/cmake)
-- Found rosidl_generator_c: 4.6.5 (/opt/ros/jazzy/share/rosidl_generator_c/cmake)
-- Found rosidl_generator_cpp: 4.6.5 (/opt/ros/jazzy/share/rosidl_generator_cpp/cmake)
-- Using all available rosidl_typesupport_c: rosidl_typesupport_fastrtps_c;rosidl_typesupport_introspection_c
-- Using all available rosidl_typesupport_cpp: rosidl_typesupport_fastrtps_cpp;rosidl_typesupport_introspection_cpp
-- Found message_filters: 4.11.3 (/opt/ros/jazzy/share/message_filters/cmake)
-- Found rmw_implementation_cmake: 7.3.1 (/opt/ros/jazzy/share/rmw_implementation_cmake/cmake)
-- Found rmw_fastrtps_cpp: 8.4.1 (/opt/ros/jazzy/share/rmw_fastrtps_cpp/cmake)
-- Using RMW implementation 'rmw_fastrtps_cpp' as default
-- Found nav_msgs: 5.3.5 (/opt/ros/jazzy/share/nav_msgs/cmake)
-- Found sensor_msgs: 5.3.5 (/opt/ros/jazzy/share/sensor_msgs/cmake)
-- Found std_srvs: 5.3.5 (/opt/ros/jazzy/share/std_srvs/cmake)
-- Found tf2: 0.36.8 (/opt/ros/jazzy/share/tf2/cmake)
-- Found tf2_ros: 0.36.8 (/opt/ros/jazzy/share/tf2_ros/cmake)
-- Found turtlebot3_msgs: 2.2.1 (/opt/ros/jazzy/share/turtlebot3_msgs/cmake)
[31mCMake Error at /opt/ros/jazzy/share/ament_cmake_core/cmake/core/stamp.cmake:24 (configure_file):
  Operation not permitted
Call Stack (most recent call first):
  /opt/ros/jazzy/share/ament_cmake_core/cmake/core/ament_package_xml.cmake:73 (stamp)
  /opt/ros/jazzy/share/ament_cmake_core/cmake/core/ament_package_xml.cmake:49 (_ament_package_xml)
  /opt/ros/jazzy/share/ament_cmake_core/cmake/core/ament_package.cmake:63 (ament_package_xml)
  CMakeLists.txt:94 (ament_package)

[0m
[31mCMake Error at /opt/ros/jazzy/share/ament_cmake_core/cmake/core/stamp.cmake:24 (configure_file):
  Operation not permitted
Call Stack (most recent call first):
  /opt/ros/jazzy/share/ament_cmake_core/cmake/environment_hooks/ament_environment_hooks.cmake:37 (stamp)
  /opt/ros/jazzy/share/ament_cmake_core/cmake/environment_hooks/ament_cmake_environment_hooks_package_hook.cmake:20 (ament_environment_hooks)
  /opt/ros/jazzy/share/ament_cmake_core/cmake/core/ament_execute_extensions.cmake:48 (include)
  /opt/ros/jazzy/share/ament_cmake_core/cmake/core/ament_package.cmake:66 (ament_execute_extensions)
  CMakeLists.txt:94 (ament_package)

[0m
[31mCMake Error at /opt/ros/jazzy/share/ament_cmake_core/cmake/core/stamp.cmake:24 (configure_file):
  Operation not permitted
Call Stack (most recent call first):
  /opt/ros/jazzy/share/ament_cmake_core/cmake/environment_hooks/ament_environment_hooks.cmake:37 (stamp)
  /opt/ros/jazzy/share/ament_cmake_core/cmake/environment_hooks/ament_cmake_environment_hooks_package_hook.cmake:20 (ament_environment_hooks)
  /opt/ros/jazzy/share/ament_cmake_core/cmake/core/ament_execute_extensions.cmake:48 (include)
  /opt/ros/jazzy/share/ament_cmake_core/cmake/core/ament_package.cmake:66 (ament_execute_extensions)
  CMakeLists.txt:94 (ament_package)

[0m
[31mCMake Error at /opt/ros/jazzy/share/ament_cmake_core/cmake/environment_hooks/ament_generate_package_environment.cmake:73 (configure_file):
  Operation not permitted
Call Stack (most recent call first):
  /opt/ros/jazzy/share/ament_cmake_core/cmake/environment_hooks/ament_cmake_environment_hooks_package_hook.cmake:26 (ament_generate_package_environment)
  /opt/ros/jazzy/share/ament_cmake_core/cmake/core/ament_execute_extensions.cmake:48 (include)
  /opt/ros/jazzy/share/ament_cmake_core/cmake/core/ament_package.cmake:66 (ament_execute_extensions)
  CMakeLists.txt:94 (ament_package)

[0m
[31mCMake Error at /opt/ros/jazzy/share/ament_cmake_core/cmake/environment_hooks/ament_generate_package_environment.cmake:73 (configure_file):
  Operation not permitted
Call Stack (most recent call first):
  /opt/ros/jazzy/share/ament_cmake_core/cmake/environment_hooks/ament_cmake_environment_hooks_package_hook.cmake:26 (ament_generate_package_environment)
  /opt/ros/jazzy/share/ament_cmake_core/cmake/core/ament_execute_extensions.cmake:48 (include)
  /opt/ros/jazzy/share/ament_cmake_core/cmake/core/ament_package.cmake:66 (ament_execute_extensions)
  CMakeLists.txt:94 (ament_package)

[0m
[31mCMake Error at /opt/ros/jazzy/share/ament_cmake_core/cmake/environment_hooks/ament_generate_package_environment.cmake:73 (configure_file):
  Operation not permitted
Call Stack (most recent call first):
  /opt/ros/jazzy/share/ament_cmake_core/cmake/environment_hooks/ament_cmake_environment_hooks_package_hook.cmake:26 (ament_generate_package_environment)
  /opt/ros/jazzy/share/ament_cmake_core/cmake/core/ament_execute_extensions.cmake:48 (include)
  /opt/ros/jazzy/share/ament_cmake_core/cmake/core/ament_package.cmake:66 (ament_execute_extensions)
  CMakeLists.txt:94 (ament_package)

[0m
[31mCMake Error at /opt/ros/jazzy/share/ament_cmake_export_include_directories/cmake/ament_cmake_export_include_directories_package_hook.cmake:23 (configure_file):
  Operation not permitted
Call Stack (most recent call first):
  /opt/ros/jazzy/share/ament_cmake_core/cmake/core/ament_execute_extensions.cmake:48 (include)
  /opt/ros/jazzy/share/ament_cmake_core/cmake/core/ament_package.cmake:66 (ament_execute_extensions)
  CMakeLists.txt:94 (ament_package)

[0m
[31mCMake Error at /opt/ros/jazzy/share/ament_cmake_core/cmake/core/stamp.cmake:24 (configure_file):
  Operation not permitted
Call Stack (most recent call first):
  /opt/ros/jazzy/share/ament_cmake_core/cmake/core/ament_package.cmake:100 (stamp)
  /opt/ros/jazzy/share/ament_cmake_core/cmake/core/ament_package.cmake:68 (_ament_package)
  CMakeLists.txt:94 (ament_package)

[0m
[31mCMake Error at /opt/ros/jazzy/share/ament_cmake_core/cmake/core/stamp.cmake:24 (configure_file):
  Operation not permitted
Call Stack (most recent call first):
  /opt/ros/jazzy/share/ament_cmake_core/cmake/core/ament_package.cmake:135 (stamp)
  /opt/ros/jazzy/share/ament_cmake_core/cmake/core/ament_package.cmake:68 (_ament_package)
  CMakeLists.txt:94 (ament_package)

[0m
-- Configuring incomplete, errors occurred!
