[0.184s] Invoking command in '/shared/students/turtlebot3_ws/build/turtlebot3_node': CMAKE_PREFIX_PATH=${CMAKE_PREFIX_PATH}:/home/Michael/shared_students/ultrasonic_test/ultrasonic_test_ws/install/ultrasonic_test:/home/Michael/shared_students/turtlebot3_ws/install/ultrasonic_sensor:/home/Michael/shared_students/turtlebot3_ws/install/turtlebot3_teleop:/home/Michael/shared_students/turtlebot3_ws/install/turtlebot3_example:/opt/ros/jazzy DEBUGINFOD_URLS=https://debuginfod.ubuntu.com /usr/bin/cmake /shared/students/turtlebot3_ws/src/turtlebot3/turtlebot3_node -DCMAKE_INSTALL_PREFIX=/shared/students/turtlebot3_ws/install/turtlebot3_node
[2.020s] -- Found ament_cmake: 2.5.3 (/opt/ros/jazzy/share/ament_cmake/cmake)
[2.021s] [31mCMake Error at /opt/ros/jazzy/share/ament_cmake_core/cmake/core/stamp.cmake:24 (configure_file):
[2.021s]   Operation not permitted
[2.022s] Call Stack (most recent call first):
[2.023s]   /opt/ros/jazzy/share/ament_cmake_core/cmake/ament_cmake_package_templates-extras.cmake:24 (stamp)
[2.024s]   /opt/ros/jazzy/share/ament_cmake_core/cmake/ament_cmake_coreConfig.cmake:41 (include)
[2.025s]   /opt/ros/jazzy/share/ament_cmake/cmake/ament_cmake_export_dependencies-extras.cmake:15 (find_package)
[2.026s]   /opt/ros/jazzy/share/ament_cmake/cmake/ament_cmakeConfig.cmake:41 (include)
[2.027s]   CMakeLists.txt:18 (find_package)
[2.028s] 
[2.029s] [0m
[2.257s] -- Override CMake install command with custom implementation using symlinks instead of copying resources
[2.287s] [31mCMake Error at /opt/ros/jazzy/share/ament_cmake_core/cmake/ament_cmake_symlink_install-extras.cmake:53 (configure_file):
[2.287s]   Operation not permitted
[2.288s] Call Stack (most recent call first):
[2.289s]   /opt/ros/jazzy/share/ament_cmake_core/cmake/ament_cmake_coreConfig.cmake:41 (include)
[2.290s]   /opt/ros/jazzy/share/ament_cmake/cmake/ament_cmake_export_dependencies-extras.cmake:15 (find_package)
[2.290s]   /opt/ros/jazzy/share/ament_cmake/cmake/ament_cmakeConfig.cmake:41 (include)
[2.291s]   CMakeLists.txt:18 (find_package)
[2.292s] 
[2.292s] [0m
[2.381s] [31mCMake Error at /opt/ros/jazzy/share/ament_cmake_test/cmake/ament_cmake_test-extras.cmake:34 (configure_file):
[2.382s]   Operation not permitted
[2.383s] Call Stack (most recent call first):
[2.384s]   /opt/ros/jazzy/share/ament_cmake_test/cmake/ament_cmake_testConfig.cmake:41 (include)
[2.384s]   /opt/ros/jazzy/share/ament_cmake/cmake/ament_cmake_export_dependencies-extras.cmake:21 (find_package)
[2.385s]   /opt/ros/jazzy/share/ament_cmake/cmake/ament_cmakeConfig.cmake:41 (include)
[2.386s]   CMakeLists.txt:18 (find_package)
[2.387s] 
[2.387s] [0m
[2.396s] -- Found dynamixel_sdk: 3.7.40 (/opt/ros/jazzy/share/dynamixel_sdk/cmake)
[2.418s] -- Found geometry_msgs: 5.3.5 (/opt/ros/jazzy/share/geometry_msgs/cmake)
[2.794s] -- Found rosidl_generator_c: 4.6.5 (/opt/ros/jazzy/share/rosidl_generator_c/cmake)
[2.847s] -- Found rosidl_generator_cpp: 4.6.5 (/opt/ros/jazzy/share/rosidl_generator_cpp/cmake)
[2.949s] -- Using all available rosidl_typesupport_c: rosidl_typesupport_fastrtps_c;rosidl_typesupport_introspection_c
[3.054s] -- Using all available rosidl_typesupport_cpp: rosidl_typesupport_fastrtps_cpp;rosidl_typesupport_introspection_cpp
[3.366s] -- Found message_filters: 4.11.3 (/opt/ros/jazzy/share/message_filters/cmake)
[3.812s] -- Found rmw_implementation_cmake: 7.3.1 (/opt/ros/jazzy/share/rmw_implementation_cmake/cmake)
[3.831s] -- Found rmw_fastrtps_cpp: 8.4.1 (/opt/ros/jazzy/share/rmw_fastrtps_cpp/cmake)
[4.289s] -- Using RMW implementation 'rmw_fastrtps_cpp' as default
[4.719s] -- Found nav_msgs: 5.3.5 (/opt/ros/jazzy/share/nav_msgs/cmake)
[4.879s] -- Found sensor_msgs: 5.3.5 (/opt/ros/jazzy/share/sensor_msgs/cmake)
[5.230s] -- Found std_srvs: 5.3.5 (/opt/ros/jazzy/share/std_srvs/cmake)
[5.335s] -- Found tf2: 0.36.8 (/opt/ros/jazzy/share/tf2/cmake)
[5.363s] -- Found tf2_ros: 0.36.8 (/opt/ros/jazzy/share/tf2_ros/cmake)
[6.053s] -- Found turtlebot3_msgs: 2.2.1 (/opt/ros/jazzy/share/turtlebot3_msgs/cmake)
[6.265s] [31mCMake Error at /opt/ros/jazzy/share/ament_cmake_core/cmake/core/stamp.cmake:24 (configure_file):
[6.266s]   Operation not permitted
[6.267s] Call Stack (most recent call first):
[6.267s]   /opt/ros/jazzy/share/ament_cmake_core/cmake/core/ament_package_xml.cmake:73 (stamp)
[6.269s]   /opt/ros/jazzy/share/ament_cmake_core/cmake/core/ament_package_xml.cmake:49 (_ament_package_xml)
[6.269s]   /opt/ros/jazzy/share/ament_cmake_core/cmake/core/ament_package.cmake:63 (ament_package_xml)
[6.270s]   CMakeLists.txt:94 (ament_package)
[6.271s] 
[6.272s] [0m
[6.274s] [31mCMake Error at /opt/ros/jazzy/share/ament_cmake_core/cmake/core/stamp.cmake:24 (configure_file):
[6.274s]   Operation not permitted
[6.275s] Call Stack (most recent call first):
[6.276s]   /opt/ros/jazzy/share/ament_cmake_core/cmake/environment_hooks/ament_environment_hooks.cmake:37 (stamp)
[6.277s]   /opt/ros/jazzy/share/ament_cmake_core/cmake/environment_hooks/ament_cmake_environment_hooks_package_hook.cmake:20 (ament_environment_hooks)
[6.277s]   /opt/ros/jazzy/share/ament_cmake_core/cmake/core/ament_execute_extensions.cmake:48 (include)
[6.278s]   /opt/ros/jazzy/share/ament_cmake_core/cmake/core/ament_package.cmake:66 (ament_execute_extensions)
[6.279s]   CMakeLists.txt:94 (ament_package)
[6.279s] 
[6.280s] [0m
[6.280s] [31mCMake Error at /opt/ros/jazzy/share/ament_cmake_core/cmake/core/stamp.cmake:24 (configure_file):
[6.281s]   Operation not permitted
[6.282s] Call Stack (most recent call first):
[6.283s]   /opt/ros/jazzy/share/ament_cmake_core/cmake/environment_hooks/ament_environment_hooks.cmake:37 (stamp)
[6.283s]   /opt/ros/jazzy/share/ament_cmake_core/cmake/environment_hooks/ament_cmake_environment_hooks_package_hook.cmake:20 (ament_environment_hooks)
[6.284s]   /opt/ros/jazzy/share/ament_cmake_core/cmake/core/ament_execute_extensions.cmake:48 (include)
[6.285s]   /opt/ros/jazzy/share/ament_cmake_core/cmake/core/ament_package.cmake:66 (ament_execute_extensions)
[6.286s]   CMakeLists.txt:94 (ament_package)
[6.286s] 
[6.287s] [0m
[6.288s] [31mCMake Error at /opt/ros/jazzy/share/ament_cmake_core/cmake/environment_hooks/ament_generate_package_environment.cmake:73 (configure_file):
[6.288s]   Operation not permitted
[6.289s] Call Stack (most recent call first):
[6.289s]   /opt/ros/jazzy/share/ament_cmake_core/cmake/environment_hooks/ament_cmake_environment_hooks_package_hook.cmake:26 (ament_generate_package_environment)
[6.290s]   /opt/ros/jazzy/share/ament_cmake_core/cmake/core/ament_execute_extensions.cmake:48 (include)
[6.290s]   /opt/ros/jazzy/share/ament_cmake_core/cmake/core/ament_package.cmake:66 (ament_execute_extensions)
[6.291s]   CMakeLists.txt:94 (ament_package)
[6.292s] 
[6.292s] [0m
[6.293s] [31mCMake Error at /opt/ros/jazzy/share/ament_cmake_core/cmake/environment_hooks/ament_generate_package_environment.cmake:73 (configure_file):
[6.293s]   Operation not permitted
[6.294s] Call Stack (most recent call first):
[6.295s]   /opt/ros/jazzy/share/ament_cmake_core/cmake/environment_hooks/ament_cmake_environment_hooks_package_hook.cmake:26 (ament_generate_package_environment)
[6.295s]   /opt/ros/jazzy/share/ament_cmake_core/cmake/core/ament_execute_extensions.cmake:48 (include)
[6.296s]   /opt/ros/jazzy/share/ament_cmake_core/cmake/core/ament_package.cmake:66 (ament_execute_extensions)
[6.296s]   CMakeLists.txt:94 (ament_package)
[6.297s] 
[6.297s] [0m
[6.298s] [31mCMake Error at /opt/ros/jazzy/share/ament_cmake_core/cmake/environment_hooks/ament_generate_package_environment.cmake:73 (configure_file):
[6.298s]   Operation not permitted
[6.299s] Call Stack (most recent call first):
[6.300s]   /opt/ros/jazzy/share/ament_cmake_core/cmake/environment_hooks/ament_cmake_environment_hooks_package_hook.cmake:26 (ament_generate_package_environment)
[6.300s]   /opt/ros/jazzy/share/ament_cmake_core/cmake/core/ament_execute_extensions.cmake:48 (include)
[6.301s]   /opt/ros/jazzy/share/ament_cmake_core/cmake/core/ament_package.cmake:66 (ament_execute_extensions)
[6.302s]   CMakeLists.txt:94 (ament_package)
[6.302s] 
[6.303s] [0m
[6.303s] [31mCMake Error at /opt/ros/jazzy/share/ament_cmake_export_include_directories/cmake/ament_cmake_export_include_directories_package_hook.cmake:23 (configure_file):
[6.304s]   Operation not permitted
[6.305s] Call Stack (most recent call first):
[6.306s]   /opt/ros/jazzy/share/ament_cmake_core/cmake/core/ament_execute_extensions.cmake:48 (include)
[6.306s]   /opt/ros/jazzy/share/ament_cmake_core/cmake/core/ament_package.cmake:66 (ament_execute_extensions)
[6.307s]   CMakeLists.txt:94 (ament_package)
[6.307s] 
[6.308s] [0m
[6.308s] [31mCMake Error at /opt/ros/jazzy/share/ament_cmake_core/cmake/core/stamp.cmake:24 (configure_file):
[6.309s]   Operation not permitted
[6.310s] Call Stack (most recent call first):
[6.310s]   /opt/ros/jazzy/share/ament_cmake_core/cmake/core/ament_package.cmake:100 (stamp)
[6.311s]   /opt/ros/jazzy/share/ament_cmake_core/cmake/core/ament_package.cmake:68 (_ament_package)
[6.312s]   CMakeLists.txt:94 (ament_package)
[6.313s] 
[6.314s] [0m
[6.314s] [31mCMake Error at /opt/ros/jazzy/share/ament_cmake_core/cmake/core/stamp.cmake:24 (configure_file):
[6.315s]   Operation not permitted
[6.316s] Call Stack (most recent call first):
[6.316s]   /opt/ros/jazzy/share/ament_cmake_core/cmake/core/ament_package.cmake:135 (stamp)
[6.318s]   /opt/ros/jazzy/share/ament_cmake_core/cmake/core/ament_package.cmake:68 (_ament_package)
[6.319s]   CMakeLists.txt:94 (ament_package)
[6.320s] 
[6.321s] [0m
[6.322s] -- Configuring incomplete, errors occurred!
