running egg_info
creating ../../build/ultrasonic/ultrasonic.egg-info
writing ../../build/ultrasonic/ultrasonic.egg-info/PKG-INFO
writing dependency_links to ../../build/ultrasonic/ultrasonic.egg-info/dependency_links.txt
writing entry points to ../../build/ultrasonic/ultrasonic.egg-info/entry_points.txt
writing requirements to ../../build/ultrasonic/ultrasonic.egg-info/requires.txt
writing top-level names to ../../build/ultrasonic/ultrasonic.egg-info/top_level.txt
writing manifest file '../../build/ultrasonic/ultrasonic.egg-info/SOURCES.txt'
reading manifest file '../../build/ultrasonic/ultrasonic.egg-info/SOURCES.txt'
writing manifest file '../../build/ultrasonic/ultrasonic.egg-info/SOURCES.txt'
running build
running build_py
creating /shared/students/turtlebot3_ws/build/ultrasonic/build
creating /shared/students/turtlebot3_ws/build/ultrasonic/build/lib
creating /shared/students/turtlebot3_ws/build/ultrasonic/build/lib/ultrasonic
copying ultrasonic/__init__.py -> /shared/students/turtlebot3_ws/build/ultrasonic/build/lib/ultrasonic
copying ultrasonic/ultrasonic.py -> /shared/students/turtlebot3_ws/build/ultrasonic/build/lib/ultrasonic
running install
running install_lib
creating /shared/students/turtlebot3_ws/install/ultrasonic/lib/python3.12/site-packages/ultrasonic
copying /shared/students/turtlebot3_ws/build/ultrasonic/build/lib/ultrasonic/__init__.py -> /shared/students/turtlebot3_ws/install/ultrasonic/lib/python3.12/site-packages/ultrasonic
copying /shared/students/turtlebot3_ws/build/ultrasonic/build/lib/ultrasonic/ultrasonic.py -> /shared/students/turtlebot3_ws/install/ultrasonic/lib/python3.12/site-packages/ultrasonic
byte-compiling /shared/students/turtlebot3_ws/install/ultrasonic/lib/python3.12/site-packages/ultrasonic/__init__.py to __init__.cpython-312.pyc
byte-compiling /shared/students/turtlebot3_ws/install/ultrasonic/lib/python3.12/site-packages/ultrasonic/ultrasonic.py to ultrasonic.cpython-312.pyc
running install_data
creating /shared/students/turtlebot3_ws/install/ultrasonic/share/ament_index
creating /shared/students/turtlebot3_ws/install/ultrasonic/share/ament_index/resource_index
creating /shared/students/turtlebot3_ws/install/ultrasonic/share/ament_index/resource_index/packages
copying resource/ultrasonic -> /shared/students/turtlebot3_ws/install/ultrasonic/share/ament_index/resource_index/packages
copying package.xml -> /shared/students/turtlebot3_ws/install/ultrasonic/share/ultrasonic
running install_egg_info
Copying ../../build/ultrasonic/ultrasonic.egg-info to /shared/students/turtlebot3_ws/install/ultrasonic/lib/python3.12/site-packages/ultrasonic-0.0.0-py3.12.egg-info
running install_scripts
Installing ultrasonic script to /shared/students/turtlebot3_ws/install/ultrasonic/lib/ultrasonic
writing list of installed files to '/shared/students/turtlebot3_ws/build/ultrasonic/install.log'
