[4.544s] Invoking command in '/shared/students/turtlebot3_ws/src/ultrasonic': DEBUGINFOD_URLS=https://debuginfod.ubuntu.com PYTHONPATH=/shared/students/turtlebot3_ws/build/ultrasonic/prefix_override:/usr/lib/python3/dist-packages/colcon_core/task/python/colcon_distutils_commands:/shared/students/turtlebot3_ws/install/ultrasonic/lib/python3.12/site-packages:${PYTHONPATH} /usr/bin/python3 -W ignore:setup.py install is deprecated -W ignore:easy_install command is deprecated setup.py egg_info --egg-base ../../build/ultrasonic build --build-base /shared/students/turtlebot3_ws/build/ultrasonic/build install --record /shared/students/turtlebot3_ws/build/ultrasonic/install.log --single-version-externally-managed install_data
[6.049s] running egg_info
[6.051s] creating ../../build/ultrasonic/ultrasonic.egg-info
[6.162s] writing ../../build/ultrasonic/ultrasonic.egg-info/PKG-INFO
[6.163s] writing dependency_links to ../../build/ultrasonic/ultrasonic.egg-info/dependency_links.txt
[6.164s] writing entry points to ../../build/ultrasonic/ultrasonic.egg-info/entry_points.txt
[6.165s] writing requirements to ../../build/ultrasonic/ultrasonic.egg-info/requires.txt
[6.166s] writing top-level names to ../../build/ultrasonic/ultrasonic.egg-info/top_level.txt
[6.166s] writing manifest file '../../build/ultrasonic/ultrasonic.egg-info/SOURCES.txt'
[6.386s] reading manifest file '../../build/ultrasonic/ultrasonic.egg-info/SOURCES.txt'
[6.389s] writing manifest file '../../build/ultrasonic/ultrasonic.egg-info/SOURCES.txt'
[6.389s] running build
[6.390s] running build_py
[6.391s] creating /shared/students/turtlebot3_ws/build/ultrasonic/build
[6.391s] creating /shared/students/turtlebot3_ws/build/ultrasonic/build/lib
[6.392s] creating /shared/students/turtlebot3_ws/build/ultrasonic/build/lib/ultrasonic
[6.393s] copying ultrasonic/__init__.py -> /shared/students/turtlebot3_ws/build/ultrasonic/build/lib/ultrasonic
[6.393s] copying ultrasonic/ultrasonic.py -> /shared/students/turtlebot3_ws/build/ultrasonic/build/lib/ultrasonic
[6.395s] running install
[6.426s] running install_lib
[6.536s] creating /shared/students/turtlebot3_ws/install/ultrasonic/lib/python3.12/site-packages/ultrasonic
[6.537s] copying /shared/students/turtlebot3_ws/build/ultrasonic/build/lib/ultrasonic/__init__.py -> /shared/students/turtlebot3_ws/install/ultrasonic/lib/python3.12/site-packages/ultrasonic
[6.538s] copying /shared/students/turtlebot3_ws/build/ultrasonic/build/lib/ultrasonic/ultrasonic.py -> /shared/students/turtlebot3_ws/install/ultrasonic/lib/python3.12/site-packages/ultrasonic
[6.541s] byte-compiling /shared/students/turtlebot3_ws/install/ultrasonic/lib/python3.12/site-packages/ultrasonic/__init__.py to __init__.cpython-312.pyc
[6.543s] byte-compiling /shared/students/turtlebot3_ws/install/ultrasonic/lib/python3.12/site-packages/ultrasonic/ultrasonic.py to ultrasonic.cpython-312.pyc
[6.547s] running install_data
[6.547s] creating /shared/students/turtlebot3_ws/install/ultrasonic/share/ament_index
[6.548s] creating /shared/students/turtlebot3_ws/install/ultrasonic/share/ament_index/resource_index
[6.549s] creating /shared/students/turtlebot3_ws/install/ultrasonic/share/ament_index/resource_index/packages
[6.550s] copying resource/ultrasonic -> /shared/students/turtlebot3_ws/install/ultrasonic/share/ament_index/resource_index/packages
[6.550s] copying package.xml -> /shared/students/turtlebot3_ws/install/ultrasonic/share/ultrasonic
[6.551s] running install_egg_info
[6.669s] Copying ../../build/ultrasonic/ultrasonic.egg-info to /shared/students/turtlebot3_ws/install/ultrasonic/lib/python3.12/site-packages/ultrasonic-0.0.0-py3.12.egg-info
[6.678s] running install_scripts
[7.495s] Installing ultrasonic script to /shared/students/turtlebot3_ws/install/ultrasonic/lib/ultrasonic
[7.497s] writing list of installed files to '/shared/students/turtlebot3_ws/build/ultrasonic/install.log'
[7.654s] Invoked command in '/shared/students/turtlebot3_ws/src/ultrasonic' returned '0': DEBUGINFOD_URLS=https://debuginfod.ubuntu.com PYTHONPATH=/shared/students/turtlebot3_ws/build/ultrasonic/prefix_override:/usr/lib/python3/dist-packages/colcon_core/task/python/colcon_distutils_commands:/shared/students/turtlebot3_ws/install/ultrasonic/lib/python3.12/site-packages:${PYTHONPATH} /usr/bin/python3 -W ignore:setup.py install is deprecated -W ignore:easy_install command is deprecated setup.py egg_info --egg-base ../../build/ultrasonic build --build-base /shared/students/turtlebot3_ws/build/ultrasonic/build install --record /shared/students/turtlebot3_ws/build/ultrasonic/install.log --single-version-externally-managed install_data
