[4.601s] Invoking command in '/shared/students/turtlebot3_ws/src/ultrasonic': DEBUGINFOD_URLS=https://debuginfod.ubuntu.com PYTHONPATH=/shared/students/turtlebot3_ws/src/build/ultrasonic/prefix_override:/usr/lib/python3/dist-packages/colcon_core/task/python/colcon_distutils_commands:/shared/students/turtlebot3_ws/src/install/ultrasonic/lib/python3.12/site-packages:${PYTHONPATH} /usr/bin/python3 -W ignore:setup.py install is deprecated -W ignore:easy_install command is deprecated setup.py egg_info --egg-base ../build/ultrasonic build --build-base /shared/students/turtlebot3_ws/src/build/ultrasonic/build install --record /shared/students/turtlebot3_ws/src/build/ultrasonic/install.log --single-version-externally-managed install_data
[6.139s] running egg_info
[6.141s] creating ../build/ultrasonic/ultrasonic.egg-info
[6.248s] writing ../build/ultrasonic/ultrasonic.egg-info/PKG-INFO
[6.250s] writing dependency_links to ../build/ultrasonic/ultrasonic.egg-info/dependency_links.txt
[6.251s] writing entry points to ../build/ultrasonic/ultrasonic.egg-info/entry_points.txt
[6.252s] writing requirements to ../build/ultrasonic/ultrasonic.egg-info/requires.txt
[6.253s] writing top-level names to ../build/ultrasonic/ultrasonic.egg-info/top_level.txt
[6.253s] writing manifest file '../build/ultrasonic/ultrasonic.egg-info/SOURCES.txt'
[6.478s] reading manifest file '../build/ultrasonic/ultrasonic.egg-info/SOURCES.txt'
[6.482s] writing manifest file '../build/ultrasonic/ultrasonic.egg-info/SOURCES.txt'
[6.482s] running build
[6.483s] running build_py
[6.484s] creating /shared/students/turtlebot3_ws/src/build/ultrasonic/build
[6.484s] creating /shared/students/turtlebot3_ws/src/build/ultrasonic/build/lib
[6.485s] creating /shared/students/turtlebot3_ws/src/build/ultrasonic/build/lib/ultrasonic
[6.486s] copying ultrasonic/__init__.py -> /shared/students/turtlebot3_ws/src/build/ultrasonic/build/lib/ultrasonic
[6.486s] copying ultrasonic/ultrasonic_publisher.py -> /shared/students/turtlebot3_ws/src/build/ultrasonic/build/lib/ultrasonic
[6.487s] copying ultrasonic/ultrasonic.py -> /shared/students/turtlebot3_ws/src/build/ultrasonic/build/lib/ultrasonic
[6.488s] copying ultrasonic/ultrasonic_subscriber.py -> /shared/students/turtlebot3_ws/src/build/ultrasonic/build/lib/ultrasonic
[6.490s] running install
[6.519s] running install_lib
[6.629s] creating /shared/students/turtlebot3_ws/src/install/ultrasonic/lib/python3.12/site-packages/ultrasonic
[6.629s] copying /shared/students/turtlebot3_ws/src/build/ultrasonic/build/lib/ultrasonic/__init__.py -> /shared/students/turtlebot3_ws/src/install/ultrasonic/lib/python3.12/site-packages/ultrasonic
[6.630s] copying /shared/students/turtlebot3_ws/src/build/ultrasonic/build/lib/ultrasonic/ultrasonic_publisher.py -> /shared/students/turtlebot3_ws/src/install/ultrasonic/lib/python3.12/site-packages/ultrasonic
[6.632s] copying /shared/students/turtlebot3_ws/src/build/ultrasonic/build/lib/ultrasonic/ultrasonic.py -> /shared/students/turtlebot3_ws/src/install/ultrasonic/lib/python3.12/site-packages/ultrasonic
[6.633s] copying /shared/students/turtlebot3_ws/src/build/ultrasonic/build/lib/ultrasonic/ultrasonic_subscriber.py -> /shared/students/turtlebot3_ws/src/install/ultrasonic/lib/python3.12/site-packages/ultrasonic
[6.637s] byte-compiling /shared/students/turtlebot3_ws/src/install/ultrasonic/lib/python3.12/site-packages/ultrasonic/__init__.py to __init__.cpython-312.pyc
[6.638s] byte-compiling /shared/students/turtlebot3_ws/src/install/ultrasonic/lib/python3.12/site-packages/ultrasonic/ultrasonic_publisher.py to ultrasonic_publisher.cpython-312.pyc
[6.642s] byte-compiling /shared/students/turtlebot3_ws/src/install/ultrasonic/lib/python3.12/site-packages/ultrasonic/ultrasonic.py to ultrasonic.cpython-312.pyc
[6.645s] byte-compiling /shared/students/turtlebot3_ws/src/install/ultrasonic/lib/python3.12/site-packages/ultrasonic/ultrasonic_subscriber.py to ultrasonic_subscriber.cpython-312.pyc
[6.648s] running install_data
[6.649s] creating /shared/students/turtlebot3_ws/src/install/ultrasonic/share/ament_index
[6.649s] creating /shared/students/turtlebot3_ws/src/install/ultrasonic/share/ament_index/resource_index
[6.650s] creating /shared/students/turtlebot3_ws/src/install/ultrasonic/share/ament_index/resource_index/packages
[6.651s] copying resource/ultrasonic -> /shared/students/turtlebot3_ws/src/install/ultrasonic/share/ament_index/resource_index/packages
[6.652s] copying package.xml -> /shared/students/turtlebot3_ws/src/install/ultrasonic/share/ultrasonic
[6.653s] running install_egg_info
[6.768s] Copying ../build/ultrasonic/ultrasonic.egg-info to /shared/students/turtlebot3_ws/src/install/ultrasonic/lib/python3.12/site-packages/ultrasonic-0.0.0-py3.12.egg-info
[6.776s] running install_scripts
[7.593s] Installing ultrasonic_publisher script to /shared/students/turtlebot3_ws/src/install/ultrasonic/lib/ultrasonic
[7.596s] Installing ultrasonic_subscriber script to /shared/students/turtlebot3_ws/src/install/ultrasonic/lib/ultrasonic
[7.597s] writing list of installed files to '/shared/students/turtlebot3_ws/src/build/ultrasonic/install.log'
[7.755s] Invoked command in '/shared/students/turtlebot3_ws/src/ultrasonic' returned '0': DEBUGINFOD_URLS=https://debuginfod.ubuntu.com PYTHONPATH=/shared/students/turtlebot3_ws/src/build/ultrasonic/prefix_override:/usr/lib/python3/dist-packages/colcon_core/task/python/colcon_distutils_commands:/shared/students/turtlebot3_ws/src/install/ultrasonic/lib/python3.12/site-packages:${PYTHONPATH} /usr/bin/python3 -W ignore:setup.py install is deprecated -W ignore:easy_install command is deprecated setup.py egg_info --egg-base ../build/ultrasonic build --build-base /shared/students/turtlebot3_ws/src/build/ultrasonic/build install --record /shared/students/turtlebot3_ws/src/build/ultrasonic/install.log --single-version-externally-managed install_data
