[0.058s] Invoking command in '/shared/students/turtlebot3_ws/build/ld08_driver': CMAKE_PREFIX_PATH=${CMAKE_PREFIX_PATH}:/opt/ros/jazzy DEBUGINFOD_URLS=https://debuginfod.ubuntu.com /usr/bin/cmake --build /shared/students/turtlebot3_ws/build/ld08_driver -- -j4 -l4
[0.510s] [100%] Built target ld08_driver
[0.578s] Invoked command in '/shared/students/turtlebot3_ws/build/ld08_driver' returned '0': CMAKE_PREFIX_PATH=${CMAKE_PREFIX_PATH}:/opt/ros/jazzy DEBUGINFOD_URLS=https://debuginfod.ubuntu.com /usr/bin/cmake --build /shared/students/turtlebot3_ws/build/ld08_driver -- -j4 -l4
[0.586s] Invoking command in '/shared/students/turtlebot3_ws/build/ld08_driver': CMAKE_PREFIX_PATH=${CMAKE_PREFIX_PATH}:/opt/ros/jazzy DEBUGINFOD_URLS=https://debuginfod.ubuntu.com /usr/bin/cmake --install /shared/students/turtlebot3_ws/build/ld08_driver
[0.637s] -- Install configuration: ""
[0.640s] -- Execute custom install script
[0.642s] -- Up-to-date symlink: /shared/students/turtlebot3_ws/install/ld08_driver/share/ld08_driver/launch/ld08.launch.py
[0.644s] -- Up-to-date symlink: /shared/students/turtlebot3_ws/install/ld08_driver/lib/ld08_driver/ld08_driver
[0.646s] -- Up-to-date symlink: /shared/students/turtlebot3_ws/install/ld08_driver/share/ament_index/resource_index/package_run_dependencies/ld08_driver
[0.647s] -- Up-to-date symlink: /shared/students/turtlebot3_ws/install/ld08_driver/share/ament_index/resource_index/parent_prefix_path/ld08_driver
[0.648s] -- Up-to-date symlink: /shared/students/turtlebot3_ws/install/ld08_driver/share/ld08_driver/environment/ament_prefix_path.sh
[0.650s] -- Up-to-date symlink: /shared/students/turtlebot3_ws/install/ld08_driver/share/ld08_driver/environment/ament_prefix_path.dsv
[0.651s] -- Up-to-date symlink: /shared/students/turtlebot3_ws/install/ld08_driver/share/ld08_driver/environment/path.sh
[0.652s] -- Up-to-date symlink: /shared/students/turtlebot3_ws/install/ld08_driver/share/ld08_driver/environment/path.dsv
[0.654s] -- Up-to-date symlink: /shared/students/turtlebot3_ws/install/ld08_driver/share/ld08_driver/local_setup.bash
[0.655s] -- Up-to-date symlink: /shared/students/turtlebot3_ws/install/ld08_driver/share/ld08_driver/local_setup.sh
[0.656s] -- Up-to-date symlink: /shared/students/turtlebot3_ws/install/ld08_driver/share/ld08_driver/local_setup.zsh
[0.657s] -- Up-to-date symlink: /shared/students/turtlebot3_ws/install/ld08_driver/share/ld08_driver/local_setup.dsv
[0.658s] -- Symlinking: /shared/students/turtlebot3_ws/install/ld08_driver/share/ld08_driver/package.dsv
[0.718s] -- Up-to-date symlink: /shared/students/turtlebot3_ws/install/ld08_driver/share/ament_index/resource_index/packages/ld08_driver
[0.719s] -- Up-to-date symlink: /shared/students/turtlebot3_ws/install/ld08_driver/share/ld08_driver/cmake/ament_cmake_export_dependencies-extras.cmake
[0.721s] -- Up-to-date symlink: /shared/students/turtlebot3_ws/install/ld08_driver/share/ld08_driver/cmake/ament_cmake_export_include_directories-extras.cmake
[0.722s] -- Up-to-date symlink: /shared/students/turtlebot3_ws/install/ld08_driver/share/ld08_driver/cmake/ld08_driverConfig.cmake
[0.723s] -- Up-to-date symlink: /shared/students/turtlebot3_ws/install/ld08_driver/share/ld08_driver/cmake/ld08_driverConfig-version.cmake
[0.724s] -- Up-to-date symlink: /shared/students/turtlebot3_ws/install/ld08_driver/share/ld08_driver/package.xml
[0.736s] Invoked command in '/shared/students/turtlebot3_ws/build/ld08_driver' returned '0': CMAKE_PREFIX_PATH=${CMAKE_PREFIX_PATH}:/opt/ros/jazzy DEBUGINFOD_URLS=https://debuginfod.ubuntu.com /usr/bin/cmake --install /shared/students/turtlebot3_ws/build/ld08_driver
