[0.069s] Invoking command in '/shared/students/turtlebot3_ws/build/turtlebot3_bringup': AMENT_PREFIX_PATH=/shared/students/turtlebot3_ws/install/turtlebot3_node:/shared/students/turtlebot3_ws/install/turtlebot3_description:${AMENT_PREFIX_PATH} CMAKE_PREFIX_PATH=/shared/students/turtlebot3_ws/install/turtlebot3_node:/shared/students/turtlebot3_ws/install/turtlebot3_description:/opt/ros/jazzy/opt/gz_math_vendor:/opt/ros/jazzy/opt/gz_utils_vendor:/opt/ros/jazzy/opt/gz_cmake_vendor:/opt/ros/jazzy DEBUGINFOD_URLS=https://debuginfod.ubuntu.com /usr/bin/cmake --build /shared/students/turtlebot3_ws/build/turtlebot3_bringup -- -j4 -l4
[0.318s] Invoked command in '/shared/students/turtlebot3_ws/build/turtlebot3_bringup' returned '0': AMENT_PREFIX_PATH=/shared/students/turtlebot3_ws/install/turtlebot3_node:/shared/students/turtlebot3_ws/install/turtlebot3_description:${AMENT_PREFIX_PATH} CMAKE_PREFIX_PATH=/shared/students/turtlebot3_ws/install/turtlebot3_node:/shared/students/turtlebot3_ws/install/turtlebot3_description:/opt/ros/jazzy/opt/gz_math_vendor:/opt/ros/jazzy/opt/gz_utils_vendor:/opt/ros/jazzy/opt/gz_cmake_vendor:/opt/ros/jazzy DEBUGINFOD_URLS=https://debuginfod.ubuntu.com /usr/bin/cmake --build /shared/students/turtlebot3_ws/build/turtlebot3_bringup -- -j4 -l4
[0.330s] Invoking command in '/shared/students/turtlebot3_ws/build/turtlebot3_bringup': AMENT_PREFIX_PATH=/shared/students/turtlebot3_ws/install/turtlebot3_node:/shared/students/turtlebot3_ws/install/turtlebot3_description:${AMENT_PREFIX_PATH} CMAKE_PREFIX_PATH=/shared/students/turtlebot3_ws/install/turtlebot3_node:/shared/students/turtlebot3_ws/install/turtlebot3_description:/opt/ros/jazzy/opt/gz_math_vendor:/opt/ros/jazzy/opt/gz_utils_vendor:/opt/ros/jazzy/opt/gz_cmake_vendor:/opt/ros/jazzy DEBUGINFOD_URLS=https://debuginfod.ubuntu.com /usr/bin/cmake --install /shared/students/turtlebot3_ws/build/turtlebot3_bringup
[0.379s] -- Install configuration: ""
[0.381s] -- Execute custom install script
[0.384s] -- Up-to-date symlink: /shared/students/turtlebot3_ws/install/turtlebot3_bringup/share/turtlebot3_bringup/launch/robot.launch.py
[0.385s] -- Up-to-date symlink: /shared/students/turtlebot3_ws/install/turtlebot3_bringup/share/turtlebot3_bringup/launch/rviz2.launch.py
[0.386s] -- Up-to-date symlink: /shared/students/turtlebot3_ws/install/turtlebot3_bringup/share/turtlebot3_bringup/launch/turtlebot3_state_publisher.launch.py
[0.388s] -- Up-to-date symlink: /shared/students/turtlebot3_ws/install/turtlebot3_bringup/share/turtlebot3_bringup/param/burger.yaml
[0.389s] -- Up-to-date symlink: /shared/students/turtlebot3_ws/install/turtlebot3_bringup/share/turtlebot3_bringup/param/waffle.yaml
[0.390s] -- Up-to-date symlink: /shared/students/turtlebot3_ws/install/turtlebot3_bringup/share/turtlebot3_bringup/param/waffle_pi.yaml
[0.392s] -- Up-to-date symlink: /shared/students/turtlebot3_ws/install/turtlebot3_bringup/share/turtlebot3_bringup/script/99-turtlebot3-cdc.rules
[0.393s] -- Up-to-date symlink: /shared/students/turtlebot3_ws/install/turtlebot3_bringup/share/turtlebot3_bringup/script/create_udev_rules
[0.395s] -- Up-to-date symlink: /shared/students/turtlebot3_ws/install/turtlebot3_bringup/share/ament_index/resource_index/package_run_dependencies/turtlebot3_bringup
[0.396s] -- Up-to-date symlink: /shared/students/turtlebot3_ws/install/turtlebot3_bringup/share/ament_index/resource_index/parent_prefix_path/turtlebot3_bringup
[0.397s] -- Up-to-date symlink: /shared/students/turtlebot3_ws/install/turtlebot3_bringup/share/turtlebot3_bringup/environment/ament_prefix_path.sh
[0.399s] -- Up-to-date symlink: /shared/students/turtlebot3_ws/install/turtlebot3_bringup/share/turtlebot3_bringup/environment/ament_prefix_path.dsv
[0.400s] -- Up-to-date symlink: /shared/students/turtlebot3_ws/install/turtlebot3_bringup/share/turtlebot3_bringup/environment/path.sh
[0.401s] -- Up-to-date symlink: /shared/students/turtlebot3_ws/install/turtlebot3_bringup/share/turtlebot3_bringup/environment/path.dsv
[0.403s] -- Up-to-date symlink: /shared/students/turtlebot3_ws/install/turtlebot3_bringup/share/turtlebot3_bringup/local_setup.bash
[0.404s] -- Up-to-date symlink: /shared/students/turtlebot3_ws/install/turtlebot3_bringup/share/turtlebot3_bringup/local_setup.sh
[0.405s] -- Up-to-date symlink: /shared/students/turtlebot3_ws/install/turtlebot3_bringup/share/turtlebot3_bringup/local_setup.zsh
[0.406s] -- Up-to-date symlink: /shared/students/turtlebot3_ws/install/turtlebot3_bringup/share/turtlebot3_bringup/local_setup.dsv
[0.407s] -- Symlinking: /shared/students/turtlebot3_ws/install/turtlebot3_bringup/share/turtlebot3_bringup/package.dsv
[0.471s] -- Up-to-date symlink: /shared/students/turtlebot3_ws/install/turtlebot3_bringup/share/ament_index/resource_index/packages/turtlebot3_bringup
[0.473s] -- Up-to-date symlink: /shared/students/turtlebot3_ws/install/turtlebot3_bringup/share/turtlebot3_bringup/cmake/turtlebot3_bringupConfig.cmake
[0.474s] -- Up-to-date symlink: /shared/students/turtlebot3_ws/install/turtlebot3_bringup/share/turtlebot3_bringup/cmake/turtlebot3_bringupConfig-version.cmake
[0.475s] -- Up-to-date symlink: /shared/students/turtlebot3_ws/install/turtlebot3_bringup/share/turtlebot3_bringup/package.xml
[0.486s] Invoked command in '/shared/students/turtlebot3_ws/build/turtlebot3_bringup' returned '0': AMENT_PREFIX_PATH=/shared/students/turtlebot3_ws/install/turtlebot3_node:/shared/students/turtlebot3_ws/install/turtlebot3_description:${AMENT_PREFIX_PATH} CMAKE_PREFIX_PATH=/shared/students/turtlebot3_ws/install/turtlebot3_node:/shared/students/turtlebot3_ws/install/turtlebot3_description:/opt/ros/jazzy/opt/gz_math_vendor:/opt/ros/jazzy/opt/gz_utils_vendor:/opt/ros/jazzy/opt/gz_cmake_vendor:/opt/ros/jazzy DEBUGINFOD_URLS=https://debuginfod.ubuntu.com /usr/bin/cmake --install /shared/students/turtlebot3_ws/build/turtlebot3_bringup
