[5.603s] Invoking command in '/shared/students/turtlebot3_ws/src/ultrasonic': DEBUGINFOD_URLS=https://debuginfod.ubuntu.com PYTHONPATH=/shared/students/turtlebot3_ws/build/ultrasonic/prefix_override:/usr/lib/python3/dist-packages/colcon_core/task/python/colcon_distutils_commands:/shared/students/turtlebot3_ws/install/ultrasonic/lib/python3.12/site-packages:${PYTHONPATH} /usr/bin/python3 -W ignore:setup.py install is deprecated -W ignore:easy_install command is deprecated setup.py egg_info --egg-base ../../build/ultrasonic build --build-base /shared/students/turtlebot3_ws/build/ultrasonic/build install --record /shared/students/turtlebot3_ws/build/ultrasonic/install.log --single-version-externally-managed install_data
[7.184s] running egg_info
[7.298s] writing ../../build/ultrasonic/ultrasonic.egg-info/PKG-INFO
[7.299s] writing dependency_links to ../../build/ultrasonic/ultrasonic.egg-info/dependency_links.txt
[7.303s] writing entry points to ../../build/ultrasonic/ultrasonic.egg-info/entry_points.txt
[7.304s] writing requirements to ../../build/ultrasonic/ultrasonic.egg-info/requires.txt
[7.305s] writing top-level names to ../../build/ultrasonic/ultrasonic.egg-info/top_level.txt
[7.539s] reading manifest file '../../build/ultrasonic/ultrasonic.egg-info/SOURCES.txt'
[7.544s] writing manifest file '../../build/ultrasonic/ultrasonic.egg-info/SOURCES.txt'
[7.545s] running build
[7.546s] running build_py
[7.547s] running install
[7.578s] running install_lib
[7.697s] running install_data
[7.698s] running install_egg_info
[7.819s] removing '/shared/students/turtlebot3_ws/install/ultrasonic/lib/python3.12/site-packages/ultrasonic-0.0.0-py3.12.egg-info' (and everything under it)
[7.821s] Copying ../../build/ultrasonic/ultrasonic.egg-info to /shared/students/turtlebot3_ws/install/ultrasonic/lib/python3.12/site-packages/ultrasonic-0.0.0-py3.12.egg-info
[7.830s] running install_scripts
[8.679s] Installing ultrasonic script to /shared/students/turtlebot3_ws/install/ultrasonic/lib/ultrasonic
[8.681s] writing list of installed files to '/shared/students/turtlebot3_ws/build/ultrasonic/install.log'
[8.845s] Invoked command in '/shared/students/turtlebot3_ws/src/ultrasonic' returned '0': DEBUGINFOD_URLS=https://debuginfod.ubuntu.com PYTHONPATH=/shared/students/turtlebot3_ws/build/ultrasonic/prefix_override:/usr/lib/python3/dist-packages/colcon_core/task/python/colcon_distutils_commands:/shared/students/turtlebot3_ws/install/ultrasonic/lib/python3.12/site-packages:${PYTHONPATH} /usr/bin/python3 -W ignore:setup.py install is deprecated -W ignore:easy_install command is deprecated setup.py egg_info --egg-base ../../build/ultrasonic build --build-base /shared/students/turtlebot3_ws/build/ultrasonic/build install --record /shared/students/turtlebot3_ws/build/ultrasonic/install.log --single-version-externally-managed install_data
