[6.624s] Invoking command in '/shared/students/turtlebot3_ws/build/turtlebot3_teleop': DEBUGINFOD_URLS=https://debuginfod.ubuntu.com PYTHONPATH=/shared/students/turtlebot3_ws/build/turtlebot3_teleop/prefix_override:/usr/lib/python3/dist-packages/colcon_core/task/python/colcon_distutils_commands:/shared/students/turtlebot3_ws/install/turtlebot3_teleop/lib/python3.12/site-packages:${PYTHONPATH} /usr/bin/python3 -W ignore:setup.py install is deprecated -W ignore:easy_install command is deprecated setup.py develop --editable --build-directory /shared/students/turtlebot3_ws/build/turtlebot3_teleop/build --no-deps symlink_data
[8.767s] running develop
[10.297s] running egg_info
[10.297s] creating turtlebot3_teleop.egg-info
[10.429s] writing turtlebot3_teleop.egg-info/PKG-INFO
[10.430s] writing dependency_links to turtlebot3_teleop.egg-info/dependency_links.txt
[10.431s] writing entry points to turtlebot3_teleop.egg-info/entry_points.txt
[10.432s] writing requirements to turtlebot3_teleop.egg-info/requires.txt
[10.433s] writing top-level names to turtlebot3_teleop.egg-info/top_level.txt
[10.433s] writing manifest file 'turtlebot3_teleop.egg-info/SOURCES.txt'
[10.731s] reading manifest file 'turtlebot3_teleop.egg-info/SOURCES.txt'
[10.736s] writing manifest file 'turtlebot3_teleop.egg-info/SOURCES.txt'
[10.897s] running build_ext
[10.898s] Creating /shared/students/turtlebot3_ws/install/turtlebot3_teleop/lib/python3.12/site-packages/turtlebot3-teleop.egg-link (link to .)
[10.902s] Installing teleop_keyboard script to /shared/students/turtlebot3_ws/install/turtlebot3_teleop/lib/turtlebot3_teleop
[10.904s] 
[10.905s] Installed /shared/students/turtlebot3_ws/build/turtlebot3_teleop
[10.905s] running symlink_data
[10.906s] creating /shared/students/turtlebot3_ws/install/turtlebot3_teleop/share/ament_index
[10.907s] creating /shared/students/turtlebot3_ws/install/turtlebot3_teleop/share/ament_index/resource_index
[10.907s] creating /shared/students/turtlebot3_ws/install/turtlebot3_teleop/share/ament_index/resource_index/packages
[10.908s] symbolically linking /shared/students/turtlebot3_ws/build/turtlebot3_teleop/resource/turtlebot3_teleop -> /shared/students/turtlebot3_ws/install/turtlebot3_teleop/share/ament_index/resource_index/packages
[10.909s] symbolically linking /shared/students/turtlebot3_ws/build/turtlebot3_teleop/package.xml -> /shared/students/turtlebot3_ws/install/turtlebot3_teleop/share/turtlebot3_teleop
[11.126s] Invoked command in '/shared/students/turtlebot3_ws/build/turtlebot3_teleop' returned '0': DEBUGINFOD_URLS=https://debuginfod.ubuntu.com PYTHONPATH=/shared/students/turtlebot3_ws/build/turtlebot3_teleop/prefix_override:/usr/lib/python3/dist-packages/colcon_core/task/python/colcon_distutils_commands:/shared/students/turtlebot3_ws/install/turtlebot3_teleop/lib/python3.12/site-packages:${PYTHONPATH} /usr/bin/python3 -W ignore:setup.py install is deprecated -W ignore:easy_install command is deprecated setup.py develop --editable --build-directory /shared/students/turtlebot3_ws/build/turtlebot3_teleop/build --no-deps symlink_data
