[0.153s] Invoking command in '/shared/students/turtlebot3_ws/build/turtlebot3_node': CMAKE_PREFIX_PATH=${CMAKE_PREFIX_PATH}:/home/Michael/shared_students/ultrasonic_test/ultrasonic_test_ws/install/ultrasonic_test:/home/Michael/shared_students/turtlebot3_ws/install/ultrasonic_sensor:/home/Michael/shared_students/turtlebot3_ws/install/turtlebot3_teleop:/home/Michael/shared_students/turtlebot3_ws/install/turtlebot3_example:/opt/ros/jazzy DEBUGINFOD_URLS=https://debuginfod.ubuntu.com /usr/bin/cmake --build /shared/students/turtlebot3_ws/build/turtlebot3_node -- -j4 -l4
[2.165s] -- Found ament_cmake: 2.5.3 (/opt/ros/jazzy/share/ament_cmake/cmake)
[2.166s] -- Override CMake install command with custom implementation using symlinks instead of copying resources
[2.167s] -- Found dynamixel_sdk: 3.7.40 (/opt/ros/jazzy/share/dynamixel_sdk/cmake)
[2.167s] -- Found geometry_msgs: 5.3.5 (/opt/ros/jazzy/share/geometry_msgs/cmake)
[2.172s] [31mCMake Error at /opt/ros/jazzy/share/ament_cmake_core/cmake/core/stamp.cmake:24 (configure_file):
[2.173s]   Operation not permitted
[2.173s] Call Stack (most recent call first):
[2.174s]   /opt/ros/jazzy/share/ament_cmake_core/cmake/ament_cmake_package_templates-extras.cmake:24 (stamp)
[2.174s]   /opt/ros/jazzy/share/ament_cmake_core/cmake/ament_cmake_coreConfig.cmake:41 (include)
[2.174s]   /opt/ros/jazzy/share/ament_cmake/cmake/ament_cmake_export_dependencies-extras.cmake:15 (find_package)
[2.175s]   /opt/ros/jazzy/share/ament_cmake/cmake/ament_cmakeConfig.cmake:41 (include)
[2.175s]   CMakeLists.txt:18 (find_package)
[2.176s] 
[2.176s] [0m
[2.176s] [31mCMake Error at /opt/ros/jazzy/share/ament_cmake_core/cmake/ament_cmake_symlink_install-extras.cmake:53 (configure_file):
[2.177s]   Operation not permitted
[2.177s] Call Stack (most recent call first):
[2.178s]   /opt/ros/jazzy/share/ament_cmake_core/cmake/ament_cmake_coreConfig.cmake:41 (include)
[2.178s]   /opt/ros/jazzy/share/ament_cmake/cmake/ament_cmake_export_dependencies-extras.cmake:15 (find_package)
[2.179s]   /opt/ros/jazzy/share/ament_cmake/cmake/ament_cmakeConfig.cmake:41 (include)
[2.179s]   CMakeLists.txt:18 (find_package)
[2.180s] 
[2.180s] [0m
[2.180s] [31mCMake Error at /opt/ros/jazzy/share/ament_cmake_test/cmake/ament_cmake_test-extras.cmake:34 (configure_file):
[2.181s]   Operation not permitted
[2.181s] Call Stack (most recent call first):
[2.182s]   /opt/ros/jazzy/share/ament_cmake_test/cmake/ament_cmake_testConfig.cmake:41 (include)
[2.182s]   /opt/ros/jazzy/share/ament_cmake/cmake/ament_cmake_export_dependencies-extras.cmake:21 (find_package)
[2.182s]   /opt/ros/jazzy/share/ament_cmake/cmake/ament_cmakeConfig.cmake:41 (include)
[2.183s]   CMakeLists.txt:18 (find_package)
[2.183s] 
[2.183s] [0m
[2.314s] -- Found rosidl_generator_c: 4.6.5 (/opt/ros/jazzy/share/rosidl_generator_c/cmake)
[2.372s] -- Found rosidl_generator_cpp: 4.6.5 (/opt/ros/jazzy/share/rosidl_generator_cpp/cmake)
[2.448s] -- Using all available rosidl_typesupport_c: rosidl_typesupport_fastrtps_c;rosidl_typesupport_introspection_c
[2.537s] -- Using all available rosidl_typesupport_cpp: rosidl_typesupport_fastrtps_cpp;rosidl_typesupport_introspection_cpp
[2.771s] -- Found message_filters: 4.11.3 (/opt/ros/jazzy/share/message_filters/cmake)
[3.073s] -- Found rmw_implementation_cmake: 7.3.1 (/opt/ros/jazzy/share/rmw_implementation_cmake/cmake)
[3.083s] -- Found rmw_fastrtps_cpp: 8.4.1 (/opt/ros/jazzy/share/rmw_fastrtps_cpp/cmake)
[3.492s] -- Using RMW implementation 'rmw_fastrtps_cpp' as default
[3.831s] -- Found nav_msgs: 5.3.5 (/opt/ros/jazzy/share/nav_msgs/cmake)
[3.965s] -- Found sensor_msgs: 5.3.5 (/opt/ros/jazzy/share/sensor_msgs/cmake)
[4.081s] -- Found std_srvs: 5.3.5 (/opt/ros/jazzy/share/std_srvs/cmake)
[4.164s] -- Found tf2: 0.36.8 (/opt/ros/jazzy/share/tf2/cmake)
[4.184s] -- Found tf2_ros: 0.36.8 (/opt/ros/jazzy/share/tf2_ros/cmake)
[4.695s] -- Found turtlebot3_msgs: 2.2.1 (/opt/ros/jazzy/share/turtlebot3_msgs/cmake)
[4.877s] [31mCMake Error at /opt/ros/jazzy/share/ament_cmake_core/cmake/core/stamp.cmake:24 (configure_file):
[4.878s]   Operation not permitted
[4.879s] Call Stack (most recent call first):
[4.880s]   /opt/ros/jazzy/share/ament_cmake_core/cmake/core/ament_package_xml.cmake:73 (stamp)
[4.880s]   /opt/ros/jazzy/share/ament_cmake_core/cmake/core/ament_package_xml.cmake:49 (_ament_package_xml)
[4.881s]   /opt/ros/jazzy/share/ament_cmake_core/cmake/core/ament_package.cmake:63 (ament_package_xml)
[4.882s]   CMakeLists.txt:94 (ament_package)
[4.883s] 
[4.885s] [0m
[4.885s] [31mCMake Error at /opt/ros/jazzy/share/ament_cmake_core/cmake/core/stamp.cmake:24 (configure_file):
[4.886s]   Operation not permitted
[4.887s] Call Stack (most recent call first):
[4.887s]   /opt/ros/jazzy/share/ament_cmake_core/cmake/environment_hooks/ament_environment_hooks.cmake:37 (stamp)
[4.888s]   /opt/ros/jazzy/share/ament_cmake_core/cmake/environment_hooks/ament_cmake_environment_hooks_package_hook.cmake:20 (ament_environment_hooks)
[4.889s]   /opt/ros/jazzy/share/ament_cmake_core/cmake/core/ament_execute_extensions.cmake:48 (include)
[4.893s]   /opt/ros/jazzy/share/ament_cmake_core/cmake/core/ament_package.cmake:66 (ament_execute_extensions)
[4.894s]   CMakeLists.txt:94 (ament_package)
[4.894s] 
[4.901s] [0m
[4.902s] [31mCMake Error at /opt/ros/jazzy/share/ament_cmake_core/cmake/core/stamp.cmake:24 (configure_file):
[4.903s]   Operation not permitted
[4.905s] Call Stack (most recent call first):
[4.906s]   /opt/ros/jazzy/share/ament_cmake_core/cmake/environment_hooks/ament_environment_hooks.cmake:37 (stamp)
[4.906s]   /opt/ros/jazzy/share/ament_cmake_core/cmake/environment_hooks/ament_cmake_environment_hooks_package_hook.cmake:20 (ament_environment_hooks)
[4.907s]   /opt/ros/jazzy/share/ament_cmake_core/cmake/core/ament_execute_extensions.cmake:48 (include)
[4.908s]   /opt/ros/jazzy/share/ament_cmake_core/cmake/core/ament_package.cmake:66 (ament_execute_extensions)
[4.909s]   CMakeLists.txt:94 (ament_package)
[4.910s] 
[4.911s] [0m
[4.911s] [31mCMake Error at /opt/ros/jazzy/share/ament_cmake_core/cmake/environment_hooks/ament_generate_package_environment.cmake:73 (configure_file):
[4.912s]   Operation not permitted
[4.914s] Call Stack (most recent call first):
[4.916s]   /opt/ros/jazzy/share/ament_cmake_core/cmake/environment_hooks/ament_cmake_environment_hooks_package_hook.cmake:26 (ament_generate_package_environment)
[4.917s]   /opt/ros/jazzy/share/ament_cmake_core/cmake/core/ament_execute_extensions.cmake:48 (include)
[4.920s]   /opt/ros/jazzy/share/ament_cmake_core/cmake/core/ament_package.cmake:66 (ament_execute_extensions)
[4.921s]   CMakeLists.txt:94 (ament_package)
[4.925s] 
[4.926s] [0m
[4.927s] [31mCMake Error at /opt/ros/jazzy/share/ament_cmake_core/cmake/environment_hooks/ament_generate_package_environment.cmake:73 (configure_file):
[4.928s]   Operation not permitted
[4.932s] Call Stack (most recent call first):
[4.934s]   /opt/ros/jazzy/share/ament_cmake_core/cmake/environment_hooks/ament_cmake_environment_hooks_package_hook.cmake:26 (ament_generate_package_environment)
[4.937s]   /opt/ros/jazzy/share/ament_cmake_core/cmake/core/ament_execute_extensions.cmake:48 (include)
[4.939s]   /opt/ros/jazzy/share/ament_cmake_core/cmake/core/ament_package.cmake:66 (ament_execute_extensions)
[4.941s]   CMakeLists.txt:94 (ament_package)
[4.942s] 
[4.944s] [0m
[4.944s] [31mCMake Error at /opt/ros/jazzy/share/ament_cmake_core/cmake/environment_hooks/ament_generate_package_environment.cmake:73 (configure_file):
[4.945s]   Operation not permitted
[4.945s] Call Stack (most recent call first):
[4.946s]   /opt/ros/jazzy/share/ament_cmake_core/cmake/environment_hooks/ament_cmake_environment_hooks_package_hook.cmake:26 (ament_generate_package_environment)
[4.946s]   /opt/ros/jazzy/share/ament_cmake_core/cmake/core/ament_execute_extensions.cmake:48 (include)
[4.947s]   /opt/ros/jazzy/share/ament_cmake_core/cmake/core/ament_package.cmake:66 (ament_execute_extensions)
[4.947s]   CMakeLists.txt:94 (ament_package)
[4.948s] 
[4.949s] [0m
[4.949s] [31mCMake Error at /opt/ros/jazzy/share/ament_cmake_export_include_directories/cmake/ament_cmake_export_include_directories_package_hook.cmake:23 (configure_file):
[4.950s]   Operation not permitted
[4.951s] Call Stack (most recent call first):
[4.951s]   /opt/ros/jazzy/share/ament_cmake_core/cmake/core/ament_execute_extensions.cmake:48 (include)
[4.952s]   /opt/ros/jazzy/share/ament_cmake_core/cmake/core/ament_package.cmake:66 (ament_execute_extensions)
[4.952s]   CMakeLists.txt:94 (ament_package)
[4.953s] 
[4.954s] [0m
[4.954s] [31mCMake Error at /opt/ros/jazzy/share/ament_cmake_core/cmake/core/stamp.cmake:24 (configure_file):
[4.955s]   Operation not permitted
[4.955s] Call Stack (most recent call first):
[4.956s]   /opt/ros/jazzy/share/ament_cmake_core/cmake/core/ament_package.cmake:100 (stamp)
[4.956s]   /opt/ros/jazzy/share/ament_cmake_core/cmake/core/ament_package.cmake:68 (_ament_package)
[4.957s]   CMakeLists.txt:94 (ament_package)
[4.957s] 
[4.958s] [0m
[4.958s] [31mCMake Error at /opt/ros/jazzy/share/ament_cmake_core/cmake/core/stamp.cmake:24 (configure_file):
[4.959s]   Operation not permitted
[4.959s] Call Stack (most recent call first):
[4.960s]   /opt/ros/jazzy/share/ament_cmake_core/cmake/core/ament_package.cmake:135 (stamp)
[4.962s]   /opt/ros/jazzy/share/ament_cmake_core/cmake/core/ament_package.cmake:68 (_ament_package)
[4.963s]   CMakeLists.txt:94 (ament_package)
[4.964s] 
[4.964s] [0m
[4.964s] -- Configuring incomplete, errors occurred!
[4.965s] gmake: *** [Makefile:578: cmake_check_build_system] Error 1
