[4.633s] Invoking command in '/shared/students/turtlebot3_ws/src/ultrasonic': DEBUGINFOD_URLS=https://debuginfod.ubuntu.com PYTHONPATH=/shared/students/turtlebot3_ws/src/build/ultrasonic/prefix_override:/usr/lib/python3/dist-packages/colcon_core/task/python/colcon_distutils_commands:/shared/students/turtlebot3_ws/src/install/ultrasonic/lib/python3.12/site-packages:${PYTHONPATH} /usr/bin/python3 -W ignore:setup.py install is deprecated -W ignore:easy_install command is deprecated setup.py egg_info --egg-base ../build/ultrasonic build --build-base /shared/students/turtlebot3_ws/src/build/ultrasonic/build install --record /shared/students/turtlebot3_ws/src/build/ultrasonic/install.log --single-version-externally-managed install_data
[6.166s] running egg_info
[6.275s] writing ../build/ultrasonic/ultrasonic.egg-info/PKG-INFO
[6.276s] writing dependency_links to ../build/ultrasonic/ultrasonic.egg-info/dependency_links.txt
[6.278s] writing entry points to ../build/ultrasonic/ultrasonic.egg-info/entry_points.txt
[6.280s] writing requirements to ../build/ultrasonic/ultrasonic.egg-info/requires.txt
[6.282s] writing top-level names to ../build/ultrasonic/ultrasonic.egg-info/top_level.txt
[6.523s] reading manifest file '../build/ultrasonic/ultrasonic.egg-info/SOURCES.txt'
[6.527s] writing manifest file '../build/ultrasonic/ultrasonic.egg-info/SOURCES.txt'
[6.528s] running build
[6.528s] running build_py
[6.531s] running install
[6.560s] running install_lib
[6.675s] running install_data
[6.676s] running install_egg_info
[6.795s] removing '/shared/students/turtlebot3_ws/src/install/ultrasonic/lib/python3.12/site-packages/ultrasonic-0.0.0-py3.12.egg-info' (and everything under it)
[6.797s] Copying ../build/ultrasonic/ultrasonic.egg-info to /shared/students/turtlebot3_ws/src/install/ultrasonic/lib/python3.12/site-packages/ultrasonic-0.0.0-py3.12.egg-info
[6.804s] running install_scripts
[7.614s] Installing ultrasonic_publisher script to /shared/students/turtlebot3_ws/src/install/ultrasonic/lib/ultrasonic
[7.615s] Installing ultrasonic_subscriber script to /shared/students/turtlebot3_ws/src/install/ultrasonic/lib/ultrasonic
[7.617s] writing list of installed files to '/shared/students/turtlebot3_ws/src/build/ultrasonic/install.log'
[7.778s] Invoked command in '/shared/students/turtlebot3_ws/src/ultrasonic' returned '0': DEBUGINFOD_URLS=https://debuginfod.ubuntu.com PYTHONPATH=/shared/students/turtlebot3_ws/src/build/ultrasonic/prefix_override:/usr/lib/python3/dist-packages/colcon_core/task/python/colcon_distutils_commands:/shared/students/turtlebot3_ws/src/install/ultrasonic/lib/python3.12/site-packages:${PYTHONPATH} /usr/bin/python3 -W ignore:setup.py install is deprecated -W ignore:easy_install command is deprecated setup.py egg_info --egg-base ../build/ultrasonic build --build-base /shared/students/turtlebot3_ws/src/build/ultrasonic/build install --record /shared/students/turtlebot3_ws/src/build/ultrasonic/install.log --single-version-externally-managed install_data
