[0.086s] Invoking command in '/shared/students/turtlebot3_ws/build/turtlebot3': AMENT_PREFIX_PATH=/shared/students/turtlebot3_ws/install/turtlebot3_bringup:/shared/students/turtlebot3_ws/install/turtlebot3_teleop:/shared/students/turtlebot3_ws/install/turtlebot3_node:/shared/students/turtlebot3_ws/install/turtlebot3_example:/shared/students/turtlebot3_ws/install/turtlebot3_description:${AMENT_PREFIX_PATH} CMAKE_PREFIX_PATH=/shared/students/turtlebot3_ws/install/turtlebot3_bringup:/shared/students/turtlebot3_ws/install/turtlebot3_node:/shared/students/turtlebot3_ws/install/turtlebot3_description:/opt/ros/jazzy/opt/gz_math_vendor:/opt/ros/jazzy/opt/gz_utils_vendor:/opt/ros/jazzy/opt/gz_cmake_vendor:/opt/ros/jazzy DEBUGINFOD_URLS=https://debuginfod.ubuntu.com PYTHONPATH=/shared/students/turtlebot3_ws/build/turtlebot3_teleop:/shared/students/turtlebot3_ws/install/turtlebot3_teleop/lib/python3.12/site-packages:/shared/students/turtlebot3_ws/build/turtlebot3_example:/shared/students/turtlebot3_ws/install/turtlebot3_example/lib/python3.12/site-packages:${PYTHONPATH} /usr/bin/cmake /shared/students/turtlebot3_ws/src/turtlebot3/turtlebot3 -DAMENT_CMAKE_SYMLINK_INSTALL=1 -DCMAKE_INSTALL_PREFIX=/shared/students/turtlebot3_ws/install/turtlebot3
[0.465s] -- The C compiler identification is GNU 13.3.0
[0.829s] -- The CXX compiler identification is GNU 13.3.0
[0.941s] -- Detecting C compiler ABI info
[1.557s] -- Detecting C compiler ABI info - done
[1.606s] -- Check for working C compiler: /usr/bin/cc - skipped
[1.607s] -- Detecting C compile features
[1.609s] -- Detecting C compile features - done
[1.674s] -- Detecting CXX compiler ABI info
[2.350s] -- Detecting CXX compiler ABI info - done
[2.403s] -- Check for working CXX compiler: /usr/bin/c++ - skipped
[2.404s] -- Detecting CXX compile features
[2.407s] -- Detecting CXX compile features - done
[2.437s] -- Found ament_cmake: 2.5.3 (/opt/ros/jazzy/share/ament_cmake/cmake)
[3.468s] -- Found Python3: /usr/bin/python3 (found version "3.12.3") found components: Interpreter 
[3.953s] -- Override CMake install command with custom implementation using symlinks instead of copying resources
[4.934s] -- Configuring done (4.8s)
[4.959s] -- Generating done (0.0s)
[4.971s] -- Build files have been written to: /shared/students/turtlebot3_ws/build/turtlebot3
[4.997s] Invoked command in '/shared/students/turtlebot3_ws/build/turtlebot3' returned '0': AMENT_PREFIX_PATH=/shared/students/turtlebot3_ws/install/turtlebot3_bringup:/shared/students/turtlebot3_ws/install/turtlebot3_teleop:/shared/students/turtlebot3_ws/install/turtlebot3_node:/shared/students/turtlebot3_ws/install/turtlebot3_example:/shared/students/turtlebot3_ws/install/turtlebot3_description:${AMENT_PREFIX_PATH} CMAKE_PREFIX_PATH=/shared/students/turtlebot3_ws/install/turtlebot3_bringup:/shared/students/turtlebot3_ws/install/turtlebot3_node:/shared/students/turtlebot3_ws/install/turtlebot3_description:/opt/ros/jazzy/opt/gz_math_vendor:/opt/ros/jazzy/opt/gz_utils_vendor:/opt/ros/jazzy/opt/gz_cmake_vendor:/opt/ros/jazzy DEBUGINFOD_URLS=https://debuginfod.ubuntu.com PYTHONPATH=/shared/students/turtlebot3_ws/build/turtlebot3_teleop:/shared/students/turtlebot3_ws/install/turtlebot3_teleop/lib/python3.12/site-packages:/shared/students/turtlebot3_ws/build/turtlebot3_example:/shared/students/turtlebot3_ws/install/turtlebot3_example/lib/python3.12/site-packages:${PYTHONPATH} /usr/bin/cmake /shared/students/turtlebot3_ws/src/turtlebot3/turtlebot3 -DAMENT_CMAKE_SYMLINK_INSTALL=1 -DCMAKE_INSTALL_PREFIX=/shared/students/turtlebot3_ws/install/turtlebot3
[5.005s] Invoking command in '/shared/students/turtlebot3_ws/build/turtlebot3': AMENT_PREFIX_PATH=/shared/students/turtlebot3_ws/install/turtlebot3_bringup:/shared/students/turtlebot3_ws/install/turtlebot3_teleop:/shared/students/turtlebot3_ws/install/turtlebot3_node:/shared/students/turtlebot3_ws/install/turtlebot3_example:/shared/students/turtlebot3_ws/install/turtlebot3_description:${AMENT_PREFIX_PATH} CMAKE_PREFIX_PATH=/shared/students/turtlebot3_ws/install/turtlebot3_bringup:/shared/students/turtlebot3_ws/install/turtlebot3_node:/shared/students/turtlebot3_ws/install/turtlebot3_description:/opt/ros/jazzy/opt/gz_math_vendor:/opt/ros/jazzy/opt/gz_utils_vendor:/opt/ros/jazzy/opt/gz_cmake_vendor:/opt/ros/jazzy DEBUGINFOD_URLS=https://debuginfod.ubuntu.com PYTHONPATH=/shared/students/turtlebot3_ws/build/turtlebot3_teleop:/shared/students/turtlebot3_ws/install/turtlebot3_teleop/lib/python3.12/site-packages:/shared/students/turtlebot3_ws/build/turtlebot3_example:/shared/students/turtlebot3_ws/install/turtlebot3_example/lib/python3.12/site-packages:${PYTHONPATH} /usr/bin/cmake --build /shared/students/turtlebot3_ws/build/turtlebot3 -- -j4 -l4
[5.259s] Invoked command in '/shared/students/turtlebot3_ws/build/turtlebot3' returned '0': AMENT_PREFIX_PATH=/shared/students/turtlebot3_ws/install/turtlebot3_bringup:/shared/students/turtlebot3_ws/install/turtlebot3_teleop:/shared/students/turtlebot3_ws/install/turtlebot3_node:/shared/students/turtlebot3_ws/install/turtlebot3_example:/shared/students/turtlebot3_ws/install/turtlebot3_description:${AMENT_PREFIX_PATH} CMAKE_PREFIX_PATH=/shared/students/turtlebot3_ws/install/turtlebot3_bringup:/shared/students/turtlebot3_ws/install/turtlebot3_node:/shared/students/turtlebot3_ws/install/turtlebot3_description:/opt/ros/jazzy/opt/gz_math_vendor:/opt/ros/jazzy/opt/gz_utils_vendor:/opt/ros/jazzy/opt/gz_cmake_vendor:/opt/ros/jazzy DEBUGINFOD_URLS=https://debuginfod.ubuntu.com PYTHONPATH=/shared/students/turtlebot3_ws/build/turtlebot3_teleop:/shared/students/turtlebot3_ws/install/turtlebot3_teleop/lib/python3.12/site-packages:/shared/students/turtlebot3_ws/build/turtlebot3_example:/shared/students/turtlebot3_ws/install/turtlebot3_example/lib/python3.12/site-packages:${PYTHONPATH} /usr/bin/cmake --build /shared/students/turtlebot3_ws/build/turtlebot3 -- -j4 -l4
[5.267s] Invoking command in '/shared/students/turtlebot3_ws/build/turtlebot3': AMENT_PREFIX_PATH=/shared/students/turtlebot3_ws/install/turtlebot3_bringup:/shared/students/turtlebot3_ws/install/turtlebot3_teleop:/shared/students/turtlebot3_ws/install/turtlebot3_node:/shared/students/turtlebot3_ws/install/turtlebot3_example:/shared/students/turtlebot3_ws/install/turtlebot3_description:${AMENT_PREFIX_PATH} CMAKE_PREFIX_PATH=/shared/students/turtlebot3_ws/install/turtlebot3_bringup:/shared/students/turtlebot3_ws/install/turtlebot3_node:/shared/students/turtlebot3_ws/install/turtlebot3_description:/opt/ros/jazzy/opt/gz_math_vendor:/opt/ros/jazzy/opt/gz_utils_vendor:/opt/ros/jazzy/opt/gz_cmake_vendor:/opt/ros/jazzy DEBUGINFOD_URLS=https://debuginfod.ubuntu.com PYTHONPATH=/shared/students/turtlebot3_ws/build/turtlebot3_teleop:/shared/students/turtlebot3_ws/install/turtlebot3_teleop/lib/python3.12/site-packages:/shared/students/turtlebot3_ws/build/turtlebot3_example:/shared/students/turtlebot3_ws/install/turtlebot3_example/lib/python3.12/site-packages:${PYTHONPATH} /usr/bin/cmake --install /shared/students/turtlebot3_ws/build/turtlebot3
[5.325s] -- Install configuration: ""
[5.327s] -- Execute custom install script
[5.329s] -- Symlinking: /shared/students/turtlebot3_ws/install/turtlebot3/share/ament_index/resource_index/package_run_dependencies/turtlebot3
[5.385s] -- Symlinking: /shared/students/turtlebot3_ws/install/turtlebot3/share/ament_index/resource_index/parent_prefix_path/turtlebot3
[5.447s] -- Symlinking: /shared/students/turtlebot3_ws/install/turtlebot3/share/turtlebot3/environment/ament_prefix_path.sh
[5.510s] -- Symlinking: /shared/students/turtlebot3_ws/install/turtlebot3/share/turtlebot3/environment/ament_prefix_path.dsv
[5.567s] -- Symlinking: /shared/students/turtlebot3_ws/install/turtlebot3/share/turtlebot3/environment/path.sh
[5.631s] -- Symlinking: /shared/students/turtlebot3_ws/install/turtlebot3/share/turtlebot3/environment/path.dsv
[5.687s] -- Symlinking: /shared/students/turtlebot3_ws/install/turtlebot3/share/turtlebot3/local_setup.bash
[5.749s] -- Symlinking: /shared/students/turtlebot3_ws/install/turtlebot3/share/turtlebot3/local_setup.sh
[5.808s] -- Symlinking: /shared/students/turtlebot3_ws/install/turtlebot3/share/turtlebot3/local_setup.zsh
[5.865s] -- Symlinking: /shared/students/turtlebot3_ws/install/turtlebot3/share/turtlebot3/local_setup.dsv
[5.931s] -- Symlinking: /shared/students/turtlebot3_ws/install/turtlebot3/share/turtlebot3/package.dsv
[5.989s] -- Symlinking: /shared/students/turtlebot3_ws/install/turtlebot3/share/ament_index/resource_index/packages/turtlebot3
[6.050s] -- Symlinking: /shared/students/turtlebot3_ws/install/turtlebot3/share/turtlebot3/cmake/turtlebot3Config.cmake
[6.111s] -- Symlinking: /shared/students/turtlebot3_ws/install/turtlebot3/share/turtlebot3/cmake/turtlebot3Config-version.cmake
[6.169s] -- Symlinking: /shared/students/turtlebot3_ws/install/turtlebot3/share/turtlebot3/package.xml
[6.244s] Invoked command in '/shared/students/turtlebot3_ws/build/turtlebot3' returned '0': AMENT_PREFIX_PATH=/shared/students/turtlebot3_ws/install/turtlebot3_bringup:/shared/students/turtlebot3_ws/install/turtlebot3_teleop:/shared/students/turtlebot3_ws/install/turtlebot3_node:/shared/students/turtlebot3_ws/install/turtlebot3_example:/shared/students/turtlebot3_ws/install/turtlebot3_description:${AMENT_PREFIX_PATH} CMAKE_PREFIX_PATH=/shared/students/turtlebot3_ws/install/turtlebot3_bringup:/shared/students/turtlebot3_ws/install/turtlebot3_node:/shared/students/turtlebot3_ws/install/turtlebot3_description:/opt/ros/jazzy/opt/gz_math_vendor:/opt/ros/jazzy/opt/gz_utils_vendor:/opt/ros/jazzy/opt/gz_cmake_vendor:/opt/ros/jazzy DEBUGINFOD_URLS=https://debuginfod.ubuntu.com PYTHONPATH=/shared/students/turtlebot3_ws/build/turtlebot3_teleop:/shared/students/turtlebot3_ws/install/turtlebot3_teleop/lib/python3.12/site-packages:/shared/students/turtlebot3_ws/build/turtlebot3_example:/shared/students/turtlebot3_ws/install/turtlebot3_example/lib/python3.12/site-packages:${PYTHONPATH} /usr/bin/cmake --install /shared/students/turtlebot3_ws/build/turtlebot3
