running egg_info
writing ../../build/ultrasonic/ultrasonic.egg-info/PKG-INFO
writing dependency_links to ../../build/ultrasonic/ultrasonic.egg-info/dependency_links.txt
writing entry points to ../../build/ultrasonic/ultrasonic.egg-info/entry_points.txt
writing requirements to ../../build/ultrasonic/ultrasonic.egg-info/requires.txt
writing top-level names to ../../build/ultrasonic/ultrasonic.egg-info/top_level.txt
reading manifest file '../../build/ultrasonic/ultrasonic.egg-info/SOURCES.txt'
writing manifest file '../../build/ultrasonic/ultrasonic.egg-info/SOURCES.txt'
running build
running build_py
copying ultrasonic/ultrasonic_publisher.py -> /shared/students/turtlebot3_ws/build/ultrasonic/build/lib/ultrasonic
running install
running install_lib
copying /shared/students/turtlebot3_ws/build/ultrasonic/build/lib/ultrasonic/ultrasonic_publisher.py -> /shared/students/turtlebot3_ws/install/ultrasonic/lib/python3.12/site-packages/ultrasonic
byte-compiling /shared/students/turtlebot3_ws/install/ultrasonic/lib/python3.12/site-packages/ultrasonic/ultrasonic_publisher.py to ultrasonic_publisher.cpython-312.pyc
running install_data
running install_egg_info
removing '/shared/students/turtlebot3_ws/install/ultrasonic/lib/python3.12/site-packages/ultrasonic-0.0.0-py3.12.egg-info' (and everything under it)
Copying ../../build/ultrasonic/ultrasonic.egg-info to /shared/students/turtlebot3_ws/install/ultrasonic/lib/python3.12/site-packages/ultrasonic-0.0.0-py3.12.egg-info
running install_scripts
Installing ultrasonic_publisher script to /shared/students/turtlebot3_ws/install/ultrasonic/lib/ultrasonic
Installing ultrasonic_subscriber script to /shared/students/turtlebot3_ws/install/ultrasonic/lib/ultrasonic
writing list of installed files to '/shared/students/turtlebot3_ws/build/ultrasonic/install.log'
