[4.770s] Invoking command in '/shared/students/turtlebot3_ws/src/ultrasonic': DEBUGINFOD_URLS=https://debuginfod.ubuntu.com PYTHONPATH=/shared/students/turtlebot3_ws/build/ultrasonic/prefix_override:/usr/lib/python3/dist-packages/colcon_core/task/python/colcon_distutils_commands:/shared/students/turtlebot3_ws/install/ultrasonic/lib/python3.12/site-packages:${PYTHONPATH} /usr/bin/python3 -W ignore:setup.py install is deprecated -W ignore:easy_install command is deprecated setup.py egg_info --egg-base ../../build/ultrasonic build --build-base /shared/students/turtlebot3_ws/build/ultrasonic/build install --record /shared/students/turtlebot3_ws/build/ultrasonic/install.log --single-version-externally-managed install_data
[6.286s] running egg_info
[6.394s] writing ../../build/ultrasonic/ultrasonic.egg-info/PKG-INFO
[6.396s] writing dependency_links to ../../build/ultrasonic/ultrasonic.egg-info/dependency_links.txt
[6.397s] writing entry points to ../../build/ultrasonic/ultrasonic.egg-info/entry_points.txt
[6.398s] writing requirements to ../../build/ultrasonic/ultrasonic.egg-info/requires.txt
[6.399s] writing top-level names to ../../build/ultrasonic/ultrasonic.egg-info/top_level.txt
[6.622s] reading manifest file '../../build/ultrasonic/ultrasonic.egg-info/SOURCES.txt'
[6.626s] writing manifest file '../../build/ultrasonic/ultrasonic.egg-info/SOURCES.txt'
[6.626s] running build
[6.627s] running build_py
[6.628s] copying ultrasonic/ultrasonic_publisher.py -> /shared/students/turtlebot3_ws/build/ultrasonic/build/lib/ultrasonic
[6.630s] running install
[6.660s] running install_lib
[6.794s] copying /shared/students/turtlebot3_ws/build/ultrasonic/build/lib/ultrasonic/ultrasonic_publisher.py -> /shared/students/turtlebot3_ws/install/ultrasonic/lib/python3.12/site-packages/ultrasonic
[6.801s] byte-compiling /shared/students/turtlebot3_ws/install/ultrasonic/lib/python3.12/site-packages/ultrasonic/ultrasonic_publisher.py to ultrasonic_publisher.cpython-312.pyc
[6.807s] running install_data
[6.810s] running install_egg_info
[6.968s] removing '/shared/students/turtlebot3_ws/install/ultrasonic/lib/python3.12/site-packages/ultrasonic-0.0.0-py3.12.egg-info' (and everything under it)
[6.970s] Copying ../../build/ultrasonic/ultrasonic.egg-info to /shared/students/turtlebot3_ws/install/ultrasonic/lib/python3.12/site-packages/ultrasonic-0.0.0-py3.12.egg-info
[6.977s] running install_scripts
[7.798s] Installing ultrasonic_publisher script to /shared/students/turtlebot3_ws/install/ultrasonic/lib/ultrasonic
[7.798s] Installing ultrasonic_subscriber script to /shared/students/turtlebot3_ws/install/ultrasonic/lib/ultrasonic
[7.800s] writing list of installed files to '/shared/students/turtlebot3_ws/build/ultrasonic/install.log'
[7.972s] Invoked command in '/shared/students/turtlebot3_ws/src/ultrasonic' returned '0': DEBUGINFOD_URLS=https://debuginfod.ubuntu.com PYTHONPATH=/shared/students/turtlebot3_ws/build/ultrasonic/prefix_override:/usr/lib/python3/dist-packages/colcon_core/task/python/colcon_distutils_commands:/shared/students/turtlebot3_ws/install/ultrasonic/lib/python3.12/site-packages:${PYTHONPATH} /usr/bin/python3 -W ignore:setup.py install is deprecated -W ignore:easy_install command is deprecated setup.py egg_info --egg-base ../../build/ultrasonic build --build-base /shared/students/turtlebot3_ws/build/ultrasonic/build install --record /shared/students/turtlebot3_ws/build/ultrasonic/install.log --single-version-externally-managed install_data
