[7.582s] Invoking command in '/shared/students/turtlebot3_ws/build/turtlebot3_example': DEBUGINFOD_URLS=https://debuginfod.ubuntu.com PYTHONPATH=/shared/students/turtlebot3_ws/build/turtlebot3_example/prefix_override:/usr/lib/python3/dist-packages/colcon_core/task/python/colcon_distutils_commands:/shared/students/turtlebot3_ws/install/turtlebot3_example/lib/python3.12/site-packages:${PYTHONPATH} /usr/bin/python3 -W ignore:setup.py install is deprecated -W ignore:easy_install command is deprecated setup.py develop --editable --build-directory /shared/students/turtlebot3_ws/build/turtlebot3_example/build --no-deps symlink_data
[9.802s] running develop
[11.292s] running egg_info
[11.292s] creating turtlebot3_example.egg-info
[11.422s] writing turtlebot3_example.egg-info/PKG-INFO
[11.424s] writing dependency_links to turtlebot3_example.egg-info/dependency_links.txt
[11.425s] writing entry points to turtlebot3_example.egg-info/entry_points.txt
[11.426s] writing requirements to turtlebot3_example.egg-info/requires.txt
[11.427s] writing top-level names to turtlebot3_example.egg-info/top_level.txt
[11.428s] writing manifest file 'turtlebot3_example.egg-info/SOURCES.txt'
[11.708s] reading manifest file 'turtlebot3_example.egg-info/SOURCES.txt'
[11.712s] writing manifest file 'turtlebot3_example.egg-info/SOURCES.txt'
[11.851s] running build_ext
[11.856s] Creating /shared/students/turtlebot3_ws/install/turtlebot3_example/lib/python3.12/site-packages/turtlebot3-example.egg-link (link to .)
[11.866s] Installing turtlebot3_obstacle_detection script to /shared/students/turtlebot3_ws/install/turtlebot3_example/lib/turtlebot3_example
[11.872s] Installing turtlebot3_patrol_client script to /shared/students/turtlebot3_ws/install/turtlebot3_example/lib/turtlebot3_example
[11.873s] Installing turtlebot3_patrol_server script to /shared/students/turtlebot3_ws/install/turtlebot3_example/lib/turtlebot3_example
[11.874s] Installing turtlebot3_position_control script to /shared/students/turtlebot3_ws/install/turtlebot3_example/lib/turtlebot3_example
[11.875s] 
[11.876s] Installed /shared/students/turtlebot3_ws/build/turtlebot3_example
[11.876s] running symlink_data
[11.877s] creating /shared/students/turtlebot3_ws/install/turtlebot3_example/share/ament_index
[11.878s] creating /shared/students/turtlebot3_ws/install/turtlebot3_example/share/ament_index/resource_index
[11.878s] creating /shared/students/turtlebot3_ws/install/turtlebot3_example/share/ament_index/resource_index/packages
[11.880s] symbolically linking /shared/students/turtlebot3_ws/build/turtlebot3_example/resource/turtlebot3_example -> /shared/students/turtlebot3_ws/install/turtlebot3_example/share/ament_index/resource_index/packages
[11.881s] symbolically linking /shared/students/turtlebot3_ws/build/turtlebot3_example/package.xml -> /shared/students/turtlebot3_ws/install/turtlebot3_example/share/turtlebot3_example
[12.100s] Invoked command in '/shared/students/turtlebot3_ws/build/turtlebot3_example' returned '0': DEBUGINFOD_URLS=https://debuginfod.ubuntu.com PYTHONPATH=/shared/students/turtlebot3_ws/build/turtlebot3_example/prefix_override:/usr/lib/python3/dist-packages/colcon_core/task/python/colcon_distutils_commands:/shared/students/turtlebot3_ws/install/turtlebot3_example/lib/python3.12/site-packages:${PYTHONPATH} /usr/bin/python3 -W ignore:setup.py install is deprecated -W ignore:easy_install command is deprecated setup.py develop --editable --build-directory /shared/students/turtlebot3_ws/build/turtlebot3_example/build --no-deps symlink_data
