[4.672s] Invoking command in '/shared/students/turtlebot3_ws/src/ultrasonic': DEBUGINFOD_URLS=https://debuginfod.ubuntu.com PYTHONPATH=/shared/students/turtlebot3_ws/build/ultrasonic/prefix_override:/usr/lib/python3/dist-packages/colcon_core/task/python/colcon_distutils_commands:/shared/students/turtlebot3_ws/install/ultrasonic/lib/python3.12/site-packages:${PYTHONPATH} /usr/bin/python3 -W ignore:setup.py install is deprecated -W ignore:easy_install command is deprecated setup.py egg_info --egg-base ../../build/ultrasonic build --build-base /shared/students/turtlebot3_ws/build/ultrasonic/build install --record /shared/students/turtlebot3_ws/build/ultrasonic/install.log --single-version-externally-managed install_data
[6.197s] running egg_info
[6.308s] writing ../../build/ultrasonic/ultrasonic.egg-info/PKG-INFO
[6.309s] writing dependency_links to ../../build/ultrasonic/ultrasonic.egg-info/dependency_links.txt
[6.315s] writing entry points to ../../build/ultrasonic/ultrasonic.egg-info/entry_points.txt
[6.318s] writing requirements to ../../build/ultrasonic/ultrasonic.egg-info/requires.txt
[6.321s] writing top-level names to ../../build/ultrasonic/ultrasonic.egg-info/top_level.txt
[6.557s] reading manifest file '../../build/ultrasonic/ultrasonic.egg-info/SOURCES.txt'
[6.561s] writing manifest file '../../build/ultrasonic/ultrasonic.egg-info/SOURCES.txt'
[6.562s] running build
[6.563s] running build_py
[6.564s] creating /shared/students/turtlebot3_ws/build/ultrasonic/build/lib/ultrasonic/nodes
[6.565s] copying ultrasonic/nodes/__init__.py -> /shared/students/turtlebot3_ws/build/ultrasonic/build/lib/ultrasonic/nodes
[6.566s] copying ultrasonic/nodes/ultrasonic.py -> /shared/students/turtlebot3_ws/build/ultrasonic/build/lib/ultrasonic/nodes
[6.567s] running install
[6.596s] running install_lib
[6.716s] creating /shared/students/turtlebot3_ws/install/ultrasonic/lib/python3.12/site-packages/ultrasonic/nodes
[6.717s] copying /shared/students/turtlebot3_ws/build/ultrasonic/build/lib/ultrasonic/nodes/__init__.py -> /shared/students/turtlebot3_ws/install/ultrasonic/lib/python3.12/site-packages/ultrasonic/nodes
[6.717s] copying /shared/students/turtlebot3_ws/build/ultrasonic/build/lib/ultrasonic/nodes/ultrasonic.py -> /shared/students/turtlebot3_ws/install/ultrasonic/lib/python3.12/site-packages/ultrasonic/nodes
[6.721s] byte-compiling /shared/students/turtlebot3_ws/install/ultrasonic/lib/python3.12/site-packages/ultrasonic/nodes/__init__.py to __init__.cpython-312.pyc
[6.723s] byte-compiling /shared/students/turtlebot3_ws/install/ultrasonic/lib/python3.12/site-packages/ultrasonic/nodes/ultrasonic.py to ultrasonic.cpython-312.pyc
[6.726s] running install_data
[6.727s] running install_egg_info
[6.847s] removing '/shared/students/turtlebot3_ws/install/ultrasonic/lib/python3.12/site-packages/ultrasonic-0.0.0-py3.12.egg-info' (and everything under it)
[6.849s] Copying ../../build/ultrasonic/ultrasonic.egg-info to /shared/students/turtlebot3_ws/install/ultrasonic/lib/python3.12/site-packages/ultrasonic-0.0.0-py3.12.egg-info
[6.857s] running install_scripts
[7.670s] Installing ultrasonic script to /shared/students/turtlebot3_ws/install/ultrasonic/lib/ultrasonic
[7.672s] writing list of installed files to '/shared/students/turtlebot3_ws/build/ultrasonic/install.log'
[7.838s] Invoked command in '/shared/students/turtlebot3_ws/src/ultrasonic' returned '0': DEBUGINFOD_URLS=https://debuginfod.ubuntu.com PYTHONPATH=/shared/students/turtlebot3_ws/build/ultrasonic/prefix_override:/usr/lib/python3/dist-packages/colcon_core/task/python/colcon_distutils_commands:/shared/students/turtlebot3_ws/install/ultrasonic/lib/python3.12/site-packages:${PYTHONPATH} /usr/bin/python3 -W ignore:setup.py install is deprecated -W ignore:easy_install command is deprecated setup.py egg_info --egg-base ../../build/ultrasonic build --build-base /shared/students/turtlebot3_ws/build/ultrasonic/build install --record /shared/students/turtlebot3_ws/build/ultrasonic/install.log --single-version-externally-managed install_data
