[0.978s] DEBUG:colcon:Command line arguments: ['/usr/bin/colcon', 'build', '--symlink-install', '--parallel-workers', '1']
[0.978s] DEBUG:colcon:Parsed command line arguments: Namespace(log_base=None, log_level=None, verb_name='build', build_base='build', install_base='install', merge_install=False, symlink_install=True, test_result_base=None, continue_on_error=False, executor='parallel', parallel_workers=1, event_handlers=None, ignore_user_meta=False, metas=['./colcon.meta'], base_paths=['.'], packages_ignore=None, packages_ignore_regex=None, paths=None, packages_up_to=None, packages_up_to_regex=None, packages_above=None, packages_above_and_dependencies=None, packages_above_depth=None, packages_select_by_dep=None, packages_skip_by_dep=None, packages_skip_up_to=None, packages_select_build_failed=False, packages_skip_build_finished=False, packages_select_test_failures=False, packages_skip_test_passed=False, packages_select=None, packages_skip=None, packages_select_regex=None, packages_skip_regex=None, packages_start=None, packages_end=None, allow_overriding=[], cmake_args=None, cmake_target=None, cmake_target_skip_unavailable=False, cmake_clean_cache=False, cmake_clean_first=False, cmake_force_configure=False, ament_cmake_args=None, catkin_cmake_args=None, catkin_skip_building_tests=False, verb_parser=<colcon_defaults.argument_parser.defaults.DefaultArgumentsDecorator object at 0xffff9e264b90>, verb_extension=<colcon_core.verb.build.BuildVerb object at 0xffff9e481340>, main=<bound method BuildVerb.main of <colcon_core.verb.build.BuildVerb object at 0xffff9e481340>>)
[1.242s] Level 1:colcon.colcon_core.package_discovery:discover_packages(colcon_meta) check parameters
[1.242s] Level 1:colcon.colcon_core.package_discovery:discover_packages(recursive) check parameters
[1.242s] Level 1:colcon.colcon_core.package_discovery:discover_packages(ignore) check parameters
[1.243s] Level 1:colcon.colcon_core.package_discovery:discover_packages(path) check parameters
[1.243s] Level 1:colcon.colcon_core.package_discovery:discover_packages(colcon_meta) discover
[1.243s] Level 1:colcon.colcon_core.package_discovery:discover_packages(recursive) discover
[1.243s] INFO:colcon.colcon_core.package_discovery:Crawling recursively for packages in '/shared/students/turtlebot3_ws'
[1.244s] Level 1:colcon.colcon_core.package_identification:_identify(.) by extensions ['ignore', 'ignore_ament_install']
[1.244s] Level 1:colcon.colcon_core.package_identification:_identify(.) by extension 'ignore'
[1.244s] Level 1:colcon.colcon_core.package_identification:_identify(.) by extension 'ignore_ament_install'
[1.245s] Level 1:colcon.colcon_core.package_identification:_identify(.) by extensions ['colcon_pkg']
[1.245s] Level 1:colcon.colcon_core.package_identification:_identify(.) by extension 'colcon_pkg'
[1.245s] Level 1:colcon.colcon_core.package_identification:_identify(.) by extensions ['colcon_meta']
[1.245s] Level 1:colcon.colcon_core.package_identification:_identify(.) by extension 'colcon_meta'
[1.246s] Level 1:colcon.colcon_core.package_identification:_identify(.) by extensions ['ros']
[1.246s] Level 1:colcon.colcon_core.package_identification:_identify(.) by extension 'ros'
[1.381s] Level 1:colcon.colcon_core.package_identification:_identify(.) by extensions ['cmake', 'python']
[1.381s] Level 1:colcon.colcon_core.package_identification:_identify(.) by extension 'cmake'
[1.381s] Level 1:colcon.colcon_core.package_identification:_identify(.) by extension 'python'
[1.382s] Level 1:colcon.colcon_core.package_identification:_identify(.) by extensions ['python_setup_py']
[1.382s] Level 1:colcon.colcon_core.package_identification:_identify(.) by extension 'python_setup_py'
[1.382s] Level 1:colcon.colcon_core.package_identification:_identify(build) by extensions ['ignore', 'ignore_ament_install']
[1.383s] Level 1:colcon.colcon_core.package_identification:_identify(build) by extension 'ignore'
[1.383s] Level 1:colcon.colcon_core.package_identification:_identify(build) ignored
[1.384s] Level 1:colcon.colcon_core.package_identification:_identify(install) by extensions ['ignore', 'ignore_ament_install']
[1.384s] Level 1:colcon.colcon_core.package_identification:_identify(install) by extension 'ignore'
[1.385s] Level 1:colcon.colcon_core.package_identification:_identify(install) ignored
[1.385s] Level 1:colcon.colcon_core.package_identification:_identify(log) by extensions ['ignore', 'ignore_ament_install']
[1.386s] Level 1:colcon.colcon_core.package_identification:_identify(log) by extension 'ignore'
[1.386s] Level 1:colcon.colcon_core.package_identification:_identify(log) ignored
[1.386s] Level 1:colcon.colcon_core.package_identification:_identify(src) by extensions ['ignore', 'ignore_ament_install']
[1.387s] Level 1:colcon.colcon_core.package_identification:_identify(src) by extension 'ignore'
[1.387s] Level 1:colcon.colcon_core.package_identification:_identify(src) by extension 'ignore_ament_install'
[1.387s] Level 1:colcon.colcon_core.package_identification:_identify(src) by extensions ['colcon_pkg']
[1.388s] Level 1:colcon.colcon_core.package_identification:_identify(src) by extension 'colcon_pkg'
[1.388s] Level 1:colcon.colcon_core.package_identification:_identify(src) by extensions ['colcon_meta']
[1.388s] Level 1:colcon.colcon_core.package_identification:_identify(src) by extension 'colcon_meta'
[1.388s] Level 1:colcon.colcon_core.package_identification:_identify(src) by extensions ['ros']
[1.388s] Level 1:colcon.colcon_core.package_identification:_identify(src) by extension 'ros'
[1.389s] Level 1:colcon.colcon_core.package_identification:_identify(src) by extensions ['cmake', 'python']
[1.389s] Level 1:colcon.colcon_core.package_identification:_identify(src) by extension 'cmake'
[1.389s] Level 1:colcon.colcon_core.package_identification:_identify(src) by extension 'python'
[1.389s] Level 1:colcon.colcon_core.package_identification:_identify(src) by extensions ['python_setup_py']
[1.390s] Level 1:colcon.colcon_core.package_identification:_identify(src) by extension 'python_setup_py'
[1.390s] Level 1:colcon.colcon_core.package_identification:_identify(src/ld08_driver) by extensions ['ignore', 'ignore_ament_install']
[1.391s] Level 1:colcon.colcon_core.package_identification:_identify(src/ld08_driver) by extension 'ignore'
[1.391s] Level 1:colcon.colcon_core.package_identification:_identify(src/ld08_driver) by extension 'ignore_ament_install'
[1.391s] Level 1:colcon.colcon_core.package_identification:_identify(src/ld08_driver) by extensions ['colcon_pkg']
[1.391s] Level 1:colcon.colcon_core.package_identification:_identify(src/ld08_driver) by extension 'colcon_pkg'
[1.392s] Level 1:colcon.colcon_core.package_identification:_identify(src/ld08_driver) by extensions ['colcon_meta']
[1.392s] Level 1:colcon.colcon_core.package_identification:_identify(src/ld08_driver) by extension 'colcon_meta'
[1.392s] Level 1:colcon.colcon_core.package_identification:_identify(src/ld08_driver) by extensions ['ros']
[1.392s] Level 1:colcon.colcon_core.package_identification:_identify(src/ld08_driver) by extension 'ros'
[1.409s] DEBUG:colcon.colcon_core.package_identification:Package 'src/ld08_driver' with type 'ros.ament_cmake' and name 'ld08_driver'
[1.410s] Level 1:colcon.colcon_core.package_identification:_identify(src/turtlebot3) by extensions ['ignore', 'ignore_ament_install']
[1.410s] Level 1:colcon.colcon_core.package_identification:_identify(src/turtlebot3) by extension 'ignore'
[1.410s] Level 1:colcon.colcon_core.package_identification:_identify(src/turtlebot3) by extension 'ignore_ament_install'
[1.411s] Level 1:colcon.colcon_core.package_identification:_identify(src/turtlebot3) by extensions ['colcon_pkg']
[1.411s] Level 1:colcon.colcon_core.package_identification:_identify(src/turtlebot3) by extension 'colcon_pkg'
[1.411s] Level 1:colcon.colcon_core.package_identification:_identify(src/turtlebot3) by extensions ['colcon_meta']
[1.411s] Level 1:colcon.colcon_core.package_identification:_identify(src/turtlebot3) by extension 'colcon_meta'
[1.411s] Level 1:colcon.colcon_core.package_identification:_identify(src/turtlebot3) by extensions ['ros']
[1.411s] Level 1:colcon.colcon_core.package_identification:_identify(src/turtlebot3) by extension 'ros'
[1.412s] Level 1:colcon.colcon_core.package_identification:_identify(src/turtlebot3) by extensions ['cmake', 'python']
[1.412s] Level 1:colcon.colcon_core.package_identification:_identify(src/turtlebot3) by extension 'cmake'
[1.412s] Level 1:colcon.colcon_core.package_identification:_identify(src/turtlebot3) by extension 'python'
[1.413s] Level 1:colcon.colcon_core.package_identification:_identify(src/turtlebot3) by extensions ['python_setup_py']
[1.413s] Level 1:colcon.colcon_core.package_identification:_identify(src/turtlebot3) by extension 'python_setup_py'
[1.413s] Level 1:colcon.colcon_core.package_identification:_identify(src/turtlebot3/turtlebot3) by extensions ['ignore', 'ignore_ament_install']
[1.414s] Level 1:colcon.colcon_core.package_identification:_identify(src/turtlebot3/turtlebot3) by extension 'ignore'
[1.414s] Level 1:colcon.colcon_core.package_identification:_identify(src/turtlebot3/turtlebot3) by extension 'ignore_ament_install'
[1.415s] Level 1:colcon.colcon_core.package_identification:_identify(src/turtlebot3/turtlebot3) by extensions ['colcon_pkg']
[1.415s] Level 1:colcon.colcon_core.package_identification:_identify(src/turtlebot3/turtlebot3) by extension 'colcon_pkg'
[1.415s] Level 1:colcon.colcon_core.package_identification:_identify(src/turtlebot3/turtlebot3) by extensions ['colcon_meta']
[1.415s] Level 1:colcon.colcon_core.package_identification:_identify(src/turtlebot3/turtlebot3) by extension 'colcon_meta'
[1.415s] Level 1:colcon.colcon_core.package_identification:_identify(src/turtlebot3/turtlebot3) by extensions ['ros']
[1.415s] Level 1:colcon.colcon_core.package_identification:_identify(src/turtlebot3/turtlebot3) by extension 'ros'
[1.419s] DEBUG:colcon.colcon_core.package_identification:Package 'src/turtlebot3/turtlebot3' with type 'ros.ament_cmake' and name 'turtlebot3'
[1.420s] Level 1:colcon.colcon_core.package_identification:_identify(src/turtlebot3/turtlebot3_bringup) by extensions ['ignore', 'ignore_ament_install']
[1.421s] Level 1:colcon.colcon_core.package_identification:_identify(src/turtlebot3/turtlebot3_bringup) by extension 'ignore'
[1.422s] Level 1:colcon.colcon_core.package_identification:_identify(src/turtlebot3/turtlebot3_bringup) by extension 'ignore_ament_install'
[1.422s] Level 1:colcon.colcon_core.package_identification:_identify(src/turtlebot3/turtlebot3_bringup) by extensions ['colcon_pkg']
[1.423s] Level 1:colcon.colcon_core.package_identification:_identify(src/turtlebot3/turtlebot3_bringup) by extension 'colcon_pkg'
[1.423s] Level 1:colcon.colcon_core.package_identification:_identify(src/turtlebot3/turtlebot3_bringup) by extensions ['colcon_meta']
[1.423s] Level 1:colcon.colcon_core.package_identification:_identify(src/turtlebot3/turtlebot3_bringup) by extension 'colcon_meta'
[1.423s] Level 1:colcon.colcon_core.package_identification:_identify(src/turtlebot3/turtlebot3_bringup) by extensions ['ros']
[1.424s] Level 1:colcon.colcon_core.package_identification:_identify(src/turtlebot3/turtlebot3_bringup) by extension 'ros'
[1.427s] DEBUG:colcon.colcon_core.package_identification:Package 'src/turtlebot3/turtlebot3_bringup' with type 'ros.ament_cmake' and name 'turtlebot3_bringup'
[1.428s] Level 1:colcon.colcon_core.package_identification:_identify(src/turtlebot3/turtlebot3_description) by extensions ['ignore', 'ignore_ament_install']
[1.428s] Level 1:colcon.colcon_core.package_identification:_identify(src/turtlebot3/turtlebot3_description) by extension 'ignore'
[1.429s] Level 1:colcon.colcon_core.package_identification:_identify(src/turtlebot3/turtlebot3_description) by extension 'ignore_ament_install'
[1.429s] Level 1:colcon.colcon_core.package_identification:_identify(src/turtlebot3/turtlebot3_description) by extensions ['colcon_pkg']
[1.429s] Level 1:colcon.colcon_core.package_identification:_identify(src/turtlebot3/turtlebot3_description) by extension 'colcon_pkg'
[1.430s] Level 1:colcon.colcon_core.package_identification:_identify(src/turtlebot3/turtlebot3_description) by extensions ['colcon_meta']
[1.430s] Level 1:colcon.colcon_core.package_identification:_identify(src/turtlebot3/turtlebot3_description) by extension 'colcon_meta'
[1.430s] Level 1:colcon.colcon_core.package_identification:_identify(src/turtlebot3/turtlebot3_description) by extensions ['ros']
[1.430s] Level 1:colcon.colcon_core.package_identification:_identify(src/turtlebot3/turtlebot3_description) by extension 'ros'
[1.433s] DEBUG:colcon.colcon_core.package_identification:Package 'src/turtlebot3/turtlebot3_description' with type 'ros.ament_cmake' and name 'turtlebot3_description'
[1.434s] Level 1:colcon.colcon_core.package_identification:_identify(src/turtlebot3/turtlebot3_example) by extensions ['ignore', 'ignore_ament_install']
[1.434s] Level 1:colcon.colcon_core.package_identification:_identify(src/turtlebot3/turtlebot3_example) by extension 'ignore'
[1.435s] Level 1:colcon.colcon_core.package_identification:_identify(src/turtlebot3/turtlebot3_example) by extension 'ignore_ament_install'
[1.435s] Level 1:colcon.colcon_core.package_identification:_identify(src/turtlebot3/turtlebot3_example) by extensions ['colcon_pkg']
[1.435s] Level 1:colcon.colcon_core.package_identification:_identify(src/turtlebot3/turtlebot3_example) by extension 'colcon_pkg'
[1.435s] Level 1:colcon.colcon_core.package_identification:_identify(src/turtlebot3/turtlebot3_example) by extensions ['colcon_meta']
[1.435s] Level 1:colcon.colcon_core.package_identification:_identify(src/turtlebot3/turtlebot3_example) by extension 'colcon_meta'
[1.436s] Level 1:colcon.colcon_core.package_identification:_identify(src/turtlebot3/turtlebot3_example) by extensions ['ros']
[1.436s] Level 1:colcon.colcon_core.package_identification:_identify(src/turtlebot3/turtlebot3_example) by extension 'ros'
[1.439s] DEBUG:colcon.colcon_core.package_identification:Package 'src/turtlebot3/turtlebot3_example' with type 'ros.ament_python' and name 'turtlebot3_example'
[1.440s] Level 1:colcon.colcon_core.package_identification:_identify(src/turtlebot3/turtlebot3_node) by extensions ['ignore', 'ignore_ament_install']
[1.441s] Level 1:colcon.colcon_core.package_identification:_identify(src/turtlebot3/turtlebot3_node) by extension 'ignore'
[1.441s] Level 1:colcon.colcon_core.package_identification:_identify(src/turtlebot3/turtlebot3_node) by extension 'ignore_ament_install'
[1.441s] Level 1:colcon.colcon_core.package_identification:_identify(src/turtlebot3/turtlebot3_node) by extensions ['colcon_pkg']
[1.441s] Level 1:colcon.colcon_core.package_identification:_identify(src/turtlebot3/turtlebot3_node) by extension 'colcon_pkg'
[1.442s] Level 1:colcon.colcon_core.package_identification:_identify(src/turtlebot3/turtlebot3_node) by extensions ['colcon_meta']
[1.442s] Level 1:colcon.colcon_core.package_identification:_identify(src/turtlebot3/turtlebot3_node) by extension 'colcon_meta'
[1.442s] Level 1:colcon.colcon_core.package_identification:_identify(src/turtlebot3/turtlebot3_node) by extensions ['ros']
[1.442s] Level 1:colcon.colcon_core.package_identification:_identify(src/turtlebot3/turtlebot3_node) by extension 'ros'
[1.448s] DEBUG:colcon.colcon_core.package_identification:Package 'src/turtlebot3/turtlebot3_node' with type 'ros.ament_cmake' and name 'turtlebot3_node'
[1.449s] Level 1:colcon.colcon_core.package_identification:_identify(src/turtlebot3/turtlebot3_teleop) by extensions ['ignore', 'ignore_ament_install']
[1.449s] Level 1:colcon.colcon_core.package_identification:_identify(src/turtlebot3/turtlebot3_teleop) by extension 'ignore'
[1.449s] Level 1:colcon.colcon_core.package_identification:_identify(src/turtlebot3/turtlebot3_teleop) by extension 'ignore_ament_install'
[1.450s] Level 1:colcon.colcon_core.package_identification:_identify(src/turtlebot3/turtlebot3_teleop) by extensions ['colcon_pkg']
[1.450s] Level 1:colcon.colcon_core.package_identification:_identify(src/turtlebot3/turtlebot3_teleop) by extension 'colcon_pkg'
[1.450s] Level 1:colcon.colcon_core.package_identification:_identify(src/turtlebot3/turtlebot3_teleop) by extensions ['colcon_meta']
[1.450s] Level 1:colcon.colcon_core.package_identification:_identify(src/turtlebot3/turtlebot3_teleop) by extension 'colcon_meta'
[1.451s] Level 1:colcon.colcon_core.package_identification:_identify(src/turtlebot3/turtlebot3_teleop) by extensions ['ros']
[1.451s] Level 1:colcon.colcon_core.package_identification:_identify(src/turtlebot3/turtlebot3_teleop) by extension 'ros'
[1.454s] DEBUG:colcon.colcon_core.package_identification:Package 'src/turtlebot3/turtlebot3_teleop' with type 'ros.ament_python' and name 'turtlebot3_teleop'
[1.454s] Level 1:colcon.colcon_core.package_discovery:discover_packages(recursive) using defaults
[1.454s] Level 1:colcon.colcon_core.package_discovery:discover_packages(ignore) discover
[1.454s] Level 1:colcon.colcon_core.package_discovery:discover_packages(ignore) using defaults
[1.455s] Level 1:colcon.colcon_core.package_discovery:discover_packages(path) discover
[1.455s] Level 1:colcon.colcon_core.package_discovery:discover_packages(path) using defaults
[1.569s] Level 1:colcon.colcon_core.package_discovery:discover_packages(prefix_path) check parameters
[1.569s] Level 1:colcon.colcon_core.package_discovery:discover_packages(prefix_path) discover
[1.589s] DEBUG:colcon.colcon_installed_package_information.package_discovery:Found 289 installed packages in /opt/ros/jazzy
[1.593s] Level 1:colcon.colcon_core.package_discovery:discover_packages(prefix_path) using defaults
[2.110s] Level 5:colcon.colcon_core.verb:set package 'ld08_driver' build argument 'cmake_args' from command line to 'None'
[2.110s] Level 5:colcon.colcon_core.verb:set package 'ld08_driver' build argument 'cmake_target' from command line to 'None'
[2.111s] Level 5:colcon.colcon_core.verb:set package 'ld08_driver' build argument 'cmake_target_skip_unavailable' from command line to 'False'
[2.111s] Level 5:colcon.colcon_core.verb:set package 'ld08_driver' build argument 'cmake_clean_cache' from command line to 'False'
[2.111s] Level 5:colcon.colcon_core.verb:set package 'ld08_driver' build argument 'cmake_clean_first' from command line to 'False'
[2.111s] Level 5:colcon.colcon_core.verb:set package 'ld08_driver' build argument 'cmake_force_configure' from command line to 'False'
[2.111s] Level 5:colcon.colcon_core.verb:set package 'ld08_driver' build argument 'ament_cmake_args' from command line to 'None'
[2.112s] Level 5:colcon.colcon_core.verb:set package 'ld08_driver' build argument 'catkin_cmake_args' from command line to 'None'
[2.112s] Level 5:colcon.colcon_core.verb:set package 'ld08_driver' build argument 'catkin_skip_building_tests' from command line to 'False'
[2.112s] DEBUG:colcon.colcon_core.verb:Building package 'ld08_driver' with the following arguments: {'ament_cmake_args': None, 'build_base': '/shared/students/turtlebot3_ws/build/ld08_driver', 'catkin_cmake_args': None, 'catkin_skip_building_tests': False, 'cmake_args': None, 'cmake_clean_cache': False, 'cmake_clean_first': False, 'cmake_force_configure': False, 'cmake_target': None, 'cmake_target_skip_unavailable': False, 'install_base': '/shared/students/turtlebot3_ws/install/ld08_driver', 'merge_install': False, 'path': '/shared/students/turtlebot3_ws/src/ld08_driver', 'symlink_install': True, 'test_result_base': None}
[2.114s] Level 5:colcon.colcon_core.verb:set package 'turtlebot3_description' build argument 'cmake_args' from command line to 'None'
[2.114s] Level 5:colcon.colcon_core.verb:set package 'turtlebot3_description' build argument 'cmake_target' from command line to 'None'
[2.115s] Level 5:colcon.colcon_core.verb:set package 'turtlebot3_description' build argument 'cmake_target_skip_unavailable' from command line to 'False'
[2.115s] Level 5:colcon.colcon_core.verb:set package 'turtlebot3_description' build argument 'cmake_clean_cache' from command line to 'False'
[2.115s] Level 5:colcon.colcon_core.verb:set package 'turtlebot3_description' build argument 'cmake_clean_first' from command line to 'False'
[2.115s] Level 5:colcon.colcon_core.verb:set package 'turtlebot3_description' build argument 'cmake_force_configure' from command line to 'False'
[2.115s] Level 5:colcon.colcon_core.verb:set package 'turtlebot3_description' build argument 'ament_cmake_args' from command line to 'None'
[2.115s] Level 5:colcon.colcon_core.verb:set package 'turtlebot3_description' build argument 'catkin_cmake_args' from command line to 'None'
[2.115s] Level 5:colcon.colcon_core.verb:set package 'turtlebot3_description' build argument 'catkin_skip_building_tests' from command line to 'False'
[2.116s] DEBUG:colcon.colcon_core.verb:Building package 'turtlebot3_description' with the following arguments: {'ament_cmake_args': None, 'build_base': '/shared/students/turtlebot3_ws/build/turtlebot3_description', 'catkin_cmake_args': None, 'catkin_skip_building_tests': False, 'cmake_args': None, 'cmake_clean_cache': False, 'cmake_clean_first': False, 'cmake_force_configure': False, 'cmake_target': None, 'cmake_target_skip_unavailable': False, 'install_base': '/shared/students/turtlebot3_ws/install/turtlebot3_description', 'merge_install': False, 'path': '/shared/students/turtlebot3_ws/src/turtlebot3/turtlebot3_description', 'symlink_install': True, 'test_result_base': None}
[2.117s] Level 5:colcon.colcon_core.verb:set package 'turtlebot3_example' build argument 'cmake_args' from command line to 'None'
[2.118s] Level 5:colcon.colcon_core.verb:set package 'turtlebot3_example' build argument 'cmake_target' from command line to 'None'
[2.118s] Level 5:colcon.colcon_core.verb:set package 'turtlebot3_example' build argument 'cmake_target_skip_unavailable' from command line to 'False'
[2.118s] Level 5:colcon.colcon_core.verb:set package 'turtlebot3_example' build argument 'cmake_clean_cache' from command line to 'False'
[2.118s] Level 5:colcon.colcon_core.verb:set package 'turtlebot3_example' build argument 'cmake_clean_first' from command line to 'False'
[2.118s] Level 5:colcon.colcon_core.verb:set package 'turtlebot3_example' build argument 'cmake_force_configure' from command line to 'False'
[2.118s] Level 5:colcon.colcon_core.verb:set package 'turtlebot3_example' build argument 'ament_cmake_args' from command line to 'None'
[2.119s] Level 5:colcon.colcon_core.verb:set package 'turtlebot3_example' build argument 'catkin_cmake_args' from command line to 'None'
[2.119s] Level 5:colcon.colcon_core.verb:set package 'turtlebot3_example' build argument 'catkin_skip_building_tests' from command line to 'False'
[2.119s] DEBUG:colcon.colcon_core.verb:Building package 'turtlebot3_example' with the following arguments: {'ament_cmake_args': None, 'build_base': '/shared/students/turtlebot3_ws/build/turtlebot3_example', 'catkin_cmake_args': None, 'catkin_skip_building_tests': False, 'cmake_args': None, 'cmake_clean_cache': False, 'cmake_clean_first': False, 'cmake_force_configure': False, 'cmake_target': None, 'cmake_target_skip_unavailable': False, 'install_base': '/shared/students/turtlebot3_ws/install/turtlebot3_example', 'merge_install': False, 'path': '/shared/students/turtlebot3_ws/src/turtlebot3/turtlebot3_example', 'symlink_install': True, 'test_result_base': None}
[2.120s] Level 5:colcon.colcon_core.verb:set package 'turtlebot3_node' build argument 'cmake_args' from command line to 'None'
[2.121s] Level 5:colcon.colcon_core.verb:set package 'turtlebot3_node' build argument 'cmake_target' from command line to 'None'
[2.121s] Level 5:colcon.colcon_core.verb:set package 'turtlebot3_node' build argument 'cmake_target_skip_unavailable' from command line to 'False'
[2.121s] Level 5:colcon.colcon_core.verb:set package 'turtlebot3_node' build argument 'cmake_clean_cache' from command line to 'False'
[2.121s] Level 5:colcon.colcon_core.verb:set package 'turtlebot3_node' build argument 'cmake_clean_first' from command line to 'False'
[2.121s] Level 5:colcon.colcon_core.verb:set package 'turtlebot3_node' build argument 'cmake_force_configure' from command line to 'False'
[2.121s] Level 5:colcon.colcon_core.verb:set package 'turtlebot3_node' build argument 'ament_cmake_args' from command line to 'None'
[2.121s] Level 5:colcon.colcon_core.verb:set package 'turtlebot3_node' build argument 'catkin_cmake_args' from command line to 'None'
[2.121s] Level 5:colcon.colcon_core.verb:set package 'turtlebot3_node' build argument 'catkin_skip_building_tests' from command line to 'False'
[2.122s] DEBUG:colcon.colcon_core.verb:Building package 'turtlebot3_node' with the following arguments: {'ament_cmake_args': None, 'build_base': '/shared/students/turtlebot3_ws/build/turtlebot3_node', 'catkin_cmake_args': None, 'catkin_skip_building_tests': False, 'cmake_args': None, 'cmake_clean_cache': False, 'cmake_clean_first': False, 'cmake_force_configure': False, 'cmake_target': None, 'cmake_target_skip_unavailable': False, 'install_base': '/shared/students/turtlebot3_ws/install/turtlebot3_node', 'merge_install': False, 'path': '/shared/students/turtlebot3_ws/src/turtlebot3/turtlebot3_node', 'symlink_install': True, 'test_result_base': None}
[2.123s] Level 5:colcon.colcon_core.verb:set package 'turtlebot3_teleop' build argument 'cmake_args' from command line to 'None'
[2.123s] Level 5:colcon.colcon_core.verb:set package 'turtlebot3_teleop' build argument 'cmake_target' from command line to 'None'
[2.123s] Level 5:colcon.colcon_core.verb:set package 'turtlebot3_teleop' build argument 'cmake_target_skip_unavailable' from command line to 'False'
[2.124s] Level 5:colcon.colcon_core.verb:set package 'turtlebot3_teleop' build argument 'cmake_clean_cache' from command line to 'False'
[2.124s] Level 5:colcon.colcon_core.verb:set package 'turtlebot3_teleop' build argument 'cmake_clean_first' from command line to 'False'
[2.124s] Level 5:colcon.colcon_core.verb:set package 'turtlebot3_teleop' build argument 'cmake_force_configure' from command line to 'False'
[2.124s] Level 5:colcon.colcon_core.verb:set package 'turtlebot3_teleop' build argument 'ament_cmake_args' from command line to 'None'
[2.124s] Level 5:colcon.colcon_core.verb:set package 'turtlebot3_teleop' build argument 'catkin_cmake_args' from command line to 'None'
[2.124s] Level 5:colcon.colcon_core.verb:set package 'turtlebot3_teleop' build argument 'catkin_skip_building_tests' from command line to 'False'
[2.124s] DEBUG:colcon.colcon_core.verb:Building package 'turtlebot3_teleop' with the following arguments: {'ament_cmake_args': None, 'build_base': '/shared/students/turtlebot3_ws/build/turtlebot3_teleop', 'catkin_cmake_args': None, 'catkin_skip_building_tests': False, 'cmake_args': None, 'cmake_clean_cache': False, 'cmake_clean_first': False, 'cmake_force_configure': False, 'cmake_target': None, 'cmake_target_skip_unavailable': False, 'install_base': '/shared/students/turtlebot3_ws/install/turtlebot3_teleop', 'merge_install': False, 'path': '/shared/students/turtlebot3_ws/src/turtlebot3/turtlebot3_teleop', 'symlink_install': True, 'test_result_base': None}
[2.126s] Level 5:colcon.colcon_core.verb:set package 'turtlebot3_bringup' build argument 'cmake_args' from command line to 'None'
[2.126s] Level 5:colcon.colcon_core.verb:set package 'turtlebot3_bringup' build argument 'cmake_target' from command line to 'None'
[2.126s] Level 5:colcon.colcon_core.verb:set package 'turtlebot3_bringup' build argument 'cmake_target_skip_unavailable' from command line to 'False'
[2.126s] Level 5:colcon.colcon_core.verb:set package 'turtlebot3_bringup' build argument 'cmake_clean_cache' from command line to 'False'
[2.126s] Level 5:colcon.colcon_core.verb:set package 'turtlebot3_bringup' build argument 'cmake_clean_first' from command line to 'False'
[2.126s] Level 5:colcon.colcon_core.verb:set package 'turtlebot3_bringup' build argument 'cmake_force_configure' from command line to 'False'
[2.127s] Level 5:colcon.colcon_core.verb:set package 'turtlebot3_bringup' build argument 'ament_cmake_args' from command line to 'None'
[2.127s] Level 5:colcon.colcon_core.verb:set package 'turtlebot3_bringup' build argument 'catkin_cmake_args' from command line to 'None'
[2.127s] Level 5:colcon.colcon_core.verb:set package 'turtlebot3_bringup' build argument 'catkin_skip_building_tests' from command line to 'False'
[2.127s] DEBUG:colcon.colcon_core.verb:Building package 'turtlebot3_bringup' with the following arguments: {'ament_cmake_args': None, 'build_base': '/shared/students/turtlebot3_ws/build/turtlebot3_bringup', 'catkin_cmake_args': None, 'catkin_skip_building_tests': False, 'cmake_args': None, 'cmake_clean_cache': False, 'cmake_clean_first': False, 'cmake_force_configure': False, 'cmake_target': None, 'cmake_target_skip_unavailable': False, 'install_base': '/shared/students/turtlebot3_ws/install/turtlebot3_bringup', 'merge_install': False, 'path': '/shared/students/turtlebot3_ws/src/turtlebot3/turtlebot3_bringup', 'symlink_install': True, 'test_result_base': None}
[2.129s] Level 5:colcon.colcon_core.verb:set package 'turtlebot3' build argument 'cmake_args' from command line to 'None'
[2.129s] Level 5:colcon.colcon_core.verb:set package 'turtlebot3' build argument 'cmake_target' from command line to 'None'
[2.129s] Level 5:colcon.colcon_core.verb:set package 'turtlebot3' build argument 'cmake_target_skip_unavailable' from command line to 'False'
[2.129s] Level 5:colcon.colcon_core.verb:set package 'turtlebot3' build argument 'cmake_clean_cache' from command line to 'False'
[2.129s] Level 5:colcon.colcon_core.verb:set package 'turtlebot3' build argument 'cmake_clean_first' from command line to 'False'
[2.129s] Level 5:colcon.colcon_core.verb:set package 'turtlebot3' build argument 'cmake_force_configure' from command line to 'False'
[2.129s] Level 5:colcon.colcon_core.verb:set package 'turtlebot3' build argument 'ament_cmake_args' from command line to 'None'
[2.130s] Level 5:colcon.colcon_core.verb:set package 'turtlebot3' build argument 'catkin_cmake_args' from command line to 'None'
[2.130s] Level 5:colcon.colcon_core.verb:set package 'turtlebot3' build argument 'catkin_skip_building_tests' from command line to 'False'
[2.130s] DEBUG:colcon.colcon_core.verb:Building package 'turtlebot3' with the following arguments: {'ament_cmake_args': None, 'build_base': '/shared/students/turtlebot3_ws/build/turtlebot3', 'catkin_cmake_args': None, 'catkin_skip_building_tests': False, 'cmake_args': None, 'cmake_clean_cache': False, 'cmake_clean_first': False, 'cmake_force_configure': False, 'cmake_target': None, 'cmake_target_skip_unavailable': False, 'install_base': '/shared/students/turtlebot3_ws/install/turtlebot3', 'merge_install': False, 'path': '/shared/students/turtlebot3_ws/src/turtlebot3/turtlebot3', 'symlink_install': True, 'test_result_base': None}
[2.130s] INFO:colcon.colcon_core.executor:Executing jobs using 'parallel' executor
[2.134s] DEBUG:colcon.colcon_parallel_executor.executor.parallel:run_until_complete
[2.136s] INFO:colcon.colcon_ros.task.ament_cmake.build:Building ROS package in '/shared/students/turtlebot3_ws/src/turtlebot3/turtlebot3_description' with build type 'ament_cmake'
[2.137s] INFO:colcon.colcon_cmake.task.cmake.build:Building CMake package in '/shared/students/turtlebot3_ws/src/turtlebot3/turtlebot3_description'
[2.154s] INFO:colcon.colcon_core.plugin_system:Skipping extension 'colcon_core.shell.bat': Not used on non-Windows systems
[2.156s] INFO:colcon.colcon_core.shell:Skip shell extension 'powershell' for command environment: Not usable outside of PowerShell
[2.156s] DEBUG:colcon.colcon_core.shell:Skip shell extension 'dsv' for command environment
[2.242s] DEBUG:colcon.colcon_core.event_handler.log_command:Invoking command in '/shared/students/turtlebot3_ws/build/turtlebot3_description': CMAKE_PREFIX_PATH=${CMAKE_PREFIX_PATH}:/opt/ros/jazzy DEBUGINFOD_URLS=https://debuginfod.ubuntu.com /usr/bin/cmake --build /shared/students/turtlebot3_ws/build/turtlebot3_description -- -j4 -l4
[2.513s] DEBUG:colcon.colcon_core.event_handler.log_command:Invoked command in '/shared/students/turtlebot3_ws/build/turtlebot3_description' returned '0': CMAKE_PREFIX_PATH=${CMAKE_PREFIX_PATH}:/opt/ros/jazzy DEBUGINFOD_URLS=https://debuginfod.ubuntu.com /usr/bin/cmake --build /shared/students/turtlebot3_ws/build/turtlebot3_description -- -j4 -l4
[2.588s] DEBUG:colcon.colcon_core.event_handler.log_command:Invoking command in '/shared/students/turtlebot3_ws/build/turtlebot3_description': CMAKE_PREFIX_PATH=${CMAKE_PREFIX_PATH}:/opt/ros/jazzy DEBUGINFOD_URLS=https://debuginfod.ubuntu.com /usr/bin/cmake --install /shared/students/turtlebot3_ws/build/turtlebot3_description
[2.748s] Level 1:colcon.colcon_core.environment:create_environment_scripts_only(turtlebot3_description)
[2.750s] DEBUG:colcon.colcon_core.event_handler.log_command:Invoked command in '/shared/students/turtlebot3_ws/build/turtlebot3_description' returned '0': CMAKE_PREFIX_PATH=${CMAKE_PREFIX_PATH}:/opt/ros/jazzy DEBUGINFOD_URLS=https://debuginfod.ubuntu.com /usr/bin/cmake --install /shared/students/turtlebot3_ws/build/turtlebot3_description
[2.768s] Level 1:colcon.colcon_core.environment:checking '/shared/students/turtlebot3_ws/install/turtlebot3_description' for CMake module files
[2.772s] Level 1:colcon.colcon_core.environment:checking '/shared/students/turtlebot3_ws/install/turtlebot3_description' for CMake config files
[2.776s] Level 1:colcon.colcon_core.shell:create_environment_hook('turtlebot3_description', 'cmake_prefix_path')
[2.776s] INFO:colcon.colcon_core.shell:Creating environment hook '/shared/students/turtlebot3_ws/install/turtlebot3_description/share/turtlebot3_description/hook/cmake_prefix_path.ps1'
[2.779s] INFO:colcon.colcon_core.shell:Creating environment descriptor '/shared/students/turtlebot3_ws/install/turtlebot3_description/share/turtlebot3_description/hook/cmake_prefix_path.dsv'
[2.782s] INFO:colcon.colcon_core.shell:Creating environment hook '/shared/students/turtlebot3_ws/install/turtlebot3_description/share/turtlebot3_description/hook/cmake_prefix_path.sh'
[2.786s] Level 1:colcon.colcon_core.environment:checking '/shared/students/turtlebot3_ws/install/turtlebot3_description/bin'
[2.786s] Level 1:colcon.colcon_core.environment:checking '/shared/students/turtlebot3_ws/install/turtlebot3_description/lib/pkgconfig/turtlebot3_description.pc'
[2.787s] Level 1:colcon.colcon_core.environment:checking '/shared/students/turtlebot3_ws/install/turtlebot3_description/lib/python3.12/site-packages'
[2.788s] Level 1:colcon.colcon_core.environment:checking '/shared/students/turtlebot3_ws/install/turtlebot3_description/bin'
[2.789s] INFO:colcon.colcon_core.shell:Creating package script '/shared/students/turtlebot3_ws/install/turtlebot3_description/share/turtlebot3_description/package.ps1'
[2.793s] INFO:colcon.colcon_core.shell:Creating package descriptor '/shared/students/turtlebot3_ws/install/turtlebot3_description/share/turtlebot3_description/package.dsv'
[2.795s] INFO:colcon.colcon_core.shell:Creating package script '/shared/students/turtlebot3_ws/install/turtlebot3_description/share/turtlebot3_description/package.sh'
[2.799s] INFO:colcon.colcon_core.shell:Creating package script '/shared/students/turtlebot3_ws/install/turtlebot3_description/share/turtlebot3_description/package.bash'
[2.802s] INFO:colcon.colcon_core.shell:Creating package script '/shared/students/turtlebot3_ws/install/turtlebot3_description/share/turtlebot3_description/package.zsh'
[2.805s] Level 1:colcon.colcon_core.environment:create_file_with_runtime_dependencies(/shared/students/turtlebot3_ws/install/turtlebot3_description/share/colcon-core/packages/turtlebot3_description)
[2.808s] Level 1:colcon.colcon_core.environment:create_environment_scripts_only(turtlebot3_description)
[2.809s] Level 1:colcon.colcon_core.environment:checking '/shared/students/turtlebot3_ws/install/turtlebot3_description' for CMake module files
[2.813s] Level 1:colcon.colcon_core.environment:checking '/shared/students/turtlebot3_ws/install/turtlebot3_description' for CMake config files
[2.816s] Level 1:colcon.colcon_core.shell:create_environment_hook('turtlebot3_description', 'cmake_prefix_path')
[2.816s] INFO:colcon.colcon_core.shell:Creating environment hook '/shared/students/turtlebot3_ws/install/turtlebot3_description/share/turtlebot3_description/hook/cmake_prefix_path.ps1'
[2.819s] INFO:colcon.colcon_core.shell:Creating environment descriptor '/shared/students/turtlebot3_ws/install/turtlebot3_description/share/turtlebot3_description/hook/cmake_prefix_path.dsv'
[2.821s] INFO:colcon.colcon_core.shell:Creating environment hook '/shared/students/turtlebot3_ws/install/turtlebot3_description/share/turtlebot3_description/hook/cmake_prefix_path.sh'
[2.824s] Level 1:colcon.colcon_core.environment:checking '/shared/students/turtlebot3_ws/install/turtlebot3_description/bin'
[2.824s] Level 1:colcon.colcon_core.environment:checking '/shared/students/turtlebot3_ws/install/turtlebot3_description/lib/pkgconfig/turtlebot3_description.pc'
[2.825s] Level 1:colcon.colcon_core.environment:checking '/shared/students/turtlebot3_ws/install/turtlebot3_description/lib/python3.12/site-packages'
[2.826s] Level 1:colcon.colcon_core.environment:checking '/shared/students/turtlebot3_ws/install/turtlebot3_description/bin'
[2.827s] INFO:colcon.colcon_core.shell:Creating package script '/shared/students/turtlebot3_ws/install/turtlebot3_description/share/turtlebot3_description/package.ps1'
[2.830s] INFO:colcon.colcon_core.shell:Creating package descriptor '/shared/students/turtlebot3_ws/install/turtlebot3_description/share/turtlebot3_description/package.dsv'
[2.833s] INFO:colcon.colcon_core.shell:Creating package script '/shared/students/turtlebot3_ws/install/turtlebot3_description/share/turtlebot3_description/package.sh'
[2.835s] INFO:colcon.colcon_core.shell:Creating package script '/shared/students/turtlebot3_ws/install/turtlebot3_description/share/turtlebot3_description/package.bash'
[2.838s] INFO:colcon.colcon_core.shell:Creating package script '/shared/students/turtlebot3_ws/install/turtlebot3_description/share/turtlebot3_description/package.zsh'
[2.841s] Level 1:colcon.colcon_core.environment:create_file_with_runtime_dependencies(/shared/students/turtlebot3_ws/install/turtlebot3_description/share/colcon-core/packages/turtlebot3_description)
[2.845s] INFO:colcon.colcon_ros.task.ament_cmake.build:Building ROS package in '/shared/students/turtlebot3_ws/src/turtlebot3/turtlebot3_node' with build type 'ament_cmake'
[2.848s] INFO:colcon.colcon_cmake.task.cmake.build:Building CMake package in '/shared/students/turtlebot3_ws/src/turtlebot3/turtlebot3_node'
[2.849s] INFO:colcon.colcon_core.shell:Skip shell extension 'powershell' for command environment: Not usable outside of PowerShell
[2.850s] DEBUG:colcon.colcon_core.shell:Skip shell extension 'dsv' for command environment
[2.907s] DEBUG:colcon.colcon_core.event_handler.log_command:Invoking command in '/shared/students/turtlebot3_ws/build/turtlebot3_node': CMAKE_PREFIX_PATH=${CMAKE_PREFIX_PATH}:/opt/ros/jazzy DEBUGINFOD_URLS=https://debuginfod.ubuntu.com /usr/bin/cmake --build /shared/students/turtlebot3_ws/build/turtlebot3_node -- -j4 -l4
[3.813s] DEBUG:colcon.colcon_core.event_handler.log_command:Invoked command in '/shared/students/turtlebot3_ws/build/turtlebot3_node' returned '0': CMAKE_PREFIX_PATH=${CMAKE_PREFIX_PATH}:/opt/ros/jazzy DEBUGINFOD_URLS=https://debuginfod.ubuntu.com /usr/bin/cmake --build /shared/students/turtlebot3_ws/build/turtlebot3_node -- -j4 -l4
[3.821s] DEBUG:colcon.colcon_core.event_handler.log_command:Invoking command in '/shared/students/turtlebot3_ws/build/turtlebot3_node': CMAKE_PREFIX_PATH=${CMAKE_PREFIX_PATH}:/opt/ros/jazzy DEBUGINFOD_URLS=https://debuginfod.ubuntu.com /usr/bin/cmake --install /shared/students/turtlebot3_ws/build/turtlebot3_node
[3.968s] Level 1:colcon.colcon_core.environment:create_environment_scripts_only(turtlebot3_node)
[3.970s] Level 1:colcon.colcon_core.environment:checking '/shared/students/turtlebot3_ws/install/turtlebot3_node' for CMake module files
[3.975s] DEBUG:colcon.colcon_core.event_handler.log_command:Invoked command in '/shared/students/turtlebot3_ws/build/turtlebot3_node' returned '0': CMAKE_PREFIX_PATH=${CMAKE_PREFIX_PATH}:/opt/ros/jazzy DEBUGINFOD_URLS=https://debuginfod.ubuntu.com /usr/bin/cmake --install /shared/students/turtlebot3_ws/build/turtlebot3_node
[3.980s] Level 1:colcon.colcon_core.environment:checking '/shared/students/turtlebot3_ws/install/turtlebot3_node' for CMake config files
[3.983s] Level 1:colcon.colcon_core.shell:create_environment_hook('turtlebot3_node', 'cmake_prefix_path')
[3.984s] INFO:colcon.colcon_core.shell:Creating environment hook '/shared/students/turtlebot3_ws/install/turtlebot3_node/share/turtlebot3_node/hook/cmake_prefix_path.ps1'
[3.987s] INFO:colcon.colcon_core.shell:Creating environment descriptor '/shared/students/turtlebot3_ws/install/turtlebot3_node/share/turtlebot3_node/hook/cmake_prefix_path.dsv'
[4.016s] INFO:colcon.colcon_core.shell:Creating environment hook '/shared/students/turtlebot3_ws/install/turtlebot3_node/share/turtlebot3_node/hook/cmake_prefix_path.sh'
[4.020s] Level 1:colcon.colcon_core.environment:checking '/shared/students/turtlebot3_ws/install/turtlebot3_node/lib'
[4.021s] Level 1:colcon.colcon_core.environment:checking '/shared/students/turtlebot3_ws/install/turtlebot3_node/bin'
[4.021s] Level 1:colcon.colcon_core.environment:checking '/shared/students/turtlebot3_ws/install/turtlebot3_node/lib/pkgconfig/turtlebot3_node.pc'
[4.023s] Level 1:colcon.colcon_core.environment:checking '/shared/students/turtlebot3_ws/install/turtlebot3_node/lib/python3.12/site-packages'
[4.024s] Level 1:colcon.colcon_core.environment:checking '/shared/students/turtlebot3_ws/install/turtlebot3_node/bin'
[4.025s] INFO:colcon.colcon_core.shell:Creating package script '/shared/students/turtlebot3_ws/install/turtlebot3_node/share/turtlebot3_node/package.ps1'
[4.028s] INFO:colcon.colcon_core.shell:Creating package descriptor '/shared/students/turtlebot3_ws/install/turtlebot3_node/share/turtlebot3_node/package.dsv'
[4.030s] INFO:colcon.colcon_core.shell:Creating package script '/shared/students/turtlebot3_ws/install/turtlebot3_node/share/turtlebot3_node/package.sh'
[4.033s] INFO:colcon.colcon_core.shell:Creating package script '/shared/students/turtlebot3_ws/install/turtlebot3_node/share/turtlebot3_node/package.bash'
[4.035s] INFO:colcon.colcon_core.shell:Creating package script '/shared/students/turtlebot3_ws/install/turtlebot3_node/share/turtlebot3_node/package.zsh'
[4.037s] Level 1:colcon.colcon_core.environment:create_file_with_runtime_dependencies(/shared/students/turtlebot3_ws/install/turtlebot3_node/share/colcon-core/packages/turtlebot3_node)
[4.040s] Level 1:colcon.colcon_core.environment:create_environment_scripts_only(turtlebot3_node)
[4.040s] Level 1:colcon.colcon_core.environment:checking '/shared/students/turtlebot3_ws/install/turtlebot3_node' for CMake module files
[4.044s] Level 1:colcon.colcon_core.environment:checking '/shared/students/turtlebot3_ws/install/turtlebot3_node' for CMake config files
[4.048s] Level 1:colcon.colcon_core.shell:create_environment_hook('turtlebot3_node', 'cmake_prefix_path')
[4.048s] INFO:colcon.colcon_core.shell:Creating environment hook '/shared/students/turtlebot3_ws/install/turtlebot3_node/share/turtlebot3_node/hook/cmake_prefix_path.ps1'
[4.051s] INFO:colcon.colcon_core.shell:Creating environment descriptor '/shared/students/turtlebot3_ws/install/turtlebot3_node/share/turtlebot3_node/hook/cmake_prefix_path.dsv'
[4.053s] INFO:colcon.colcon_core.shell:Creating environment hook '/shared/students/turtlebot3_ws/install/turtlebot3_node/share/turtlebot3_node/hook/cmake_prefix_path.sh'
[4.056s] Level 1:colcon.colcon_core.environment:checking '/shared/students/turtlebot3_ws/install/turtlebot3_node/lib'
[4.056s] Level 1:colcon.colcon_core.environment:checking '/shared/students/turtlebot3_ws/install/turtlebot3_node/bin'
[4.057s] Level 1:colcon.colcon_core.environment:checking '/shared/students/turtlebot3_ws/install/turtlebot3_node/lib/pkgconfig/turtlebot3_node.pc'
[4.058s] Level 1:colcon.colcon_core.environment:checking '/shared/students/turtlebot3_ws/install/turtlebot3_node/lib/python3.12/site-packages'
[4.059s] Level 1:colcon.colcon_core.environment:checking '/shared/students/turtlebot3_ws/install/turtlebot3_node/bin'
[4.060s] INFO:colcon.colcon_core.shell:Creating package script '/shared/students/turtlebot3_ws/install/turtlebot3_node/share/turtlebot3_node/package.ps1'
[4.064s] INFO:colcon.colcon_core.shell:Creating package descriptor '/shared/students/turtlebot3_ws/install/turtlebot3_node/share/turtlebot3_node/package.dsv'
[4.067s] INFO:colcon.colcon_core.shell:Creating package script '/shared/students/turtlebot3_ws/install/turtlebot3_node/share/turtlebot3_node/package.sh'
[4.075s] INFO:colcon.colcon_core.shell:Creating package script '/shared/students/turtlebot3_ws/install/turtlebot3_node/share/turtlebot3_node/package.bash'
[4.079s] INFO:colcon.colcon_core.shell:Creating package script '/shared/students/turtlebot3_ws/install/turtlebot3_node/share/turtlebot3_node/package.zsh'
[4.082s] Level 1:colcon.colcon_core.environment:create_file_with_runtime_dependencies(/shared/students/turtlebot3_ws/install/turtlebot3_node/share/colcon-core/packages/turtlebot3_node)
[4.085s] INFO:colcon.colcon_ros.task.ament_python.build:Building ROS package in '/shared/students/turtlebot3_ws/src/turtlebot3/turtlebot3_example' with build type 'ament_python'
[4.086s] Level 1:colcon.colcon_core.shell:create_environment_hook('turtlebot3_example', 'ament_prefix_path')
[4.088s] INFO:colcon.colcon_core.shell:Creating environment hook '/shared/students/turtlebot3_ws/install/turtlebot3_example/share/turtlebot3_example/hook/ament_prefix_path.ps1'
[4.115s] INFO:colcon.colcon_core.shell:Creating environment descriptor '/shared/students/turtlebot3_ws/install/turtlebot3_example/share/turtlebot3_example/hook/ament_prefix_path.dsv'
[4.119s] INFO:colcon.colcon_core.shell:Creating environment hook '/shared/students/turtlebot3_ws/install/turtlebot3_example/share/turtlebot3_example/hook/ament_prefix_path.sh'
[4.124s] INFO:colcon.colcon_core.shell:Skip shell extension 'powershell' for command environment: Not usable outside of PowerShell
[4.124s] DEBUG:colcon.colcon_core.shell:Skip shell extension 'dsv' for command environment
[5.533s] INFO:colcon.colcon_core.task.python.build:Building Python package in '/shared/students/turtlebot3_ws/src/turtlebot3/turtlebot3_example'
[5.534s] INFO:colcon.colcon_core.shell:Skip shell extension 'powershell' for command environment: Not usable outside of PowerShell
[5.534s] DEBUG:colcon.colcon_core.shell:Skip shell extension 'dsv' for command environment
[9.327s] DEBUG:colcon.colcon_core.event_handler.log_command:Invoking command in '/shared/students/turtlebot3_ws/build/turtlebot3_example': DEBUGINFOD_URLS=https://debuginfod.ubuntu.com PYTHONPATH=/shared/students/turtlebot3_ws/build/turtlebot3_example/prefix_override:/usr/lib/python3/dist-packages/colcon_core/task/python/colcon_distutils_commands:/shared/students/turtlebot3_ws/install/turtlebot3_example/lib/python3.12/site-packages:${PYTHONPATH} /usr/bin/python3 -W ignore:setup.py install is deprecated -W ignore:easy_install command is deprecated setup.py develop --editable --build-directory /shared/students/turtlebot3_ws/build/turtlebot3_example/build --no-deps symlink_data
[13.610s] Level 1:colcon.colcon_core.shell:create_environment_hook('turtlebot3_example', 'pythonpath_develop')
[13.611s] INFO:colcon.colcon_core.shell:Creating environment hook '/shared/students/turtlebot3_ws/build/turtlebot3_example/share/turtlebot3_example/hook/pythonpath_develop.ps1'
[13.613s] DEBUG:colcon.colcon_core.event_handler.log_command:Invoked command in '/shared/students/turtlebot3_ws/build/turtlebot3_example' returned '0': DEBUGINFOD_URLS=https://debuginfod.ubuntu.com PYTHONPATH=/shared/students/turtlebot3_ws/build/turtlebot3_example/prefix_override:/usr/lib/python3/dist-packages/colcon_core/task/python/colcon_distutils_commands:/shared/students/turtlebot3_ws/install/turtlebot3_example/lib/python3.12/site-packages:${PYTHONPATH} /usr/bin/python3 -W ignore:setup.py install is deprecated -W ignore:easy_install command is deprecated setup.py develop --editable --build-directory /shared/students/turtlebot3_ws/build/turtlebot3_example/build --no-deps symlink_data
[13.615s] INFO:colcon.colcon_core.shell:Creating environment descriptor '/shared/students/turtlebot3_ws/build/turtlebot3_example/share/turtlebot3_example/hook/pythonpath_develop.dsv'
[13.618s] INFO:colcon.colcon_core.shell:Creating environment hook '/shared/students/turtlebot3_ws/build/turtlebot3_example/share/turtlebot3_example/hook/pythonpath_develop.sh'
[13.621s] Level 1:colcon.colcon_core.environment:checking '/shared/students/turtlebot3_ws/install/turtlebot3_example' for CMake module files
[13.625s] Level 1:colcon.colcon_core.environment:checking '/shared/students/turtlebot3_ws/install/turtlebot3_example' for CMake config files
[13.628s] Level 1:colcon.colcon_core.environment:checking '/shared/students/turtlebot3_ws/install/turtlebot3_example/lib'
[13.629s] Level 1:colcon.colcon_core.environment:checking '/shared/students/turtlebot3_ws/install/turtlebot3_example/bin'
[13.629s] Level 1:colcon.colcon_core.environment:checking '/shared/students/turtlebot3_ws/install/turtlebot3_example/lib/pkgconfig/turtlebot3_example.pc'
[13.630s] Level 1:colcon.colcon_core.environment:checking '/shared/students/turtlebot3_ws/install/turtlebot3_example/lib/python3.12/site-packages'
[13.630s] Level 1:colcon.colcon_core.shell:create_environment_hook('turtlebot3_example', 'pythonpath')
[13.631s] INFO:colcon.colcon_core.shell:Creating environment hook '/shared/students/turtlebot3_ws/install/turtlebot3_example/share/turtlebot3_example/hook/pythonpath.ps1'
[13.634s] INFO:colcon.colcon_core.shell:Creating environment descriptor '/shared/students/turtlebot3_ws/install/turtlebot3_example/share/turtlebot3_example/hook/pythonpath.dsv'
[13.635s] INFO:colcon.colcon_core.shell:Creating environment hook '/shared/students/turtlebot3_ws/install/turtlebot3_example/share/turtlebot3_example/hook/pythonpath.sh'
[13.638s] Level 1:colcon.colcon_core.environment:checking '/shared/students/turtlebot3_ws/install/turtlebot3_example/bin'
[13.639s] Level 1:colcon.colcon_core.environment:create_environment_scripts_only(turtlebot3_example)
[13.640s] INFO:colcon.colcon_core.shell:Creating package script '/shared/students/turtlebot3_ws/install/turtlebot3_example/share/turtlebot3_example/package.ps1'
[13.644s] INFO:colcon.colcon_core.shell:Creating package descriptor '/shared/students/turtlebot3_ws/install/turtlebot3_example/share/turtlebot3_example/package.dsv'
[13.650s] INFO:colcon.colcon_core.shell:Creating package script '/shared/students/turtlebot3_ws/install/turtlebot3_example/share/turtlebot3_example/package.sh'
[13.656s] INFO:colcon.colcon_core.shell:Creating package script '/shared/students/turtlebot3_ws/install/turtlebot3_example/share/turtlebot3_example/package.bash'
[13.660s] INFO:colcon.colcon_core.shell:Creating package script '/shared/students/turtlebot3_ws/install/turtlebot3_example/share/turtlebot3_example/package.zsh'
[13.662s] Level 1:colcon.colcon_core.environment:create_file_with_runtime_dependencies(/shared/students/turtlebot3_ws/install/turtlebot3_example/share/colcon-core/packages/turtlebot3_example)
[13.664s] INFO:colcon.colcon_ros.task.ament_python.build:Building ROS package in '/shared/students/turtlebot3_ws/src/turtlebot3/turtlebot3_teleop' with build type 'ament_python'
[13.665s] Level 1:colcon.colcon_core.shell:create_environment_hook('turtlebot3_teleop', 'ament_prefix_path')
[13.666s] INFO:colcon.colcon_core.shell:Creating environment hook '/shared/students/turtlebot3_ws/install/turtlebot3_teleop/share/turtlebot3_teleop/hook/ament_prefix_path.ps1'
[13.671s] INFO:colcon.colcon_core.shell:Creating environment descriptor '/shared/students/turtlebot3_ws/install/turtlebot3_teleop/share/turtlebot3_teleop/hook/ament_prefix_path.dsv'
[13.673s] INFO:colcon.colcon_core.shell:Creating environment hook '/shared/students/turtlebot3_ws/install/turtlebot3_teleop/share/turtlebot3_teleop/hook/ament_prefix_path.sh'
[13.676s] INFO:colcon.colcon_core.shell:Skip shell extension 'powershell' for command environment: Not usable outside of PowerShell
[13.676s] DEBUG:colcon.colcon_core.shell:Skip shell extension 'dsv' for command environment
[15.016s] INFO:colcon.colcon_core.task.python.build:Building Python package in '/shared/students/turtlebot3_ws/src/turtlebot3/turtlebot3_teleop'
[15.017s] INFO:colcon.colcon_core.shell:Skip shell extension 'powershell' for command environment: Not usable outside of PowerShell
[15.017s] DEBUG:colcon.colcon_core.shell:Skip shell extension 'dsv' for command environment
[18.777s] DEBUG:colcon.colcon_core.event_handler.log_command:Invoking command in '/shared/students/turtlebot3_ws/build/turtlebot3_teleop': DEBUGINFOD_URLS=https://debuginfod.ubuntu.com PYTHONPATH=/shared/students/turtlebot3_ws/build/turtlebot3_teleop/prefix_override:/usr/lib/python3/dist-packages/colcon_core/task/python/colcon_distutils_commands:/shared/students/turtlebot3_ws/install/turtlebot3_teleop/lib/python3.12/site-packages:${PYTHONPATH} /usr/bin/python3 -W ignore:setup.py install is deprecated -W ignore:easy_install command is deprecated setup.py develop --editable --build-directory /shared/students/turtlebot3_ws/build/turtlebot3_teleop/build --no-deps symlink_data
[23.029s] Level 1:colcon.colcon_core.shell:create_environment_hook('turtlebot3_teleop', 'pythonpath_develop')
[23.030s] INFO:colcon.colcon_core.shell:Creating environment hook '/shared/students/turtlebot3_ws/build/turtlebot3_teleop/share/turtlebot3_teleop/hook/pythonpath_develop.ps1'
[23.032s] DEBUG:colcon.colcon_core.event_handler.log_command:Invoked command in '/shared/students/turtlebot3_ws/build/turtlebot3_teleop' returned '0': DEBUGINFOD_URLS=https://debuginfod.ubuntu.com PYTHONPATH=/shared/students/turtlebot3_ws/build/turtlebot3_teleop/prefix_override:/usr/lib/python3/dist-packages/colcon_core/task/python/colcon_distutils_commands:/shared/students/turtlebot3_ws/install/turtlebot3_teleop/lib/python3.12/site-packages:${PYTHONPATH} /usr/bin/python3 -W ignore:setup.py install is deprecated -W ignore:easy_install command is deprecated setup.py develop --editable --build-directory /shared/students/turtlebot3_ws/build/turtlebot3_teleop/build --no-deps symlink_data
[23.035s] INFO:colcon.colcon_core.shell:Creating environment descriptor '/shared/students/turtlebot3_ws/build/turtlebot3_teleop/share/turtlebot3_teleop/hook/pythonpath_develop.dsv'
[23.042s] INFO:colcon.colcon_core.shell:Creating environment hook '/shared/students/turtlebot3_ws/build/turtlebot3_teleop/share/turtlebot3_teleop/hook/pythonpath_develop.sh'
[23.046s] Level 1:colcon.colcon_core.environment:checking '/shared/students/turtlebot3_ws/install/turtlebot3_teleop' for CMake module files
[23.049s] Level 1:colcon.colcon_core.environment:checking '/shared/students/turtlebot3_ws/install/turtlebot3_teleop' for CMake config files
[23.052s] Level 1:colcon.colcon_core.environment:checking '/shared/students/turtlebot3_ws/install/turtlebot3_teleop/lib'
[23.053s] Level 1:colcon.colcon_core.environment:checking '/shared/students/turtlebot3_ws/install/turtlebot3_teleop/bin'
[23.053s] Level 1:colcon.colcon_core.environment:checking '/shared/students/turtlebot3_ws/install/turtlebot3_teleop/lib/pkgconfig/turtlebot3_teleop.pc'
[23.054s] Level 1:colcon.colcon_core.environment:checking '/shared/students/turtlebot3_ws/install/turtlebot3_teleop/lib/python3.12/site-packages'
[23.055s] Level 1:colcon.colcon_core.shell:create_environment_hook('turtlebot3_teleop', 'pythonpath')
[23.056s] INFO:colcon.colcon_core.shell:Creating environment hook '/shared/students/turtlebot3_ws/install/turtlebot3_teleop/share/turtlebot3_teleop/hook/pythonpath.ps1'
[23.058s] INFO:colcon.colcon_core.shell:Creating environment descriptor '/shared/students/turtlebot3_ws/install/turtlebot3_teleop/share/turtlebot3_teleop/hook/pythonpath.dsv'
[23.060s] INFO:colcon.colcon_core.shell:Creating environment hook '/shared/students/turtlebot3_ws/install/turtlebot3_teleop/share/turtlebot3_teleop/hook/pythonpath.sh'
[23.063s] Level 1:colcon.colcon_core.environment:checking '/shared/students/turtlebot3_ws/install/turtlebot3_teleop/bin'
[23.063s] Level 1:colcon.colcon_core.environment:create_environment_scripts_only(turtlebot3_teleop)
[23.065s] INFO:colcon.colcon_core.shell:Creating package script '/shared/students/turtlebot3_ws/install/turtlebot3_teleop/share/turtlebot3_teleop/package.ps1'
[23.068s] INFO:colcon.colcon_core.shell:Creating package descriptor '/shared/students/turtlebot3_ws/install/turtlebot3_teleop/share/turtlebot3_teleop/package.dsv'
[23.071s] INFO:colcon.colcon_core.shell:Creating package script '/shared/students/turtlebot3_ws/install/turtlebot3_teleop/share/turtlebot3_teleop/package.sh'
[23.075s] INFO:colcon.colcon_core.shell:Creating package script '/shared/students/turtlebot3_ws/install/turtlebot3_teleop/share/turtlebot3_teleop/package.bash'
[23.077s] INFO:colcon.colcon_core.shell:Creating package script '/shared/students/turtlebot3_ws/install/turtlebot3_teleop/share/turtlebot3_teleop/package.zsh'
[23.080s] Level 1:colcon.colcon_core.environment:create_file_with_runtime_dependencies(/shared/students/turtlebot3_ws/install/turtlebot3_teleop/share/colcon-core/packages/turtlebot3_teleop)
[23.082s] INFO:colcon.colcon_ros.task.ament_cmake.build:Building ROS package in '/shared/students/turtlebot3_ws/src/turtlebot3/turtlebot3_bringup' with build type 'ament_cmake'
[23.083s] INFO:colcon.colcon_cmake.task.cmake.build:Building CMake package in '/shared/students/turtlebot3_ws/src/turtlebot3/turtlebot3_bringup'
[23.085s] INFO:colcon.colcon_core.shell:Skip shell extension 'powershell' for command environment: Not usable outside of PowerShell
[23.086s] DEBUG:colcon.colcon_core.shell:Skip shell extension 'dsv' for command environment
[23.160s] DEBUG:colcon.colcon_core.event_handler.log_command:Invoking command in '/shared/students/turtlebot3_ws/build/turtlebot3_bringup': AMENT_PREFIX_PATH=/shared/students/turtlebot3_ws/install/turtlebot3_node:/shared/students/turtlebot3_ws/install/turtlebot3_description:${AMENT_PREFIX_PATH} CMAKE_PREFIX_PATH=/shared/students/turtlebot3_ws/install/turtlebot3_node:/shared/students/turtlebot3_ws/install/turtlebot3_description:/opt/ros/jazzy/opt/gz_math_vendor:/opt/ros/jazzy/opt/gz_utils_vendor:/opt/ros/jazzy/opt/gz_cmake_vendor:/opt/ros/jazzy DEBUGINFOD_URLS=https://debuginfod.ubuntu.com /usr/bin/cmake --build /shared/students/turtlebot3_ws/build/turtlebot3_bringup -- -j4 -l4
[23.408s] DEBUG:colcon.colcon_core.event_handler.log_command:Invoked command in '/shared/students/turtlebot3_ws/build/turtlebot3_bringup' returned '0': AMENT_PREFIX_PATH=/shared/students/turtlebot3_ws/install/turtlebot3_node:/shared/students/turtlebot3_ws/install/turtlebot3_description:${AMENT_PREFIX_PATH} CMAKE_PREFIX_PATH=/shared/students/turtlebot3_ws/install/turtlebot3_node:/shared/students/turtlebot3_ws/install/turtlebot3_description:/opt/ros/jazzy/opt/gz_math_vendor:/opt/ros/jazzy/opt/gz_utils_vendor:/opt/ros/jazzy/opt/gz_cmake_vendor:/opt/ros/jazzy DEBUGINFOD_URLS=https://debuginfod.ubuntu.com /usr/bin/cmake --build /shared/students/turtlebot3_ws/build/turtlebot3_bringup -- -j4 -l4
[23.420s] DEBUG:colcon.colcon_core.event_handler.log_command:Invoking command in '/shared/students/turtlebot3_ws/build/turtlebot3_bringup': AMENT_PREFIX_PATH=/shared/students/turtlebot3_ws/install/turtlebot3_node:/shared/students/turtlebot3_ws/install/turtlebot3_description:${AMENT_PREFIX_PATH} CMAKE_PREFIX_PATH=/shared/students/turtlebot3_ws/install/turtlebot3_node:/shared/students/turtlebot3_ws/install/turtlebot3_description:/opt/ros/jazzy/opt/gz_math_vendor:/opt/ros/jazzy/opt/gz_utils_vendor:/opt/ros/jazzy/opt/gz_cmake_vendor:/opt/ros/jazzy DEBUGINFOD_URLS=https://debuginfod.ubuntu.com /usr/bin/cmake --install /shared/students/turtlebot3_ws/build/turtlebot3_bringup
[23.573s] Level 1:colcon.colcon_core.environment:create_environment_scripts_only(turtlebot3_bringup)
[23.574s] Level 1:colcon.colcon_core.environment:checking '/shared/students/turtlebot3_ws/install/turtlebot3_bringup' for CMake module files
[23.576s] DEBUG:colcon.colcon_core.event_handler.log_command:Invoked command in '/shared/students/turtlebot3_ws/build/turtlebot3_bringup' returned '0': AMENT_PREFIX_PATH=/shared/students/turtlebot3_ws/install/turtlebot3_node:/shared/students/turtlebot3_ws/install/turtlebot3_description:${AMENT_PREFIX_PATH} CMAKE_PREFIX_PATH=/shared/students/turtlebot3_ws/install/turtlebot3_node:/shared/students/turtlebot3_ws/install/turtlebot3_description:/opt/ros/jazzy/opt/gz_math_vendor:/opt/ros/jazzy/opt/gz_utils_vendor:/opt/ros/jazzy/opt/gz_cmake_vendor:/opt/ros/jazzy DEBUGINFOD_URLS=https://debuginfod.ubuntu.com /usr/bin/cmake --install /shared/students/turtlebot3_ws/build/turtlebot3_bringup
[23.579s] Level 1:colcon.colcon_core.environment:checking '/shared/students/turtlebot3_ws/install/turtlebot3_bringup' for CMake config files
[23.582s] Level 1:colcon.colcon_core.shell:create_environment_hook('turtlebot3_bringup', 'cmake_prefix_path')
[23.583s] INFO:colcon.colcon_core.shell:Creating environment hook '/shared/students/turtlebot3_ws/install/turtlebot3_bringup/share/turtlebot3_bringup/hook/cmake_prefix_path.ps1'
[23.585s] INFO:colcon.colcon_core.shell:Creating environment descriptor '/shared/students/turtlebot3_ws/install/turtlebot3_bringup/share/turtlebot3_bringup/hook/cmake_prefix_path.dsv'
[23.587s] INFO:colcon.colcon_core.shell:Creating environment hook '/shared/students/turtlebot3_ws/install/turtlebot3_bringup/share/turtlebot3_bringup/hook/cmake_prefix_path.sh'
[23.591s] Level 1:colcon.colcon_core.environment:checking '/shared/students/turtlebot3_ws/install/turtlebot3_bringup/bin'
[23.591s] Level 1:colcon.colcon_core.environment:checking '/shared/students/turtlebot3_ws/install/turtlebot3_bringup/lib/pkgconfig/turtlebot3_bringup.pc'
[23.592s] Level 1:colcon.colcon_core.environment:checking '/shared/students/turtlebot3_ws/install/turtlebot3_bringup/lib/python3.12/site-packages'
[23.593s] Level 1:colcon.colcon_core.environment:checking '/shared/students/turtlebot3_ws/install/turtlebot3_bringup/bin'
[23.595s] INFO:colcon.colcon_core.shell:Creating package script '/shared/students/turtlebot3_ws/install/turtlebot3_bringup/share/turtlebot3_bringup/package.ps1'
[23.597s] INFO:colcon.colcon_core.shell:Creating package descriptor '/shared/students/turtlebot3_ws/install/turtlebot3_bringup/share/turtlebot3_bringup/package.dsv'
[23.599s] INFO:colcon.colcon_core.shell:Creating package script '/shared/students/turtlebot3_ws/install/turtlebot3_bringup/share/turtlebot3_bringup/package.sh'
[23.601s] INFO:colcon.colcon_core.shell:Creating package script '/shared/students/turtlebot3_ws/install/turtlebot3_bringup/share/turtlebot3_bringup/package.bash'
[23.603s] INFO:colcon.colcon_core.shell:Creating package script '/shared/students/turtlebot3_ws/install/turtlebot3_bringup/share/turtlebot3_bringup/package.zsh'
[23.605s] Level 1:colcon.colcon_core.environment:create_file_with_runtime_dependencies(/shared/students/turtlebot3_ws/install/turtlebot3_bringup/share/colcon-core/packages/turtlebot3_bringup)
[23.608s] Level 1:colcon.colcon_core.environment:create_environment_scripts_only(turtlebot3_bringup)
[23.609s] Level 1:colcon.colcon_core.environment:checking '/shared/students/turtlebot3_ws/install/turtlebot3_bringup' for CMake module files
[23.613s] Level 1:colcon.colcon_core.environment:checking '/shared/students/turtlebot3_ws/install/turtlebot3_bringup' for CMake config files
[23.617s] Level 1:colcon.colcon_core.shell:create_environment_hook('turtlebot3_bringup', 'cmake_prefix_path')
[23.618s] INFO:colcon.colcon_core.shell:Creating environment hook '/shared/students/turtlebot3_ws/install/turtlebot3_bringup/share/turtlebot3_bringup/hook/cmake_prefix_path.ps1'
[23.624s] INFO:colcon.colcon_core.shell:Creating environment descriptor '/shared/students/turtlebot3_ws/install/turtlebot3_bringup/share/turtlebot3_bringup/hook/cmake_prefix_path.dsv'
[23.628s] INFO:colcon.colcon_core.shell:Creating environment hook '/shared/students/turtlebot3_ws/install/turtlebot3_bringup/share/turtlebot3_bringup/hook/cmake_prefix_path.sh'
[23.631s] Level 1:colcon.colcon_core.environment:checking '/shared/students/turtlebot3_ws/install/turtlebot3_bringup/bin'
[23.631s] Level 1:colcon.colcon_core.environment:checking '/shared/students/turtlebot3_ws/install/turtlebot3_bringup/lib/pkgconfig/turtlebot3_bringup.pc'
[23.632s] Level 1:colcon.colcon_core.environment:checking '/shared/students/turtlebot3_ws/install/turtlebot3_bringup/lib/python3.12/site-packages'
[23.633s] Level 1:colcon.colcon_core.environment:checking '/shared/students/turtlebot3_ws/install/turtlebot3_bringup/bin'
[23.634s] INFO:colcon.colcon_core.shell:Creating package script '/shared/students/turtlebot3_ws/install/turtlebot3_bringup/share/turtlebot3_bringup/package.ps1'
[23.637s] INFO:colcon.colcon_core.shell:Creating package descriptor '/shared/students/turtlebot3_ws/install/turtlebot3_bringup/share/turtlebot3_bringup/package.dsv'
[23.640s] INFO:colcon.colcon_core.shell:Creating package script '/shared/students/turtlebot3_ws/install/turtlebot3_bringup/share/turtlebot3_bringup/package.sh'
[23.642s] INFO:colcon.colcon_core.shell:Creating package script '/shared/students/turtlebot3_ws/install/turtlebot3_bringup/share/turtlebot3_bringup/package.bash'
[23.645s] INFO:colcon.colcon_core.shell:Creating package script '/shared/students/turtlebot3_ws/install/turtlebot3_bringup/share/turtlebot3_bringup/package.zsh'
[23.647s] Level 1:colcon.colcon_core.environment:create_file_with_runtime_dependencies(/shared/students/turtlebot3_ws/install/turtlebot3_bringup/share/colcon-core/packages/turtlebot3_bringup)
[23.650s] INFO:colcon.colcon_ros.task.ament_cmake.build:Building ROS package in '/shared/students/turtlebot3_ws/src/ld08_driver' with build type 'ament_cmake'
[23.651s] INFO:colcon.colcon_cmake.task.cmake.build:Building CMake package in '/shared/students/turtlebot3_ws/src/ld08_driver'
[23.652s] INFO:colcon.colcon_core.shell:Skip shell extension 'powershell' for command environment: Not usable outside of PowerShell
[23.653s] DEBUG:colcon.colcon_core.shell:Skip shell extension 'dsv' for command environment
[23.715s] DEBUG:colcon.colcon_core.event_handler.log_command:Invoking command in '/shared/students/turtlebot3_ws/build/ld08_driver': CMAKE_PREFIX_PATH=${CMAKE_PREFIX_PATH}:/opt/ros/jazzy DEBUGINFOD_URLS=https://debuginfod.ubuntu.com /usr/bin/cmake --build /shared/students/turtlebot3_ws/build/ld08_driver -- -j4 -l4
[24.235s] DEBUG:colcon.colcon_core.event_handler.log_command:Invoked command in '/shared/students/turtlebot3_ws/build/ld08_driver' returned '0': CMAKE_PREFIX_PATH=${CMAKE_PREFIX_PATH}:/opt/ros/jazzy DEBUGINFOD_URLS=https://debuginfod.ubuntu.com /usr/bin/cmake --build /shared/students/turtlebot3_ws/build/ld08_driver -- -j4 -l4
[24.243s] DEBUG:colcon.colcon_core.event_handler.log_command:Invoking command in '/shared/students/turtlebot3_ws/build/ld08_driver': CMAKE_PREFIX_PATH=${CMAKE_PREFIX_PATH}:/opt/ros/jazzy DEBUGINFOD_URLS=https://debuginfod.ubuntu.com /usr/bin/cmake --install /shared/students/turtlebot3_ws/build/ld08_driver
[24.389s] Level 1:colcon.colcon_core.environment:create_environment_scripts_only(ld08_driver)
[24.390s] Level 1:colcon.colcon_core.environment:checking '/shared/students/turtlebot3_ws/install/ld08_driver' for CMake module files
[24.393s] DEBUG:colcon.colcon_core.event_handler.log_command:Invoked command in '/shared/students/turtlebot3_ws/build/ld08_driver' returned '0': CMAKE_PREFIX_PATH=${CMAKE_PREFIX_PATH}:/opt/ros/jazzy DEBUGINFOD_URLS=https://debuginfod.ubuntu.com /usr/bin/cmake --install /shared/students/turtlebot3_ws/build/ld08_driver
[24.396s] Level 1:colcon.colcon_core.environment:checking '/shared/students/turtlebot3_ws/install/ld08_driver' for CMake config files
[24.400s] Level 1:colcon.colcon_core.shell:create_environment_hook('ld08_driver', 'cmake_prefix_path')
[24.401s] INFO:colcon.colcon_core.shell:Creating environment hook '/shared/students/turtlebot3_ws/install/ld08_driver/share/ld08_driver/hook/cmake_prefix_path.ps1'
[24.404s] INFO:colcon.colcon_core.shell:Creating environment descriptor '/shared/students/turtlebot3_ws/install/ld08_driver/share/ld08_driver/hook/cmake_prefix_path.dsv'
[24.436s] INFO:colcon.colcon_core.shell:Creating environment hook '/shared/students/turtlebot3_ws/install/ld08_driver/share/ld08_driver/hook/cmake_prefix_path.sh'
[24.443s] Level 1:colcon.colcon_core.environment:checking '/shared/students/turtlebot3_ws/install/ld08_driver/lib'
[24.445s] Level 1:colcon.colcon_core.environment:checking '/shared/students/turtlebot3_ws/install/ld08_driver/bin'
[24.446s] Level 1:colcon.colcon_core.environment:checking '/shared/students/turtlebot3_ws/install/ld08_driver/lib/pkgconfig/ld08_driver.pc'
[24.447s] Level 1:colcon.colcon_core.environment:checking '/shared/students/turtlebot3_ws/install/ld08_driver/lib/python3.12/site-packages'
[24.448s] Level 1:colcon.colcon_core.environment:checking '/shared/students/turtlebot3_ws/install/ld08_driver/bin'
[24.450s] INFO:colcon.colcon_core.shell:Creating package script '/shared/students/turtlebot3_ws/install/ld08_driver/share/ld08_driver/package.ps1'
[24.453s] INFO:colcon.colcon_core.shell:Creating package descriptor '/shared/students/turtlebot3_ws/install/ld08_driver/share/ld08_driver/package.dsv'
[24.455s] INFO:colcon.colcon_core.shell:Creating package script '/shared/students/turtlebot3_ws/install/ld08_driver/share/ld08_driver/package.sh'
[24.478s] INFO:colcon.colcon_core.shell:Creating package script '/shared/students/turtlebot3_ws/install/ld08_driver/share/ld08_driver/package.bash'
[24.483s] INFO:colcon.colcon_core.shell:Creating package script '/shared/students/turtlebot3_ws/install/ld08_driver/share/ld08_driver/package.zsh'
[24.486s] Level 1:colcon.colcon_core.environment:create_file_with_runtime_dependencies(/shared/students/turtlebot3_ws/install/ld08_driver/share/colcon-core/packages/ld08_driver)
[24.496s] Level 1:colcon.colcon_core.environment:create_environment_scripts_only(ld08_driver)
[24.497s] Level 1:colcon.colcon_core.environment:checking '/shared/students/turtlebot3_ws/install/ld08_driver' for CMake module files
[24.502s] Level 1:colcon.colcon_core.environment:checking '/shared/students/turtlebot3_ws/install/ld08_driver' for CMake config files
[24.506s] Level 1:colcon.colcon_core.shell:create_environment_hook('ld08_driver', 'cmake_prefix_path')
[24.507s] INFO:colcon.colcon_core.shell:Creating environment hook '/shared/students/turtlebot3_ws/install/ld08_driver/share/ld08_driver/hook/cmake_prefix_path.ps1'
[24.510s] INFO:colcon.colcon_core.shell:Creating environment descriptor '/shared/students/turtlebot3_ws/install/ld08_driver/share/ld08_driver/hook/cmake_prefix_path.dsv'
[24.513s] INFO:colcon.colcon_core.shell:Creating environment hook '/shared/students/turtlebot3_ws/install/ld08_driver/share/ld08_driver/hook/cmake_prefix_path.sh'
[24.518s] Level 1:colcon.colcon_core.environment:checking '/shared/students/turtlebot3_ws/install/ld08_driver/lib'
[24.519s] Level 1:colcon.colcon_core.environment:checking '/shared/students/turtlebot3_ws/install/ld08_driver/bin'
[24.519s] Level 1:colcon.colcon_core.environment:checking '/shared/students/turtlebot3_ws/install/ld08_driver/lib/pkgconfig/ld08_driver.pc'
[24.521s] Level 1:colcon.colcon_core.environment:checking '/shared/students/turtlebot3_ws/install/ld08_driver/lib/python3.12/site-packages'
[24.523s] Level 1:colcon.colcon_core.environment:checking '/shared/students/turtlebot3_ws/install/ld08_driver/bin'
[24.525s] INFO:colcon.colcon_core.shell:Creating package script '/shared/students/turtlebot3_ws/install/ld08_driver/share/ld08_driver/package.ps1'
[24.529s] INFO:colcon.colcon_core.shell:Creating package descriptor '/shared/students/turtlebot3_ws/install/ld08_driver/share/ld08_driver/package.dsv'
[24.534s] INFO:colcon.colcon_core.shell:Creating package script '/shared/students/turtlebot3_ws/install/ld08_driver/share/ld08_driver/package.sh'
[24.539s] INFO:colcon.colcon_core.shell:Creating package script '/shared/students/turtlebot3_ws/install/ld08_driver/share/ld08_driver/package.bash'
[24.543s] INFO:colcon.colcon_core.shell:Creating package script '/shared/students/turtlebot3_ws/install/ld08_driver/share/ld08_driver/package.zsh'
[24.546s] Level 1:colcon.colcon_core.environment:create_file_with_runtime_dependencies(/shared/students/turtlebot3_ws/install/ld08_driver/share/colcon-core/packages/ld08_driver)
[24.548s] INFO:colcon.colcon_ros.task.ament_cmake.build:Building ROS package in '/shared/students/turtlebot3_ws/src/turtlebot3/turtlebot3' with build type 'ament_cmake'
[24.548s] INFO:colcon.colcon_cmake.task.cmake.build:Building CMake package in '/shared/students/turtlebot3_ws/src/turtlebot3/turtlebot3'
[24.550s] INFO:colcon.colcon_core.shell:Skip shell extension 'powershell' for command environment: Not usable outside of PowerShell
[24.554s] DEBUG:colcon.colcon_core.shell:Skip shell extension 'dsv' for command environment
[24.647s] DEBUG:colcon.colcon_core.event_handler.log_command:Invoking command in '/shared/students/turtlebot3_ws/build/turtlebot3': AMENT_PREFIX_PATH=/shared/students/turtlebot3_ws/install/turtlebot3_bringup:/shared/students/turtlebot3_ws/install/turtlebot3_teleop:/shared/students/turtlebot3_ws/install/turtlebot3_node:/shared/students/turtlebot3_ws/install/turtlebot3_example:/shared/students/turtlebot3_ws/install/turtlebot3_description:${AMENT_PREFIX_PATH} CMAKE_PREFIX_PATH=/shared/students/turtlebot3_ws/install/turtlebot3_bringup:/shared/students/turtlebot3_ws/install/turtlebot3_node:/shared/students/turtlebot3_ws/install/turtlebot3_description:/opt/ros/jazzy/opt/gz_math_vendor:/opt/ros/jazzy/opt/gz_utils_vendor:/opt/ros/jazzy/opt/gz_cmake_vendor:/opt/ros/jazzy DEBUGINFOD_URLS=https://debuginfod.ubuntu.com PYTHONPATH=/shared/students/turtlebot3_ws/build/turtlebot3_teleop:/shared/students/turtlebot3_ws/install/turtlebot3_teleop/lib/python3.12/site-packages:/shared/students/turtlebot3_ws/build/turtlebot3_example:/shared/students/turtlebot3_ws/install/turtlebot3_example/lib/python3.12/site-packages:${PYTHONPATH} /usr/bin/cmake --build /shared/students/turtlebot3_ws/build/turtlebot3 -- -j4 -l4
[24.893s] DEBUG:colcon.colcon_core.event_handler.log_command:Invoked command in '/shared/students/turtlebot3_ws/build/turtlebot3' returned '0': AMENT_PREFIX_PATH=/shared/students/turtlebot3_ws/install/turtlebot3_bringup:/shared/students/turtlebot3_ws/install/turtlebot3_teleop:/shared/students/turtlebot3_ws/install/turtlebot3_node:/shared/students/turtlebot3_ws/install/turtlebot3_example:/shared/students/turtlebot3_ws/install/turtlebot3_description:${AMENT_PREFIX_PATH} CMAKE_PREFIX_PATH=/shared/students/turtlebot3_ws/install/turtlebot3_bringup:/shared/students/turtlebot3_ws/install/turtlebot3_node:/shared/students/turtlebot3_ws/install/turtlebot3_description:/opt/ros/jazzy/opt/gz_math_vendor:/opt/ros/jazzy/opt/gz_utils_vendor:/opt/ros/jazzy/opt/gz_cmake_vendor:/opt/ros/jazzy DEBUGINFOD_URLS=https://debuginfod.ubuntu.com PYTHONPATH=/shared/students/turtlebot3_ws/build/turtlebot3_teleop:/shared/students/turtlebot3_ws/install/turtlebot3_teleop/lib/python3.12/site-packages:/shared/students/turtlebot3_ws/build/turtlebot3_example:/shared/students/turtlebot3_ws/install/turtlebot3_example/lib/python3.12/site-packages:${PYTHONPATH} /usr/bin/cmake --build /shared/students/turtlebot3_ws/build/turtlebot3 -- -j4 -l4
[24.903s] DEBUG:colcon.colcon_core.event_handler.log_command:Invoking command in '/shared/students/turtlebot3_ws/build/turtlebot3': AMENT_PREFIX_PATH=/shared/students/turtlebot3_ws/install/turtlebot3_bringup:/shared/students/turtlebot3_ws/install/turtlebot3_teleop:/shared/students/turtlebot3_ws/install/turtlebot3_node:/shared/students/turtlebot3_ws/install/turtlebot3_example:/shared/students/turtlebot3_ws/install/turtlebot3_description:${AMENT_PREFIX_PATH} CMAKE_PREFIX_PATH=/shared/students/turtlebot3_ws/install/turtlebot3_bringup:/shared/students/turtlebot3_ws/install/turtlebot3_node:/shared/students/turtlebot3_ws/install/turtlebot3_description:/opt/ros/jazzy/opt/gz_math_vendor:/opt/ros/jazzy/opt/gz_utils_vendor:/opt/ros/jazzy/opt/gz_cmake_vendor:/opt/ros/jazzy DEBUGINFOD_URLS=https://debuginfod.ubuntu.com PYTHONPATH=/shared/students/turtlebot3_ws/build/turtlebot3_teleop:/shared/students/turtlebot3_ws/install/turtlebot3_teleop/lib/python3.12/site-packages:/shared/students/turtlebot3_ws/build/turtlebot3_example:/shared/students/turtlebot3_ws/install/turtlebot3_example/lib/python3.12/site-packages:${PYTHONPATH} /usr/bin/cmake --install /shared/students/turtlebot3_ws/build/turtlebot3
[25.047s] Level 1:colcon.colcon_core.environment:create_environment_scripts_only(turtlebot3)
[25.048s] Level 1:colcon.colcon_core.environment:checking '/shared/students/turtlebot3_ws/install/turtlebot3' for CMake module files
[25.050s] DEBUG:colcon.colcon_core.event_handler.log_command:Invoked command in '/shared/students/turtlebot3_ws/build/turtlebot3' returned '0': AMENT_PREFIX_PATH=/shared/students/turtlebot3_ws/install/turtlebot3_bringup:/shared/students/turtlebot3_ws/install/turtlebot3_teleop:/shared/students/turtlebot3_ws/install/turtlebot3_node:/shared/students/turtlebot3_ws/install/turtlebot3_example:/shared/students/turtlebot3_ws/install/turtlebot3_description:${AMENT_PREFIX_PATH} CMAKE_PREFIX_PATH=/shared/students/turtlebot3_ws/install/turtlebot3_bringup:/shared/students/turtlebot3_ws/install/turtlebot3_node:/shared/students/turtlebot3_ws/install/turtlebot3_description:/opt/ros/jazzy/opt/gz_math_vendor:/opt/ros/jazzy/opt/gz_utils_vendor:/opt/ros/jazzy/opt/gz_cmake_vendor:/opt/ros/jazzy DEBUGINFOD_URLS=https://debuginfod.ubuntu.com PYTHONPATH=/shared/students/turtlebot3_ws/build/turtlebot3_teleop:/shared/students/turtlebot3_ws/install/turtlebot3_teleop/lib/python3.12/site-packages:/shared/students/turtlebot3_ws/build/turtlebot3_example:/shared/students/turtlebot3_ws/install/turtlebot3_example/lib/python3.12/site-packages:${PYTHONPATH} /usr/bin/cmake --install /shared/students/turtlebot3_ws/build/turtlebot3
[25.054s] Level 1:colcon.colcon_core.environment:checking '/shared/students/turtlebot3_ws/install/turtlebot3' for CMake config files
[25.057s] Level 1:colcon.colcon_core.shell:create_environment_hook('turtlebot3', 'cmake_prefix_path')
[25.058s] INFO:colcon.colcon_core.shell:Creating environment hook '/shared/students/turtlebot3_ws/install/turtlebot3/share/turtlebot3/hook/cmake_prefix_path.ps1'
[25.060s] INFO:colcon.colcon_core.shell:Creating environment descriptor '/shared/students/turtlebot3_ws/install/turtlebot3/share/turtlebot3/hook/cmake_prefix_path.dsv'
[25.063s] INFO:colcon.colcon_core.shell:Creating environment hook '/shared/students/turtlebot3_ws/install/turtlebot3/share/turtlebot3/hook/cmake_prefix_path.sh'
[25.066s] Level 1:colcon.colcon_core.environment:checking '/shared/students/turtlebot3_ws/install/turtlebot3/bin'
[25.066s] Level 1:colcon.colcon_core.environment:checking '/shared/students/turtlebot3_ws/install/turtlebot3/lib/pkgconfig/turtlebot3.pc'
[25.067s] Level 1:colcon.colcon_core.environment:checking '/shared/students/turtlebot3_ws/install/turtlebot3/lib/python3.12/site-packages'
[25.068s] Level 1:colcon.colcon_core.environment:checking '/shared/students/turtlebot3_ws/install/turtlebot3/bin'
[25.069s] INFO:colcon.colcon_core.shell:Creating package script '/shared/students/turtlebot3_ws/install/turtlebot3/share/turtlebot3/package.ps1'
[25.072s] INFO:colcon.colcon_core.shell:Creating package descriptor '/shared/students/turtlebot3_ws/install/turtlebot3/share/turtlebot3/package.dsv'
[25.074s] INFO:colcon.colcon_core.shell:Creating package script '/shared/students/turtlebot3_ws/install/turtlebot3/share/turtlebot3/package.sh'
[25.076s] INFO:colcon.colcon_core.shell:Creating package script '/shared/students/turtlebot3_ws/install/turtlebot3/share/turtlebot3/package.bash'
[25.078s] INFO:colcon.colcon_core.shell:Creating package script '/shared/students/turtlebot3_ws/install/turtlebot3/share/turtlebot3/package.zsh'
[25.080s] Level 1:colcon.colcon_core.environment:create_file_with_runtime_dependencies(/shared/students/turtlebot3_ws/install/turtlebot3/share/colcon-core/packages/turtlebot3)
[25.083s] Level 1:colcon.colcon_core.environment:create_environment_scripts_only(turtlebot3)
[25.084s] Level 1:colcon.colcon_core.environment:checking '/shared/students/turtlebot3_ws/install/turtlebot3' for CMake module files
[25.087s] Level 1:colcon.colcon_core.environment:checking '/shared/students/turtlebot3_ws/install/turtlebot3' for CMake config files
[25.089s] Level 1:colcon.colcon_core.shell:create_environment_hook('turtlebot3', 'cmake_prefix_path')
[25.090s] INFO:colcon.colcon_core.shell:Creating environment hook '/shared/students/turtlebot3_ws/install/turtlebot3/share/turtlebot3/hook/cmake_prefix_path.ps1'
[25.092s] INFO:colcon.colcon_core.shell:Creating environment descriptor '/shared/students/turtlebot3_ws/install/turtlebot3/share/turtlebot3/hook/cmake_prefix_path.dsv'
[25.094s] INFO:colcon.colcon_core.shell:Creating environment hook '/shared/students/turtlebot3_ws/install/turtlebot3/share/turtlebot3/hook/cmake_prefix_path.sh'
[25.097s] Level 1:colcon.colcon_core.environment:checking '/shared/students/turtlebot3_ws/install/turtlebot3/bin'
[25.098s] Level 1:colcon.colcon_core.environment:checking '/shared/students/turtlebot3_ws/install/turtlebot3/lib/pkgconfig/turtlebot3.pc'
[25.098s] Level 1:colcon.colcon_core.environment:checking '/shared/students/turtlebot3_ws/install/turtlebot3/lib/python3.12/site-packages'
[25.100s] Level 1:colcon.colcon_core.environment:checking '/shared/students/turtlebot3_ws/install/turtlebot3/bin'
[25.101s] INFO:colcon.colcon_core.shell:Creating package script '/shared/students/turtlebot3_ws/install/turtlebot3/share/turtlebot3/package.ps1'
[25.103s] INFO:colcon.colcon_core.shell:Creating package descriptor '/shared/students/turtlebot3_ws/install/turtlebot3/share/turtlebot3/package.dsv'
[25.106s] INFO:colcon.colcon_core.shell:Creating package script '/shared/students/turtlebot3_ws/install/turtlebot3/share/turtlebot3/package.sh'
[25.108s] INFO:colcon.colcon_core.shell:Creating package script '/shared/students/turtlebot3_ws/install/turtlebot3/share/turtlebot3/package.bash'
[25.111s] INFO:colcon.colcon_core.shell:Creating package script '/shared/students/turtlebot3_ws/install/turtlebot3/share/turtlebot3/package.zsh'
[25.113s] Level 1:colcon.colcon_core.environment:create_file_with_runtime_dependencies(/shared/students/turtlebot3_ws/install/turtlebot3/share/colcon-core/packages/turtlebot3)
[25.115s] DEBUG:colcon.colcon_parallel_executor.executor.parallel:closing loop
[25.116s] DEBUG:colcon.colcon_parallel_executor.executor.parallel:loop closed
[25.117s] DEBUG:colcon.colcon_parallel_executor.executor.parallel:run_until_complete finished with '0'
[25.117s] DEBUG:colcon.colcon_core.event_reactor:joining thread
[25.160s] INFO:colcon.colcon_core.plugin_system:Skipping extension 'colcon_notification.desktop_notification.terminal_notifier': Not used on non-Darwin systems
[25.160s] INFO:colcon.colcon_core.plugin_system:Skipping extension 'colcon_notification.desktop_notification.win32': Not used on non-Windows systems
[25.160s] INFO:colcon.colcon_notification.desktop_notification:Sending desktop notification using 'notify2'
[25.254s] DEBUG:colcon.colcon_core.event_reactor:joined thread
[25.256s] INFO:colcon.colcon_core.shell:Creating prefix script '/shared/students/turtlebot3_ws/install/local_setup.ps1'
[25.261s] INFO:colcon.colcon_core.shell:Creating prefix util module '/shared/students/turtlebot3_ws/install/_local_setup_util_ps1.py'
[25.268s] INFO:colcon.colcon_core.shell:Creating prefix chain script '/shared/students/turtlebot3_ws/install/setup.ps1'
[25.275s] INFO:colcon.colcon_core.shell:Creating prefix script '/shared/students/turtlebot3_ws/install/local_setup.sh'
[25.279s] INFO:colcon.colcon_core.shell:Creating prefix util module '/shared/students/turtlebot3_ws/install/_local_setup_util_sh.py'
[25.284s] INFO:colcon.colcon_core.shell:Creating prefix chain script '/shared/students/turtlebot3_ws/install/setup.sh'
[25.289s] INFO:colcon.colcon_core.shell:Creating prefix script '/shared/students/turtlebot3_ws/install/local_setup.bash'
[25.293s] INFO:colcon.colcon_core.shell:Creating prefix chain script '/shared/students/turtlebot3_ws/install/setup.bash'
[25.299s] INFO:colcon.colcon_core.shell:Creating prefix script '/shared/students/turtlebot3_ws/install/local_setup.zsh'
[25.304s] INFO:colcon.colcon_core.shell:Creating prefix chain script '/shared/students/turtlebot3_ws/install/setup.zsh'
