[0.052s] Invoking command in '/shared/students/turtlebot3_ws/build/turtlebot3_node': CMAKE_PREFIX_PATH=${CMAKE_PREFIX_PATH}:/opt/ros/jazzy DEBUGINFOD_URLS=https://debuginfod.ubuntu.com /usr/bin/cmake --build /shared/students/turtlebot3_ws/build/turtlebot3_node -- -j4 -l4
[0.680s] [ 85%] Built target turtlebot3_node_lib
[0.886s] [100%] Built target turtlebot3_ros
[0.958s] Invoked command in '/shared/students/turtlebot3_ws/build/turtlebot3_node' returned '0': CMAKE_PREFIX_PATH=${CMAKE_PREFIX_PATH}:/opt/ros/jazzy DEBUGINFOD_URLS=https://debuginfod.ubuntu.com /usr/bin/cmake --build /shared/students/turtlebot3_ws/build/turtlebot3_node -- -j4 -l4
[0.966s] Invoking command in '/shared/students/turtlebot3_ws/build/turtlebot3_node': CMAKE_PREFIX_PATH=${CMAKE_PREFIX_PATH}:/opt/ros/jazzy DEBUGINFOD_URLS=https://debuginfod.ubuntu.com /usr/bin/cmake --install /shared/students/turtlebot3_ws/build/turtlebot3_node
[1.021s] -- Install configuration: ""
[1.023s] -- Execute custom install script
[1.026s] -- Up-to-date symlink: /shared/students/turtlebot3_ws/install/turtlebot3_node/share/turtlebot3_node/param/burger.yaml
[1.027s] -- Up-to-date symlink: /shared/students/turtlebot3_ws/install/turtlebot3_node/share/turtlebot3_node/param/waffle.yaml
[1.028s] -- Up-to-date symlink: /shared/students/turtlebot3_ws/install/turtlebot3_node/share/turtlebot3_node/param/waffle_pi.yaml
[1.030s] -- Up-to-date symlink: /shared/students/turtlebot3_ws/install/turtlebot3_node/lib/turtlebot3_node/turtlebot3_ros
[1.031s] -- Up-to-date symlink: /shared/students/turtlebot3_ws/install/turtlebot3_node/share/ament_index/resource_index/package_run_dependencies/turtlebot3_node
[1.033s] -- Up-to-date symlink: /shared/students/turtlebot3_ws/install/turtlebot3_node/share/ament_index/resource_index/parent_prefix_path/turtlebot3_node
[1.034s] -- Up-to-date symlink: /shared/students/turtlebot3_ws/install/turtlebot3_node/share/turtlebot3_node/environment/ament_prefix_path.sh
[1.035s] -- Up-to-date symlink: /shared/students/turtlebot3_ws/install/turtlebot3_node/share/turtlebot3_node/environment/ament_prefix_path.dsv
[1.037s] -- Up-to-date symlink: /shared/students/turtlebot3_ws/install/turtlebot3_node/share/turtlebot3_node/environment/path.sh
[1.038s] -- Up-to-date symlink: /shared/students/turtlebot3_ws/install/turtlebot3_node/share/turtlebot3_node/environment/path.dsv
[1.039s] -- Up-to-date symlink: /shared/students/turtlebot3_ws/install/turtlebot3_node/share/turtlebot3_node/local_setup.bash
[1.040s] -- Up-to-date symlink: /shared/students/turtlebot3_ws/install/turtlebot3_node/share/turtlebot3_node/local_setup.sh
[1.042s] -- Up-to-date symlink: /shared/students/turtlebot3_ws/install/turtlebot3_node/share/turtlebot3_node/local_setup.zsh
[1.043s] -- Up-to-date symlink: /shared/students/turtlebot3_ws/install/turtlebot3_node/share/turtlebot3_node/local_setup.dsv
[1.044s] -- Symlinking: /shared/students/turtlebot3_ws/install/turtlebot3_node/share/turtlebot3_node/package.dsv
[1.100s] -- Up-to-date symlink: /shared/students/turtlebot3_ws/install/turtlebot3_node/share/ament_index/resource_index/packages/turtlebot3_node
[1.101s] -- Up-to-date symlink: /shared/students/turtlebot3_ws/install/turtlebot3_node/share/turtlebot3_node/cmake/ament_cmake_export_include_directories-extras.cmake
[1.103s] -- Up-to-date symlink: /shared/students/turtlebot3_ws/install/turtlebot3_node/share/turtlebot3_node/cmake/turtlebot3_nodeConfig.cmake
[1.104s] -- Up-to-date symlink: /shared/students/turtlebot3_ws/install/turtlebot3_node/share/turtlebot3_node/cmake/turtlebot3_nodeConfig-version.cmake
[1.105s] -- Up-to-date symlink: /shared/students/turtlebot3_ws/install/turtlebot3_node/share/turtlebot3_node/package.xml
[1.118s] Invoked command in '/shared/students/turtlebot3_ws/build/turtlebot3_node' returned '0': CMAKE_PREFIX_PATH=${CMAKE_PREFIX_PATH}:/opt/ros/jazzy DEBUGINFOD_URLS=https://debuginfod.ubuntu.com /usr/bin/cmake --install /shared/students/turtlebot3_ws/build/turtlebot3_node
