[4.646s] Invoking command in '/shared/students/turtlebot3_ws/src/ultrasonic': DEBUGINFOD_URLS=https://debuginfod.ubuntu.com PYTHONPATH=/shared/students/turtlebot3_ws/src/build/ultrasonic/prefix_override:/usr/lib/python3/dist-packages/colcon_core/task/python/colcon_distutils_commands:/shared/students/turtlebot3_ws/src/install/ultrasonic/lib/python3.12/site-packages:${PYTHONPATH} /usr/bin/python3 -W ignore:setup.py install is deprecated -W ignore:easy_install command is deprecated setup.py egg_info --egg-base ../build/ultrasonic build --build-base /shared/students/turtlebot3_ws/src/build/ultrasonic/build install --record /shared/students/turtlebot3_ws/src/build/ultrasonic/install.log --single-version-externally-managed install_data
[6.230s] running egg_info
[6.343s] writing ../build/ultrasonic/ultrasonic.egg-info/PKG-INFO
[6.344s] writing dependency_links to ../build/ultrasonic/ultrasonic.egg-info/dependency_links.txt
[6.346s] writing entry points to ../build/ultrasonic/ultrasonic.egg-info/entry_points.txt
[6.347s] writing requirements to ../build/ultrasonic/ultrasonic.egg-info/requires.txt
[6.348s] writing top-level names to ../build/ultrasonic/ultrasonic.egg-info/top_level.txt
[6.575s] reading manifest file '../build/ultrasonic/ultrasonic.egg-info/SOURCES.txt'
[6.579s] writing manifest file '../build/ultrasonic/ultrasonic.egg-info/SOURCES.txt'
[6.580s] running build
[6.580s] running build_py
[6.581s] copying ultrasonic/ultrasonic_publisher.py -> /shared/students/turtlebot3_ws/src/build/ultrasonic/build/lib/ultrasonic
[6.583s] copying ultrasonic/ultrasonic_subscriber.py -> /shared/students/turtlebot3_ws/src/build/ultrasonic/build/lib/ultrasonic
[6.584s] running install
[6.614s] running install_lib
[6.730s] copying /shared/students/turtlebot3_ws/src/build/ultrasonic/build/lib/ultrasonic/ultrasonic_publisher.py -> /shared/students/turtlebot3_ws/src/install/ultrasonic/lib/python3.12/site-packages/ultrasonic
[6.731s] copying /shared/students/turtlebot3_ws/src/build/ultrasonic/build/lib/ultrasonic/ultrasonic_subscriber.py -> /shared/students/turtlebot3_ws/src/install/ultrasonic/lib/python3.12/site-packages/ultrasonic
[6.735s] byte-compiling /shared/students/turtlebot3_ws/src/install/ultrasonic/lib/python3.12/site-packages/ultrasonic/ultrasonic_publisher.py to ultrasonic_publisher.cpython-312.pyc
[6.738s] byte-compiling /shared/students/turtlebot3_ws/src/install/ultrasonic/lib/python3.12/site-packages/ultrasonic/ultrasonic_subscriber.py to ultrasonic_subscriber.cpython-312.pyc
[6.741s] running install_data
[6.742s] running install_egg_info
[6.859s] removing '/shared/students/turtlebot3_ws/src/install/ultrasonic/lib/python3.12/site-packages/ultrasonic-0.0.0-py3.12.egg-info' (and everything under it)
[6.861s] Copying ../build/ultrasonic/ultrasonic.egg-info to /shared/students/turtlebot3_ws/src/install/ultrasonic/lib/python3.12/site-packages/ultrasonic-0.0.0-py3.12.egg-info
[6.868s] running install_scripts
[7.692s] Installing ultrasonic_publisher script to /shared/students/turtlebot3_ws/src/install/ultrasonic/lib/ultrasonic
[7.693s] Installing ultrasonic_subscriber script to /shared/students/turtlebot3_ws/src/install/ultrasonic/lib/ultrasonic
[7.695s] writing list of installed files to '/shared/students/turtlebot3_ws/src/build/ultrasonic/install.log'
[7.853s] Invoked command in '/shared/students/turtlebot3_ws/src/ultrasonic' returned '0': DEBUGINFOD_URLS=https://debuginfod.ubuntu.com PYTHONPATH=/shared/students/turtlebot3_ws/src/build/ultrasonic/prefix_override:/usr/lib/python3/dist-packages/colcon_core/task/python/colcon_distutils_commands:/shared/students/turtlebot3_ws/src/install/ultrasonic/lib/python3.12/site-packages:${PYTHONPATH} /usr/bin/python3 -W ignore:setup.py install is deprecated -W ignore:easy_install command is deprecated setup.py egg_info --egg-base ../build/ultrasonic build --build-base /shared/students/turtlebot3_ws/src/build/ultrasonic/build install --record /shared/students/turtlebot3_ws/src/build/ultrasonic/install.log --single-version-externally-managed install_data
