[0.047s] Invoking command in '/shared/students/turtlebot3_ws/build/ld08_driver': CMAKE_PREFIX_PATH=${CMAKE_PREFIX_PATH}:/opt/ros/jazzy DEBUGINFOD_URLS=https://debuginfod.ubuntu.com /usr/bin/cmake /shared/students/turtlebot3_ws/src/ld08_driver -DAMENT_CMAKE_SYMLINK_INSTALL=1 -DCMAKE_INSTALL_PREFIX=/shared/students/turtlebot3_ws/install/ld08_driver
[0.437s] -- The C compiler identification is GNU 13.3.0
[0.809s] -- The CXX compiler identification is GNU 13.3.0
[0.916s] -- Detecting C compiler ABI info
[1.529s] -- Detecting C compiler ABI info - done
[1.574s] -- Check for working C compiler: /usr/bin/cc - skipped
[1.578s] -- Detecting C compile features
[1.581s] -- Detecting C compile features - done
[1.642s] -- Detecting CXX compiler ABI info
[2.309s] -- Detecting CXX compiler ABI info - done
[2.357s] -- Check for working CXX compiler: /usr/bin/c++ - skipped
[2.359s] -- Detecting CXX compile features
[2.361s] -- Detecting CXX compile features - done
[2.391s] -- Found ament_cmake: 2.5.3 (/opt/ros/jazzy/share/ament_cmake/cmake)
[3.335s] -- Found Python3: /usr/bin/python3 (found version "3.12.3") found components: Interpreter 
[3.819s] -- Override CMake install command with custom implementation using symlinks instead of copying resources
[4.189s] -- Found rclcpp: 28.1.6 (/opt/ros/jazzy/share/rclcpp/cmake)
[4.598s] -- Found rosidl_generator_c: 4.6.5 (/opt/ros/jazzy/share/rosidl_generator_c/cmake)
[4.721s] -- Found rosidl_generator_cpp: 4.6.5 (/opt/ros/jazzy/share/rosidl_generator_cpp/cmake)
[4.859s] -- Using all available rosidl_typesupport_c: rosidl_typesupport_fastrtps_c;rosidl_typesupport_introspection_c
[5.014s] -- Using all available rosidl_typesupport_cpp: rosidl_typesupport_fastrtps_cpp;rosidl_typesupport_introspection_cpp
[5.583s] -- Found rmw_implementation_cmake: 7.3.1 (/opt/ros/jazzy/share/rmw_implementation_cmake/cmake)
[5.618s] -- Found rmw_fastrtps_cpp: 8.4.1 (/opt/ros/jazzy/share/rmw_fastrtps_cpp/cmake)
[6.231s] -- Found OpenSSL: /usr/lib/aarch64-linux-gnu/libcrypto.so (found version "3.0.13")  
[6.353s] -- Found FastRTPS: /opt/ros/jazzy/include (Required is at least version "2.13") 
[6.477s] -- Using RMW implementation 'rmw_fastrtps_cpp' as default
[6.972s] -- Found sensor_msgs: 5.3.5 (/opt/ros/jazzy/share/sensor_msgs/cmake)
[7.437s] -- Found Boost: /usr/lib/aarch64-linux-gnu/cmake/Boost-1.83.0/BoostConfig.cmake (found version "1.83.0") found components: system 
[7.482s] -- Found ament_lint_auto: 0.17.1 (/opt/ros/jazzy/share/ament_lint_auto/cmake)
[8.093s] -- Configuring done (8.0s)
[8.187s] -- Generating done (0.0s)
[8.207s] -- Build files have been written to: /shared/students/turtlebot3_ws/build/ld08_driver
[8.273s] Invoked command in '/shared/students/turtlebot3_ws/build/ld08_driver' returned '0': CMAKE_PREFIX_PATH=${CMAKE_PREFIX_PATH}:/opt/ros/jazzy DEBUGINFOD_URLS=https://debuginfod.ubuntu.com /usr/bin/cmake /shared/students/turtlebot3_ws/src/ld08_driver -DAMENT_CMAKE_SYMLINK_INSTALL=1 -DCMAKE_INSTALL_PREFIX=/shared/students/turtlebot3_ws/install/ld08_driver
[8.279s] Invoking command in '/shared/students/turtlebot3_ws/build/ld08_driver': CMAKE_PREFIX_PATH=${CMAKE_PREFIX_PATH}:/opt/ros/jazzy DEBUGINFOD_URLS=https://debuginfod.ubuntu.com /usr/bin/cmake --build /shared/students/turtlebot3_ws/build/ld08_driver -- -j4 -l4
[8.634s] [ 16%] [32mBuilding CXX object CMakeFiles/ld08_driver.dir/src/cmd_interface_linux.cpp.o[0m
[8.637s] [ 33%] [32mBuilding CXX object CMakeFiles/ld08_driver.dir/src/lipkg.cpp.o[0m
[9.719s] [ 50%] [32mBuilding CXX object CMakeFiles/ld08_driver.dir/src/slbf.cpp.o[0m
[10.848s] [ 66%] [32mBuilding CXX object CMakeFiles/ld08_driver.dir/src/main.cpp.o[0m
[46.010s] [ 83%] [32mBuilding CXX object CMakeFiles/ld08_driver.dir/src/transform.cpp.o[0m
[59.608s] [01m[K/shared/students/turtlebot3_ws/src/ld08_driver/src/transform.cpp:[m[K In constructor ‘[01m[KSlTransform::[01;32m[KSlTransform[m[K(LDVersion, bool)[m[K’:
[59.608s] [01m[K/shared/students/turtlebot3_ws/src/ld08_driver/src/transform.cpp:30:50:[m[K [01;35m[Kwarning: [m[Kunused parameter ‘[01m[Kto_right_hand[m[K’ [[01;35m[K]8;;https://gcc.gnu.org/onlinedocs/gcc/Warning-Options.html#index-Wunused-parameter-Wunused-parameter]8;;[m[K]
[59.609s]    30 | SlTransform::SlTransform(LDVersion version, [01;35m[Kbool to_right_hand[m[K)
[59.610s]       |                                             [01;35m[K~~~~~^~~~~~~~~~~~~[m[K
[63.528s] [100%] [32m[1mLinking CXX executable ld08_driver[0m
[64.974s] [100%] Built target ld08_driver
[65.042s] Invoked command in '/shared/students/turtlebot3_ws/build/ld08_driver' returned '0': CMAKE_PREFIX_PATH=${CMAKE_PREFIX_PATH}:/opt/ros/jazzy DEBUGINFOD_URLS=https://debuginfod.ubuntu.com /usr/bin/cmake --build /shared/students/turtlebot3_ws/build/ld08_driver -- -j4 -l4
[65.050s] Invoking command in '/shared/students/turtlebot3_ws/build/ld08_driver': CMAKE_PREFIX_PATH=${CMAKE_PREFIX_PATH}:/opt/ros/jazzy DEBUGINFOD_URLS=https://debuginfod.ubuntu.com /usr/bin/cmake --install /shared/students/turtlebot3_ws/build/ld08_driver
[65.109s] -- Install configuration: ""
[65.111s] -- Execute custom install script
[65.115s] -- Symlinking: /shared/students/turtlebot3_ws/install/ld08_driver/share/ld08_driver/launch/ld08.launch.py
[65.174s] -- Symlinking: /shared/students/turtlebot3_ws/install/ld08_driver/lib/ld08_driver/ld08_driver
[65.234s] -- Symlinking: /shared/students/turtlebot3_ws/install/ld08_driver/share/ament_index/resource_index/package_run_dependencies/ld08_driver
[65.295s] -- Symlinking: /shared/students/turtlebot3_ws/install/ld08_driver/share/ament_index/resource_index/parent_prefix_path/ld08_driver
[65.353s] -- Symlinking: /shared/students/turtlebot3_ws/install/ld08_driver/share/ld08_driver/environment/ament_prefix_path.sh
[65.415s] -- Symlinking: /shared/students/turtlebot3_ws/install/ld08_driver/share/ld08_driver/environment/ament_prefix_path.dsv
[65.477s] -- Symlinking: /shared/students/turtlebot3_ws/install/ld08_driver/share/ld08_driver/environment/path.sh
[65.536s] -- Symlinking: /shared/students/turtlebot3_ws/install/ld08_driver/share/ld08_driver/environment/path.dsv
[65.597s] -- Symlinking: /shared/students/turtlebot3_ws/install/ld08_driver/share/ld08_driver/local_setup.bash
[65.655s] -- Symlinking: /shared/students/turtlebot3_ws/install/ld08_driver/share/ld08_driver/local_setup.sh
[65.724s] -- Symlinking: /shared/students/turtlebot3_ws/install/ld08_driver/share/ld08_driver/local_setup.zsh
[65.787s] -- Symlinking: /shared/students/turtlebot3_ws/install/ld08_driver/share/ld08_driver/local_setup.dsv
[65.842s] -- Symlinking: /shared/students/turtlebot3_ws/install/ld08_driver/share/ld08_driver/package.dsv
[65.906s] -- Symlinking: /shared/students/turtlebot3_ws/install/ld08_driver/share/ament_index/resource_index/packages/ld08_driver
[65.974s] -- Symlinking: /shared/students/turtlebot3_ws/install/ld08_driver/share/ld08_driver/cmake/ament_cmake_export_dependencies-extras.cmake
[66.026s] -- Symlinking: /shared/students/turtlebot3_ws/install/ld08_driver/share/ld08_driver/cmake/ament_cmake_export_include_directories-extras.cmake
[66.091s] -- Symlinking: /shared/students/turtlebot3_ws/install/ld08_driver/share/ld08_driver/cmake/ld08_driverConfig.cmake
[66.149s] -- Symlinking: /shared/students/turtlebot3_ws/install/ld08_driver/share/ld08_driver/cmake/ld08_driverConfig-version.cmake
[66.209s] -- Symlinking: /shared/students/turtlebot3_ws/install/ld08_driver/share/ld08_driver/package.xml
[66.282s] Invoked command in '/shared/students/turtlebot3_ws/build/ld08_driver' returned '0': CMAKE_PREFIX_PATH=${CMAKE_PREFIX_PATH}:/opt/ros/jazzy DEBUGINFOD_URLS=https://debuginfod.ubuntu.com /usr/bin/cmake --install /shared/students/turtlebot3_ws/build/ld08_driver
